#
# There is insufficient memory for the Java Runtime Environment to continue.
# Native memory allocation (malloc) failed to allocate 281216 bytes for Chunk::new
# Possible reasons:
#   The system is out of physical RAM or swap space
#   The process is running with CompressedOops enabled, and the Java Heap may be blocking the growth of the native heap
# Possible solutions:
#   Reduce memory load on the system
#   Increase physical memory or swap space
#   Check if swap backing store is full
#   Decrease Java heap size (-Xmx/-Xms)
#   Decrease number of Java threads
#   Decrease Java thread stack sizes (-Xss)
#   Set larger code cache with -XX:ReservedCodeCacheSize=
#   JVM is running with Zero Based Compressed Oops mode in which the Java heap is
#     placed in the first 32GB address space. The Java Heap base address is the
#     maximum limit for the native heap growth. Please use -XX:HeapBaseMinAddress
#     to set the Java Heap base and to place the Java Heap above 32GB virtual address.
# This output file may be truncated or incomplete.
#
#  Out of Memory Error (arena.cpp:189), pid=1840, tid=12088
#
# JRE version: OpenJDK Runtime Environment (17.0.6) (build 17.0.6+0-b2043.56-10027231)
# Java VM: OpenJDK 64-Bit Server VM (17.0.6+0-b2043.56-10027231, mixed mode, tiered, compressed oops, compressed class ptrs, g1 gc, windows-amd64)
# No core dump will be written. Minidumps are not enabled by default on client versions of Windows
#

---------------  S U M M A R Y ------------

Command Line: --add-opens=java.base/java.util=ALL-UNNAMED --add-opens=java.base/java.lang=ALL-UNNAMED --add-opens=java.base/java.lang.invoke=ALL-UNNAMED --add-opens=java.prefs/java.util.prefs=ALL-UNNAMED --add-opens=java.base/java.nio.charset=ALL-UNNAMED --add-opens=java.base/java.net=ALL-UNNAMED --add-opens=java.base/java.util.concurrent.atomic=ALL-UNNAMED -Xmx4096m -Dfile.encoding=UTF-8 -Duser.country=BR -Duser.language=pt -Duser.variant org.gradle.launcher.daemon.bootstrap.GradleDaemon 8.0

Host: 11th Gen Intel(R) Core(TM) i5-1135G7 @ 2.40GHz, 8 cores, 7G,  Windows 10 , 64 bit Build 19041 (10.0.19041.3570)
Time: Fri Oct 27 21:39:45 2023 Hora oficial do Brasil elapsed time: 34.458437 seconds (0d 0h 0m 34s)

---------------  T H R E A D  ---------------

Current thread (0x000002673bc5dbd0):  JavaThread "C2 CompilerThread0" daemon [_thread_in_native, id=12088, stack(0x000000fcf6200000,0x000000fcf6300000)]


Current CompileTask:
C2:  34458 12314   !   4       java.util.concurrent.locks.AbstractQueuedSynchronizer::acquire (407 bytes)

Stack: [0x000000fcf6200000,0x000000fcf6300000]
Native frames: (J=compiled Java code, j=interpreted, Vv=VM code, C=native code)
V  [jvm.dll+0x683c9a]
V  [jvm.dll+0x8427a4]
V  [jvm.dll+0x843f9e]
V  [jvm.dll+0x844603]
V  [jvm.dll+0x249b75]
V  [jvm.dll+0xabcac]
V  [jvm.dll+0xac27c]
V  [jvm.dll+0x2b0eef]
V  [jvm.dll+0x58a267]
V  [jvm.dll+0x2243b2]
V  [jvm.dll+0x21dd02]
V  [jvm.dll+0x21b51b]
V  [jvm.dll+0x1a4fdd]
V  [jvm.dll+0x22b098]
V  [jvm.dll+0x229159]
V  [jvm.dll+0x7f81ec]
V  [jvm.dll+0x7f274a]
V  [jvm.dll+0x682ad5]
C  [ucrtbase.dll+0x21bb2]
C  [KERNEL32.DLL+0x17344]
C  [ntdll.dll+0x526b1]


---------------  P R O C E S S  ---------------

Threads class SMR info:
_java_thread_list=0x00000267408d3d20, length=136, elements={
0x000002671a9a9c90, 0x000002673b38b750, 0x000002673b38c210, 0x000002673bc4f3c0,
0x000002673bc4fd80, 0x000002673bc54660, 0x000002673bc54f20, 0x000002673bc5dbd0,
0x000002673bcbaf50, 0x000002673bcbfc60, 0x000002673be06b60, 0x000002673be07440,
0x000002673d111aa0, 0x000002673ca03060, 0x000002673cf5a780, 0x000002673c2ada90,
0x000002673c9d7d10, 0x000002673c9d81e0, 0x000002673c9d7840, 0x000002673c9d86b0,
0x000002673c9d51c0, 0x000002673c9d6500, 0x000002673c9d8b80, 0x000002673c9d69d0,
0x000002673c9d7370, 0x000002673c9d6030, 0x000002673c9d5690, 0x000002673c9d5b60,
0x000002673e600020, 0x000002673e6004f0, 0x000002673e601830, 0x000002673e603eb0,
0x000002673e6021d0, 0x000002673e604380, 0x000002673e5fece0, 0x000002673e603510,
0x000002673e604850, 0x000002673e604d20, 0x000002673e5ff1b0, 0x000002673e603040,
0x000002673e600e90, 0x000002673e6039e0, 0x000002673e5fd4d0, 0x000002673e5fd9a0,
0x000002673e5fe340, 0x000002674135e3f0, 0x000002674135b8a0, 0x000002674135aa30,
0x000002674135e8c0, 0x0000026741359220, 0x000002674135af00, 0x0000026741358880,
0x000002674135cbe0, 0x000002674135d580, 0x0000026741358d50, 0x00000267413583b0,
0x00000267413596f0, 0x0000026741357a10, 0x000002674135d0b0, 0x0000026741359bc0,
0x000002674135a090, 0x000002674135a560, 0x000002674135da50, 0x000002674135b3d0,
0x000002674135bd70, 0x000002674135c240, 0x000002674135c710, 0x000002674135df20,
0x0000026741357070, 0x0000026741357540, 0x0000026741357ee0, 0x000002673eafd360,
0x000002673eafeb70, 0x000002673eb00d20, 0x000002673eafc9c0, 0x000002673eb016c0,
0x000002673eb01b90, 0x000002673eb011f0, 0x000002673eb02060, 0x000002673eaff040,
0x000002673eaffeb0, 0x000002673eaff510, 0x000002673eb00380, 0x000002673eb02530,
0x000002673eb02ed0, 0x000002673eafd830, 0x000002673eb02a00, 0x000002673eb033a0,
0x000002673eafce90, 0x000002673eafc020, 0x000002673eaff9e0, 0x000002673eb03870,
0x000002673eafc4f0, 0x000002673eb00850, 0x000002673eafdd00, 0x000002673eafe1d0,
0x000002673eafe6a0, 0x0000026741974920, 0x000002674196e8e0, 0x000002674196fc20,
0x0000026741973ab0, 0x000002674196f750, 0x0000026741973110, 0x00000267419700f0,
0x0000026741974df0, 0x0000026741973f80, 0x0000026741970a90, 0x00000267419705c0,
0x00000267419752c0, 0x00000267419735e0, 0x000002674196da70, 0x0000026741970f60,
0x000002674196df40, 0x000002674196e410, 0x0000026741974450, 0x000002674196edb0,
0x0000026741971430, 0x000002674196f280, 0x0000026741971900, 0x0000026741972770,
0x0000026741971dd0, 0x00000267419722a0, 0x0000026741972c40, 0x00000267400e7290,
0x00000267400ea2b0, 0x00000267400e9de0, 0x00000267400e2f30, 0x00000267400e50e0,
0x00000267400e8aa0, 0x00000267400e3400, 0x00000267400e85d0, 0x00000267400e4740,
0x00000267400e3da0, 0x00000267400e4270, 0x00000267400e4c10, 0x0000026744228190
}

Java Threads: ( => current thread )
  0x000002671a9a9c90 JavaThread "main" [_thread_blocked, id=4872, stack(0x000000fcf5500000,0x000000fcf5600000)]
  0x000002673b38b750 JavaThread "Reference Handler" daemon [_thread_blocked, id=11628, stack(0x000000fcf5c00000,0x000000fcf5d00000)]
  0x000002673b38c210 JavaThread "Finalizer" daemon [_thread_blocked, id=16240, stack(0x000000fcf5d00000,0x000000fcf5e00000)]
  0x000002673bc4f3c0 JavaThread "Signal Dispatcher" daemon [_thread_blocked, id=14648, stack(0x000000fcf5e00000,0x000000fcf5f00000)]
  0x000002673bc4fd80 JavaThread "Attach Listener" daemon [_thread_blocked, id=9848, stack(0x000000fcf5f00000,0x000000fcf6000000)]
  0x000002673bc54660 JavaThread "Service Thread" daemon [_thread_blocked, id=3772, stack(0x000000fcf6000000,0x000000fcf6100000)]
  0x000002673bc54f20 JavaThread "Monitor Deflation Thread" daemon [_thread_blocked, id=6936, stack(0x000000fcf6100000,0x000000fcf6200000)]
=>0x000002673bc5dbd0 JavaThread "C2 CompilerThread0" daemon [_thread_in_native, id=12088, stack(0x000000fcf6200000,0x000000fcf6300000)]
  0x000002673bcbaf50 JavaThread "C1 CompilerThread0" daemon [_thread_blocked, id=848, stack(0x000000fcf6300000,0x000000fcf6400000)]
  0x000002673bcbfc60 JavaThread "Sweeper thread" daemon [_thread_blocked, id=2900, stack(0x000000fcf6400000,0x000000fcf6500000)]
  0x000002673be06b60 JavaThread "Common-Cleaner" daemon [_thread_blocked, id=16884, stack(0x000000fcf6500000,0x000000fcf6600000)]
  0x000002673be07440 JavaThread "Notification Thread" daemon [_thread_blocked, id=6560, stack(0x000000fcf6600000,0x000000fcf6700000)]
  0x000002673d111aa0 JavaThread "Daemon health stats" [_thread_blocked, id=12656, stack(0x000000fcf6d00000,0x000000fcf6e00000)]
  0x000002673ca03060 JavaThread "Incoming local TCP Connector on port 56861" [_thread_in_native, id=2804, stack(0x000000fcf6c00000,0x000000fcf6d00000)]
  0x000002673cf5a780 JavaThread "Daemon periodic checks" [_thread_blocked, id=9992, stack(0x000000fcf6e00000,0x000000fcf6f00000)]
  0x000002673c2ada90 JavaThread "Daemon" [_thread_blocked, id=6552, stack(0x000000fcf6f00000,0x000000fcf7000000)]
  0x000002673c9d7d10 JavaThread "Handler for socket connection from /127.0.0.1:56861 to /127.0.0.1:56862" [_thread_in_native, id=9368, stack(0x000000fcf7000000,0x000000fcf7100000)]
  0x000002673c9d81e0 JavaThread "Cancel handler" [_thread_blocked, id=17780, stack(0x000000fcf7100000,0x000000fcf7200000)]
  0x000002673c9d7840 JavaThread "Daemon worker" [_thread_blocked, id=10988, stack(0x000000fcf7200000,0x000000fcf7300000)]
  0x000002673c9d86b0 JavaThread "Asynchronous log dispatcher for DefaultDaemonConnection: socket connection from /127.0.0.1:56861 to /127.0.0.1:56862" [_thread_blocked, id=18084, stack(0x000000fcf7300000,0x000000fcf7400000)]
  0x000002673c9d51c0 JavaThread "Stdin handler" [_thread_blocked, id=16320, stack(0x000000fcf7400000,0x000000fcf7500000)]
  0x000002673c9d6500 JavaThread "Daemon client event forwarder" [_thread_blocked, id=15100, stack(0x000000fcf7500000,0x000000fcf7600000)]
  0x000002673c9d8b80 JavaThread "Cache worker for journal cache (C:\Users\aluno\.gradle\caches\journal-1)" [_thread_blocked, id=17936, stack(0x000000fcf7a00000,0x000000fcf7b00000)]
  0x000002673c9d69d0 JavaThread "File lock request listener" [_thread_in_native, id=17264, stack(0x000000fcf7b00000,0x000000fcf7c00000)]
  0x000002673c9d7370 JavaThread "Cache worker for file hash cache (C:\Users\aluno\.gradle\caches\8.0\fileHashes)" [_thread_blocked, id=14676, stack(0x000000fcf7c00000,0x000000fcf7d00000)]
  0x000002673c9d6030 JavaThread "File watcher server" daemon [_thread_in_native, id=13172, stack(0x000000fcf7e00000,0x000000fcf7f00000)]
  0x000002673c9d5690 JavaThread "File watcher consumer" daemon [_thread_blocked, id=9776, stack(0x000000fcf7f00000,0x000000fcf8000000)]
  0x000002673c9d5b60 JavaThread "Cache worker for checksums cache (D:\ProgramacaoparaDispositivosMoveis\ToDoList\.gradle\8.0\checksums)" [_thread_blocked, id=13096, stack(0x000000fcf8000000,0x000000fcf8100000)]
  0x000002673e600020 JavaThread "Cache worker for cache directory md-rule (C:\Users\aluno\.gradle\caches\8.0\md-rule)" [_thread_blocked, id=12128, stack(0x000000fcf8100000,0x000000fcf8200000)]
  0x000002673e6004f0 JavaThread "Cache worker for file content cache (C:\Users\aluno\.gradle\caches\8.0\fileContent)" [_thread_blocked, id=3792, stack(0x000000fcf8200000,0x000000fcf8300000)]
  0x000002673e601830 JavaThread "Cache worker for file hash cache (D:\ProgramacaoparaDispositivosMoveis\ToDoList\.gradle\8.0\fileHashes)" [_thread_blocked, id=6888, stack(0x000000fcf8300000,0x000000fcf8400000)]
  0x000002673e603eb0 JavaThread "Cache worker for cache directory md-supplier (C:\Users\aluno\.gradle\caches\8.0\md-supplier)" [_thread_blocked, id=18196, stack(0x000000fcf8400000,0x000000fcf8500000)]
  0x000002673e6021d0 JavaThread "Cache worker for execution history cache (C:\Users\aluno\.gradle\caches\8.0\executionHistory)" [_thread_blocked, id=1624, stack(0x000000fcf7d00000,0x000000fcf7e00000)]
  0x000002673e604380 JavaThread "jar transforms" [_thread_blocked, id=18232, stack(0x000000fcf8500000,0x000000fcf8600000)]
  0x000002673e5fece0 JavaThread "jar transforms Thread 2" [_thread_blocked, id=9852, stack(0x000000fcf8600000,0x000000fcf8700000)]
  0x000002673e603510 JavaThread "Cache worker for kotlin-dsl (C:\Users\aluno\.gradle\caches\8.0\kotlin-dsl)" [_thread_blocked, id=7568, stack(0x000000fcf8800000,0x000000fcf8900000)]
  0x000002673e604850 JavaThread "jar transforms Thread 3" [_thread_blocked, id=17660, stack(0x000000fcf8900000,0x000000fcf8a00000)]
  0x000002673e604d20 JavaThread "jar transforms Thread 4" [_thread_blocked, id=1676, stack(0x000000fcf8a00000,0x000000fcf8b00000)]
  0x000002673e5ff1b0 JavaThread "Cache worker for dependencies-accessors (D:\ProgramacaoparaDispositivosMoveis\ToDoList\.gradle\8.0\dependencies-accessors)" [_thread_blocked, id=880, stack(0x000000fcf8b00000,0x000000fcf8c00000)]
  0x000002673e603040 JavaThread "Cache worker for Build Output Cleanup Cache (D:\ProgramacaoparaDispositivosMoveis\ToDoList\.gradle\buildOutputCleanup)" [_thread_blocked, id=8276, stack(0x000000fcf8c00000,0x000000fcf8d00000)]
  0x000002673e600e90 JavaThread "jar transforms Thread 5" [_thread_blocked, id=14016, stack(0x000000fcf8d00000,0x000000fcf8e00000)]
  0x000002673e6039e0 JavaThread "Unconstrained build operations" [_thread_blocked, id=17928, stack(0x000000fcf8700000,0x000000fcf8800000)]
  0x000002673e5fd4d0 JavaThread "Unconstrained build operations Thread 2" [_thread_blocked, id=3364, stack(0x000000fcf8e00000,0x000000fcf8f00000)]
  0x000002673e5fd9a0 JavaThread "Unconstrained build operations Thread 3" [_thread_in_vm, id=15068, stack(0x000000fcf8f00000,0x000000fcf9000000)]
  0x000002673e5fe340 JavaThread "Unconstrained build operations Thread 4" [_thread_blocked, id=16156, stack(0x000000fcf9000000,0x000000fcf9100000)]
  0x000002674135e3f0 JavaThread "Unconstrained build operations Thread 5" [_thread_blocked, id=10092, stack(0x000000fcf9100000,0x000000fcf9200000)]
  0x000002674135b8a0 JavaThread "Unconstrained build operations Thread 6" [_thread_blocked, id=10088, stack(0x000000fcf9200000,0x000000fcf9300000)]
  0x000002674135aa30 JavaThread "Unconstrained build operations Thread 7" [_thread_blocked, id=10024, stack(0x000000fcf9300000,0x000000fcf9400000)]
  0x000002674135e8c0 JavaThread "Unconstrained build operations Thread 8" [_thread_blocked, id=9532, stack(0x000000fcf9400000,0x000000fcf9500000)]
  0x0000026741359220 JavaThread "Unconstrained build operations Thread 9" [_thread_blocked, id=13216, stack(0x000000fcf9500000,0x000000fcf9600000)]
  0x000002674135af00 JavaThread "Unconstrained build operations Thread 10" [_thread_blocked, id=2408, stack(0x000000fcf9600000,0x000000fcf9700000)]
  0x0000026741358880 JavaThread "Unconstrained build operations Thread 11" [_thread_blocked, id=9976, stack(0x000000fcf9700000,0x000000fcf9800000)]
  0x000002674135cbe0 JavaThread "Unconstrained build operations Thread 12" [_thread_blocked, id=16232, stack(0x000000fcf9800000,0x000000fcf9900000)]
  0x000002674135d580 JavaThread "Unconstrained build operations Thread 13" [_thread_blocked, id=9900, stack(0x000000fcf9900000,0x000000fcf9a00000)]
  0x0000026741358d50 JavaThread "Unconstrained build operations Thread 14" [_thread_blocked, id=18380, stack(0x000000fcf9a00000,0x000000fcf9b00000)]
  0x00000267413583b0 JavaThread "Unconstrained build operations Thread 15" [_thread_blocked, id=12600, stack(0x000000fcf9b00000,0x000000fcf9c00000)]
  0x00000267413596f0 JavaThread "Unconstrained build operations Thread 16" [_thread_blocked, id=16740, stack(0x000000fcf9c00000,0x000000fcf9d00000)]
  0x0000026741357a10 JavaThread "Unconstrained build operations Thread 17" [_thread_blocked, id=10000, stack(0x000000fcf9d00000,0x000000fcf9e00000)]
  0x000002674135d0b0 JavaThread "Unconstrained build operations Thread 18" [_thread_blocked, id=9828, stack(0x000000fcf9e00000,0x000000fcf9f00000)]
  0x0000026741359bc0 JavaThread "Unconstrained build operations Thread 19" [_thread_blocked, id=2060, stack(0x000000fcf9f00000,0x000000fcfa000000)]
  0x000002674135a090 JavaThread "Unconstrained build operations Thread 20" [_thread_blocked, id=9792, stack(0x000000fcfa000000,0x000000fcfa100000)]
  0x000002674135a560 JavaThread "Unconstrained build operations Thread 21" [_thread_blocked, id=9788, stack(0x000000fcfa100000,0x000000fcfa200000)]
  0x000002674135da50 JavaThread "Unconstrained build operations Thread 22" [_thread_blocked, id=5836, stack(0x000000fcfa200000,0x000000fcfa300000)]
  0x000002674135b3d0 JavaThread "Unconstrained build operations Thread 23" [_thread_blocked, id=7448, stack(0x000000fcfa300000,0x000000fcfa400000)]
  0x000002674135bd70 JavaThread "Unconstrained build operations Thread 24" [_thread_blocked, id=1400, stack(0x000000fcfa400000,0x000000fcfa500000)]
  0x000002674135c240 JavaThread "Unconstrained build operations Thread 25" [_thread_blocked, id=10828, stack(0x000000fcfa500000,0x000000fcfa600000)]
  0x000002674135c710 JavaThread "Unconstrained build operations Thread 26" [_thread_blocked, id=3388, stack(0x000000fcfa600000,0x000000fcfa700000)]
  0x000002674135df20 JavaThread "Unconstrained build operations Thread 27" [_thread_blocked, id=5820, stack(0x000000fcfa700000,0x000000fcfa800000)]
  0x0000026741357070 JavaThread "Unconstrained build operations Thread 28" [_thread_blocked, id=1272, stack(0x000000fcfa800000,0x000000fcfa900000)]
  0x0000026741357540 JavaThread "Unconstrained build operations Thread 29" [_thread_blocked, id=12056, stack(0x000000fcfa900000,0x000000fcfaa00000)]
  0x0000026741357ee0 JavaThread "Unconstrained build operations Thread 30" [_thread_blocked, id=8904, stack(0x000000fcfaa00000,0x000000fcfab00000)]
  0x000002673eafd360 JavaThread "Unconstrained build operations Thread 31" [_thread_blocked, id=6720, stack(0x000000fcfab00000,0x000000fcfac00000)]
  0x000002673eafeb70 JavaThread "Unconstrained build operations Thread 32" [_thread_blocked, id=15660, stack(0x000000fcfac00000,0x000000fcfad00000)]
  0x000002673eb00d20 JavaThread "Unconstrained build operations Thread 33" [_thread_blocked, id=2460, stack(0x000000fcfad00000,0x000000fcfae00000)]
  0x000002673eafc9c0 JavaThread "Unconstrained build operations Thread 34" [_thread_blocked, id=12340, stack(0x000000fcfae00000,0x000000fcfaf00000)]
  0x000002673eb016c0 JavaThread "Unconstrained build operations Thread 35" [_thread_blocked, id=17856, stack(0x000000fcfaf00000,0x000000fcfb000000)]
  0x000002673eb01b90 JavaThread "Unconstrained build operations Thread 36" [_thread_blocked, id=14060, stack(0x000000fcfb000000,0x000000fcfb100000)]
  0x000002673eb011f0 JavaThread "Unconstrained build operations Thread 37" [_thread_blocked, id=11520, stack(0x000000fcfb100000,0x000000fcfb200000)]
  0x000002673eb02060 JavaThread "Unconstrained build operations Thread 38" [_thread_blocked, id=17028, stack(0x000000fcfb200000,0x000000fcfb300000)]
  0x000002673eaff040 JavaThread "Unconstrained build operations Thread 39" [_thread_blocked, id=16856, stack(0x000000fcfb300000,0x000000fcfb400000)]
  0x000002673eaffeb0 JavaThread "Unconstrained build operations Thread 40" [_thread_blocked, id=14840, stack(0x000000fcfb400000,0x000000fcfb500000)]
  0x000002673eaff510 JavaThread "Unconstrained build operations Thread 41" [_thread_blocked, id=9500, stack(0x000000fcfb500000,0x000000fcfb600000)]
  0x000002673eb00380 JavaThread "Unconstrained build operations Thread 42" [_thread_blocked, id=17348, stack(0x000000fcfb600000,0x000000fcfb700000)]
  0x000002673eb02530 JavaThread "Unconstrained build operations Thread 43" [_thread_blocked, id=16556, stack(0x000000fcfb700000,0x000000fcfb800000)]
  0x000002673eb02ed0 JavaThread "Unconstrained build operations Thread 44" [_thread_blocked, id=5800, stack(0x000000fcfb800000,0x000000fcfb900000)]
  0x000002673eafd830 JavaThread "Unconstrained build operations Thread 45" [_thread_blocked, id=10120, stack(0x000000fcfb900000,0x000000fcfba00000)]
  0x000002673eb02a00 JavaThread "Unconstrained build operations Thread 46" [_thread_blocked, id=3276, stack(0x000000fcfba00000,0x000000fcfbb00000)]
  0x000002673eb033a0 JavaThread "Unconstrained build operations Thread 47" [_thread_blocked, id=13980, stack(0x000000fcfbb00000,0x000000fcfbc00000)]
  0x000002673eafce90 JavaThread "Unconstrained build operations Thread 48" [_thread_blocked, id=13120, stack(0x000000fcfbc00000,0x000000fcfbd00000)]
  0x000002673eafc020 JavaThread "Unconstrained build operations Thread 49" [_thread_blocked, id=9168, stack(0x000000fcfbd00000,0x000000fcfbe00000)]
  0x000002673eaff9e0 JavaThread "Unconstrained build operations Thread 50" [_thread_blocked, id=10168, stack(0x000000fcfbe00000,0x000000fcfbf00000)]
  0x000002673eb03870 JavaThread "Unconstrained build operations Thread 51" [_thread_blocked, id=10312, stack(0x000000fcfbf00000,0x000000fcfc000000)]
  0x000002673eafc4f0 JavaThread "Unconstrained build operations Thread 52" [_thread_blocked, id=13640, stack(0x000000fcfc000000,0x000000fcfc100000)]
  0x000002673eb00850 JavaThread "Unconstrained build operations Thread 53" [_thread_blocked, id=10156, stack(0x000000fcfc100000,0x000000fcfc200000)]
  0x000002673eafdd00 JavaThread "Unconstrained build operations Thread 54" [_thread_blocked, id=16360, stack(0x000000fcfc200000,0x000000fcfc300000)]
  0x000002673eafe1d0 JavaThread "Unconstrained build operations Thread 55" [_thread_blocked, id=16808, stack(0x000000fcfc300000,0x000000fcfc400000)]
  0x000002673eafe6a0 JavaThread "Unconstrained build operations Thread 56" [_thread_blocked, id=3032, stack(0x000000fcfc400000,0x000000fcfc500000)]
  0x0000026741974920 JavaThread "Unconstrained build operations Thread 57" [_thread_blocked, id=11504, stack(0x000000fcfc500000,0x000000fcfc600000)]
  0x000002674196e8e0 JavaThread "Unconstrained build operations Thread 58" [_thread_blocked, id=7520, stack(0x000000fcfc600000,0x000000fcfc700000)]
  0x000002674196fc20 JavaThread "Unconstrained build operations Thread 59" [_thread_blocked, id=17072, stack(0x000000fcfc700000,0x000000fcfc800000)]
  0x0000026741973ab0 JavaThread "Unconstrained build operations Thread 60" [_thread_blocked, id=6380, stack(0x000000fcfc800000,0x000000fcfc900000)]
  0x000002674196f750 JavaThread "Unconstrained build operations Thread 61" [_thread_blocked, id=8996, stack(0x000000fcfc900000,0x000000fcfca00000)]
  0x0000026741973110 JavaThread "Unconstrained build operations Thread 62" [_thread_blocked, id=3216, stack(0x000000fcfca00000,0x000000fcfcb00000)]
  0x00000267419700f0 JavaThread "Unconstrained build operations Thread 63" [_thread_blocked, id=1164, stack(0x000000fcfcb00000,0x000000fcfcc00000)]
  0x0000026741974df0 JavaThread "Unconstrained build operations Thread 64" [_thread_blocked, id=13992, stack(0x000000fcfcc00000,0x000000fcfcd00000)]
  0x0000026741973f80 JavaThread "Unconstrained build operations Thread 65" [_thread_blocked, id=17648, stack(0x000000fcfcd00000,0x000000fcfce00000)]
  0x0000026741970a90 JavaThread "Unconstrained build operations Thread 66" [_thread_blocked, id=18280, stack(0x000000fcfce00000,0x000000fcfcf00000)]
  0x00000267419705c0 JavaThread "Unconstrained build operations Thread 67" [_thread_blocked, id=17004, stack(0x000000fcfcf00000,0x000000fcfd000000)]
  0x00000267419752c0 JavaThread "Unconstrained build operations Thread 68" [_thread_blocked, id=18216, stack(0x000000fcfd000000,0x000000fcfd100000)]
  0x00000267419735e0 JavaThread "Unconstrained build operations Thread 69" [_thread_blocked, id=7176, stack(0x000000fcfd100000,0x000000fcfd200000)]
  0x000002674196da70 JavaThread "Unconstrained build operations Thread 70" [_thread_blocked, id=5496, stack(0x000000fcfd200000,0x000000fcfd300000)]
  0x0000026741970f60 JavaThread "Unconstrained build operations Thread 71" [_thread_blocked, id=11064, stack(0x000000fcfd300000,0x000000fcfd400000)]
  0x000002674196df40 JavaThread "Unconstrained build operations Thread 72" [_thread_blocked, id=1340, stack(0x000000fcfd400000,0x000000fcfd500000)]
  0x000002674196e410 JavaThread "Unconstrained build operations Thread 73" [_thread_blocked, id=8284, stack(0x000000fcfd500000,0x000000fcfd600000)]
  0x0000026741974450 JavaThread "Unconstrained build operations Thread 74" [_thread_blocked, id=9416, stack(0x000000fcfd600000,0x000000fcfd700000)]
  0x000002674196edb0 JavaThread "Unconstrained build operations Thread 75" [_thread_blocked, id=7508, stack(0x000000fcfd700000,0x000000fcfd800000)]
  0x0000026741971430 JavaThread "Unconstrained build operations Thread 76" [_thread_blocked, id=10448, stack(0x000000fcfd800000,0x000000fcfd900000)]
  0x000002674196f280 JavaThread "Unconstrained build operations Thread 77" [_thread_blocked, id=6356, stack(0x000000fcfd900000,0x000000fcfda00000)]
  0x0000026741971900 JavaThread "Unconstrained build operations Thread 78" [_thread_blocked, id=15476, stack(0x000000fcfda00000,0x000000fcfdb00000)]
  0x0000026741972770 JavaThread "Unconstrained build operations Thread 79" [_thread_blocked, id=9404, stack(0x000000fcfdb00000,0x000000fcfdc00000)]
  0x0000026741971dd0 JavaThread "Unconstrained build operations Thread 80" [_thread_blocked, id=6848, stack(0x000000fcfdc00000,0x000000fcfdd00000)]
  0x00000267419722a0 JavaThread "jar transforms Thread 6" [_thread_blocked, id=18040, stack(0x000000fcfde00000,0x000000fcfdf00000)]
  0x0000026741972c40 JavaThread "jar transforms Thread 7" [_thread_blocked, id=14672, stack(0x000000fcfdf00000,0x000000fcfe000000)]
  0x00000267400e7290 JavaThread "jar transforms Thread 8" [_thread_blocked, id=7992, stack(0x000000fcfe000000,0x000000fcfe100000)]
  0x00000267400ea2b0 JavaThread "build event listener" [_thread_blocked, id=16692, stack(0x000000fcfe100000,0x000000fcfe200000)]
  0x00000267400e9de0 JavaThread "Memory manager" [_thread_blocked, id=16340, stack(0x000000fcfe200000,0x000000fcfe300000)]
  0x00000267400e2f30 JavaThread "included builds" [_thread_blocked, id=17828, stack(0x000000fcfdd00000,0x000000fcfde00000)]
  0x00000267400e50e0 JavaThread "Execution worker" [_thread_blocked, id=10108, stack(0x000000fcfe300000,0x000000fcfe400000)]
  0x00000267400e8aa0 JavaThread "Execution worker Thread 2" [_thread_blocked, id=3752, stack(0x000000fcfe400000,0x000000fcfe500000)]
  0x00000267400e3400 JavaThread "Execution worker Thread 3" [_thread_blocked, id=5544, stack(0x000000fcfe500000,0x000000fcfe600000)]
  0x00000267400e85d0 JavaThread "Execution worker Thread 4" [_thread_blocked, id=7996, stack(0x000000fcfe600000,0x000000fcfe700000)]
  0x00000267400e4740 JavaThread "Execution worker Thread 5" [_thread_blocked, id=9376, stack(0x000000fcfe700000,0x000000fcfe800000)]
  0x00000267400e3da0 JavaThread "Execution worker Thread 6" [_thread_blocked, id=10212, stack(0x000000fcfe800000,0x000000fcfe900000)]
  0x00000267400e4270 JavaThread "Execution worker Thread 7" [_thread_blocked, id=15600, stack(0x000000fcfe900000,0x000000fcfea00000)]
  0x00000267400e4c10 JavaThread "Cache worker for execution history cache (D:\ProgramacaoparaDispositivosMoveis\ToDoList\.gradle\8.0\executionHistory)" [_thread_blocked, id=5624, stack(0x000000fcfea00000,0x000000fcfeb00000)]
  0x0000026744228190 JavaThread "WorkerExecutor Queue" [_thread_blocked, id=3780, stack(0x000000fcfeb00000,0x000000fcfec00000)]

Other Threads:
  0x000002673b386980 VMThread "VM Thread" [stack: 0x000000fcf5b00000,0x000000fcf5c00000] [id=14072] _threads_hazard_ptr=0x00000267408d3d20
  0x000002673be03820 WatcherThread [stack: 0x000000fcf6700000,0x000000fcf6800000] [id=18008]
  0x000002671aa155d0 GCTaskThread "GC Thread#0" [stack: 0x000000fcf5600000,0x000000fcf5700000] [id=9344]
  0x000002673cd94a80 GCTaskThread "GC Thread#1" [stack: 0x000000fcf6800000,0x000000fcf6900000] [id=5304]
  0x000002673cd94d30 GCTaskThread "GC Thread#2" [stack: 0x000000fcf6900000,0x000000fcf6a00000] [id=3500]
  0x000002673cfe1940 GCTaskThread "GC Thread#3" [stack: 0x000000fcf6a00000,0x000000fcf6b00000] [id=17552]
  0x000002673c8e7070 GCTaskThread "GC Thread#4" [stack: 0x000000fcf6b00000,0x000000fcf6c00000] [id=8344]
  0x000002673cb72700 GCTaskThread "GC Thread#5" [stack: 0x000000fcf7600000,0x000000fcf7700000] [id=9136]
  0x000002673cb729b0 GCTaskThread "GC Thread#6" [stack: 0x000000fcf7700000,0x000000fcf7800000] [id=11708]
  0x000002673cb72f10 GCTaskThread "GC Thread#7" [stack: 0x000000fcf7800000,0x000000fcf7900000] [id=9980]
  0x000002671aa26420 ConcurrentGCThread "G1 Main Marker" [stack: 0x000000fcf5700000,0x000000fcf5800000] [id=8104]
  0x000002671aa26d40 ConcurrentGCThread "G1 Conc#0" [stack: 0x000000fcf5800000,0x000000fcf5900000] [id=18152]
  0x000002673cb73f30 ConcurrentGCThread "G1 Conc#1" [stack: 0x000000fcf7900000,0x000000fcf7a00000] [id=4620]
  0x000002673b1e30d0 ConcurrentGCThread "G1 Refine#0" [stack: 0x000000fcf5900000,0x000000fcf5a00000] [id=12412]
  0x000002673b1e3a00 ConcurrentGCThread "G1 Service" [stack: 0x000000fcf5a00000,0x000000fcf5b00000] [id=4340]

Threads with active compile tasks:
C2 CompilerThread0    34531 12314   !   4       java.util.concurrent.locks.AbstractQueuedSynchronizer::acquire (407 bytes)

VM state: synchronizing (normal execution)

VM Mutex/Monitor currently owned by a thread:  ([mutex/lock_event])
[0x0000026719b3ce10] Metaspace_lock - owner thread: 0x000002673e5fd9a0
[0x000002671a9a5df0] Threads_lock - owner thread: 0x000002673b386980
[0x000002671a9a5cd0] Heap_lock - owner thread: 0x0000026741974450

Heap address: 0x0000000700000000, size: 4096 MB, Compressed Oops mode: Zero based, Oop shift amount: 3

CDS archive(s) not mapped
Compressed class space mapped at: 0x0000000800000000-0x0000000840000000, reserved size: 1073741824
Narrow klass base: 0x0000000800000000, Narrow klass shift: 0, Narrow klass range: 0x40000000

GC Precious Log:
 CPUs: 8 total, 8 available
 Memory: 7991M
 Large Page Support: Disabled
 NUMA Support: Disabled
 Compressed Oops: Enabled (Zero based)
 Heap Region Size: 2M
 Heap Min Capacity: 8M
 Heap Initial Capacity: 126M
 Heap Max Capacity: 4G
 Pre-touch: Disabled
 Parallel Workers: 8
 Concurrent Workers: 2
 Concurrent Refinement Workers: 8
 Periodic GC: Disabled

Heap:
 garbage-first heap   total 243712K, used 184572K [0x0000000700000000, 0x0000000800000000)
  region size 2048K, 41 young (83968K), 6 survivors (12288K)
 Metaspace       used 105443K, committed 106112K, reserved 1146880K
  class space    used 14609K, committed 14912K, reserved 1048576K

Heap Regions: E=young(eden), S=young(survivor), O=old, HS=humongous(starts), HC=humongous(continues), CS=collection set, F=free, OA=open archive, CA=closed archive, TAMS=top-at-mark-start (previous, next)
|   0|0x0000000700000000, 0x0000000700200000, 0x0000000700200000|100%|HS|  |TAMS 0x0000000700200000, 0x0000000700000000| Complete 
|   1|0x0000000700200000, 0x0000000700400000, 0x0000000700400000|100%|HC|  |TAMS 0x0000000700400000, 0x0000000700200000| Complete 
|   2|0x0000000700400000, 0x0000000700600000, 0x0000000700600000|100%| O|  |TAMS 0x0000000700600000, 0x0000000700400000| Untracked 
|   3|0x0000000700600000, 0x0000000700800000, 0x0000000700800000|100%| O|  |TAMS 0x0000000700800000, 0x0000000700600000| Untracked 
|   4|0x0000000700800000, 0x00000007009f4000, 0x0000000700a00000| 97%| O|  |TAMS 0x00000007009f4000, 0x0000000700800000| Untracked 
|   5|0x0000000700a00000, 0x0000000700c00000, 0x0000000700c00000|100%| O|  |TAMS 0x0000000700c00000, 0x0000000700a00000| Untracked 
|   6|0x0000000700c00000, 0x0000000700e00000, 0x0000000700e00000|100%| O|  |TAMS 0x0000000700e00000, 0x0000000700c00000| Untracked 
|   7|0x0000000700e00000, 0x0000000701000000, 0x0000000701000000|100%| O|  |TAMS 0x0000000701000000, 0x0000000700e00000| Untracked 
|   8|0x0000000701000000, 0x0000000701200000, 0x0000000701200000|100%| O|  |TAMS 0x0000000701200000, 0x0000000701000000| Untracked 
|   9|0x0000000701200000, 0x0000000701400000, 0x0000000701400000|100%| O|  |TAMS 0x0000000701400000, 0x0000000701200000| Untracked 
|  10|0x0000000701400000, 0x0000000701600000, 0x0000000701600000|100%| O|  |TAMS 0x0000000701600000, 0x0000000701400000| Untracked 
|  11|0x0000000701600000, 0x0000000701800000, 0x0000000701800000|100%| O|  |TAMS 0x0000000701800000, 0x0000000701600000| Untracked 
|  12|0x0000000701800000, 0x0000000701a00000, 0x0000000701a00000|100%| O|  |TAMS 0x0000000701a00000, 0x0000000701800000| Untracked 
|  13|0x0000000701a00000, 0x0000000701c00000, 0x0000000701c00000|100%| O|  |TAMS 0x0000000701c00000, 0x0000000701a00000| Untracked 
|  14|0x0000000701c00000, 0x0000000701e00000, 0x0000000701e00000|100%| O|  |TAMS 0x0000000701e00000, 0x0000000701c00000| Untracked 
|  15|0x0000000701e00000, 0x0000000702000000, 0x0000000702000000|100%| O|  |TAMS 0x0000000702000000, 0x0000000701e00000| Untracked 
|  16|0x0000000702000000, 0x0000000702200000, 0x0000000702200000|100%| O|  |TAMS 0x0000000702200000, 0x0000000702000000| Untracked 
|  17|0x0000000702200000, 0x0000000702400000, 0x0000000702400000|100%| O|  |TAMS 0x0000000702400000, 0x0000000702200000| Untracked 
|  18|0x0000000702400000, 0x0000000702600000, 0x0000000702600000|100%| O|  |TAMS 0x0000000702600000, 0x0000000702400000| Untracked 
|  19|0x0000000702600000, 0x0000000702800000, 0x0000000702800000|100%| O|  |TAMS 0x0000000702800000, 0x0000000702600000| Untracked 
|  20|0x0000000702800000, 0x0000000702a00000, 0x0000000702a00000|100%| O|  |TAMS 0x0000000702a00000, 0x0000000702800000| Untracked 
|  21|0x0000000702a00000, 0x0000000702c00000, 0x0000000702c00000|100%| O|  |TAMS 0x0000000702c00000, 0x0000000702a00000| Untracked 
|  22|0x0000000702c00000, 0x0000000702e00000, 0x0000000702e00000|100%| O|  |TAMS 0x0000000702c00000, 0x0000000702c00000| Untracked 
|  23|0x0000000702e00000, 0x0000000703000000, 0x0000000703000000|100%| O|  |TAMS 0x0000000702e00000, 0x0000000702e00000| Untracked 
|  24|0x0000000703000000, 0x0000000703200000, 0x0000000703200000|100%| O|  |TAMS 0x0000000703200000, 0x0000000703000000| Untracked 
|  25|0x0000000703200000, 0x0000000703400000, 0x0000000703400000|100%| O|  |TAMS 0x0000000703400000, 0x0000000703200000| Untracked 
|  26|0x0000000703400000, 0x0000000703600000, 0x0000000703600000|100%| O|  |TAMS 0x0000000703600000, 0x0000000703400000| Untracked 
|  27|0x0000000703600000, 0x0000000703800000, 0x0000000703800000|100%| O|  |TAMS 0x0000000703800000, 0x0000000703600000| Untracked 
|  28|0x0000000703800000, 0x0000000703a00000, 0x0000000703a00000|100%| O|  |TAMS 0x0000000703a00000, 0x0000000703800000| Untracked 
|  29|0x0000000703a00000, 0x0000000703c00000, 0x0000000703c00000|100%| O|  |TAMS 0x0000000703c00000, 0x0000000703a00000| Untracked 
|  30|0x0000000703c00000, 0x0000000703e00000, 0x0000000703e00000|100%| O|  |TAMS 0x0000000703e00000, 0x0000000703c00000| Untracked 
|  31|0x0000000703e00000, 0x0000000704000000, 0x0000000704000000|100%| O|  |TAMS 0x0000000704000000, 0x0000000703e00000| Untracked 
|  32|0x0000000704000000, 0x0000000704200000, 0x0000000704200000|100%| O|  |TAMS 0x0000000704200000, 0x0000000704000000| Untracked 
|  33|0x0000000704200000, 0x0000000704400000, 0x0000000704400000|100%| O|  |TAMS 0x0000000704400000, 0x0000000704200000| Untracked 
|  34|0x0000000704400000, 0x0000000704600000, 0x0000000704600000|100%| O|  |TAMS 0x0000000704600000, 0x0000000704400000| Untracked 
|  35|0x0000000704600000, 0x0000000704800000, 0x0000000704800000|100%| O|  |TAMS 0x0000000704800000, 0x0000000704600000| Untracked 
|  36|0x0000000704800000, 0x0000000704a00000, 0x0000000704a00000|100%| O|  |TAMS 0x0000000704a00000, 0x0000000704800000| Untracked 
|  37|0x0000000704a00000, 0x0000000704c00000, 0x0000000704c00000|100%| O|  |TAMS 0x0000000704c00000, 0x0000000704a00000| Untracked 
|  38|0x0000000704c00000, 0x0000000704e00000, 0x0000000704e00000|100%| O|  |TAMS 0x0000000704e00000, 0x0000000704c00000| Untracked 
|  39|0x0000000704e00000, 0x0000000705000000, 0x0000000705000000|100%| O|  |TAMS 0x0000000705000000, 0x0000000704e00000| Untracked 
|  40|0x0000000705000000, 0x0000000705200000, 0x0000000705200000|100%| O|  |TAMS 0x000000070505b600, 0x0000000705000000| Untracked 
|  41|0x0000000705200000, 0x0000000705400000, 0x0000000705400000|100%| O|  |TAMS 0x0000000705200000, 0x0000000705200000| Untracked 
|  42|0x0000000705400000, 0x0000000705600000, 0x0000000705600000|100%| O|  |TAMS 0x0000000705400000, 0x0000000705400000| Untracked 
|  43|0x0000000705600000, 0x0000000705800000, 0x0000000705800000|100%| O|  |TAMS 0x0000000705600000, 0x0000000705600000| Untracked 
|  44|0x0000000705800000, 0x0000000705a00000, 0x0000000705a00000|100%| O|  |TAMS 0x0000000705800000, 0x0000000705800000| Untracked 
|  45|0x0000000705a00000, 0x0000000705c00000, 0x0000000705c00000|100%| O|  |TAMS 0x0000000705a00000, 0x0000000705a00000| Untracked 
|  46|0x0000000705c00000, 0x0000000705e00000, 0x0000000705e00000|100%| O|  |TAMS 0x0000000705c00000, 0x0000000705c00000| Untracked 
|  47|0x0000000705e00000, 0x0000000706000000, 0x0000000706000000|100%| O|  |TAMS 0x0000000705e00000, 0x0000000705e00000| Untracked 
|  48|0x0000000706000000, 0x0000000706200000, 0x0000000706200000|100%| O|  |TAMS 0x0000000706000000, 0x0000000706000000| Untracked 
|  49|0x0000000706200000, 0x0000000706400000, 0x0000000706400000|100%| O|  |TAMS 0x0000000706200000, 0x0000000706200000| Untracked 
|  50|0x0000000706400000, 0x00000007064c5200, 0x0000000706600000| 38%| O|  |TAMS 0x0000000706400000, 0x0000000706400000| Untracked 
|  51|0x0000000706600000, 0x0000000706600000, 0x0000000706800000|  0%| F|  |TAMS 0x0000000706600000, 0x0000000706600000| Untracked 
|  52|0x0000000706800000, 0x0000000706800000, 0x0000000706a00000|  0%| F|  |TAMS 0x0000000706800000, 0x0000000706800000| Untracked 
|  53|0x0000000706a00000, 0x0000000706a00000, 0x0000000706c00000|  0%| F|  |TAMS 0x0000000706a00000, 0x0000000706a00000| Untracked 
|  54|0x0000000706c00000, 0x0000000706c00000, 0x0000000706e00000|  0%| F|  |TAMS 0x0000000706c00000, 0x0000000706c00000| Untracked 
|  55|0x0000000706e00000, 0x0000000706e00000, 0x0000000707000000|  0%| F|  |TAMS 0x0000000706e00000, 0x0000000706e00000| Untracked 
|  56|0x0000000707000000, 0x0000000707000000, 0x0000000707200000|  0%| F|  |TAMS 0x0000000707000000, 0x0000000707000000| Untracked 
|  57|0x0000000707200000, 0x0000000707200000, 0x0000000707400000|  0%| F|  |TAMS 0x0000000707200000, 0x0000000707200000| Untracked 
|  58|0x0000000707400000, 0x0000000707400000, 0x0000000707600000|  0%| F|  |TAMS 0x0000000707400000, 0x0000000707400000| Untracked 
|  59|0x0000000707600000, 0x0000000707600000, 0x0000000707800000|  0%| F|  |TAMS 0x0000000707600000, 0x0000000707600000| Untracked 
|  60|0x0000000707800000, 0x0000000707800000, 0x0000000707a00000|  0%| F|  |TAMS 0x0000000707800000, 0x0000000707800000| Untracked 
|  61|0x0000000707a00000, 0x0000000707a00000, 0x0000000707c00000|  0%| F|  |TAMS 0x0000000707a00000, 0x0000000707a00000| Untracked 
|  62|0x0000000707c00000, 0x0000000707c00000, 0x0000000707e00000|  0%| F|  |TAMS 0x0000000707c00000, 0x0000000707c00000| Untracked 
|  63|0x0000000707e00000, 0x0000000707e00000, 0x0000000708000000|  0%| F|  |TAMS 0x0000000707e00000, 0x0000000707e00000| Untracked 
|  64|0x0000000708000000, 0x0000000708000000, 0x0000000708200000|  0%| F|  |TAMS 0x0000000708000000, 0x0000000708000000| Untracked 
|  65|0x0000000708200000, 0x0000000708200000, 0x0000000708400000|  0%| F|  |TAMS 0x0000000708200000, 0x0000000708200000| Untracked 
|  66|0x0000000708400000, 0x0000000708400000, 0x0000000708600000|  0%| F|  |TAMS 0x0000000708400000, 0x0000000708400000| Untracked 
|  67|0x0000000708600000, 0x0000000708600000, 0x0000000708800000|  0%| F|  |TAMS 0x0000000708600000, 0x0000000708600000| Untracked 
|  68|0x0000000708800000, 0x0000000708800000, 0x0000000708a00000|  0%| F|  |TAMS 0x0000000708800000, 0x0000000708800000| Untracked 
|  69|0x0000000708a00000, 0x0000000708a00000, 0x0000000708c00000|  0%| F|  |TAMS 0x0000000708a00000, 0x0000000708a00000| Untracked 
|  70|0x0000000708c00000, 0x0000000708c00000, 0x0000000708e00000|  0%| F|  |TAMS 0x0000000708c00000, 0x0000000708c00000| Untracked 
|  71|0x0000000708e00000, 0x0000000708e00000, 0x0000000709000000|  0%| F|  |TAMS 0x0000000708e00000, 0x0000000708e00000| Untracked 
|  72|0x0000000709000000, 0x0000000709000000, 0x0000000709200000|  0%| F|  |TAMS 0x0000000709000000, 0x0000000709000000| Untracked 
|  73|0x0000000709200000, 0x0000000709200000, 0x0000000709400000|  0%| F|  |TAMS 0x0000000709200000, 0x0000000709200000| Untracked 
|  74|0x0000000709400000, 0x0000000709585f10, 0x0000000709600000| 76%| S|CS|TAMS 0x0000000709400000, 0x0000000709400000| Complete 
|  75|0x0000000709600000, 0x0000000709800000, 0x0000000709800000|100%| S|CS|TAMS 0x0000000709600000, 0x0000000709600000| Complete 
|  76|0x0000000709800000, 0x0000000709a00000, 0x0000000709a00000|100%| S|CS|TAMS 0x0000000709800000, 0x0000000709800000| Complete 
|  77|0x0000000709a00000, 0x0000000709c00000, 0x0000000709c00000|100%| S|CS|TAMS 0x0000000709a00000, 0x0000000709a00000| Complete 
|  78|0x0000000709c00000, 0x0000000709e00000, 0x0000000709e00000|100%| S|CS|TAMS 0x0000000709c00000, 0x0000000709c00000| Complete 
|  79|0x0000000709e00000, 0x000000070a000000, 0x000000070a000000|100%| S|CS|TAMS 0x0000000709e00000, 0x0000000709e00000| Complete 
|  80|0x000000070a000000, 0x000000070a000000, 0x000000070a200000|  0%| F|  |TAMS 0x000000070a000000, 0x000000070a000000| Untracked 
|  81|0x000000070a200000, 0x000000070a200000, 0x000000070a400000|  0%| F|  |TAMS 0x000000070a200000, 0x000000070a200000| Untracked 
|  82|0x000000070a400000, 0x000000070a400000, 0x000000070a600000|  0%| F|  |TAMS 0x000000070a400000, 0x000000070a400000| Untracked 
|  83|0x000000070a600000, 0x000000070a600000, 0x000000070a800000|  0%| F|  |TAMS 0x000000070a600000, 0x000000070a600000| Untracked 
|  84|0x000000070a800000, 0x000000070aa00000, 0x000000070aa00000|100%| E|CS|TAMS 0x000000070a800000, 0x000000070a800000| Complete 
|  85|0x000000070aa00000, 0x000000070ac00000, 0x000000070ac00000|100%| E|CS|TAMS 0x000000070aa00000, 0x000000070aa00000| Complete 
|  86|0x000000070ac00000, 0x000000070ae00000, 0x000000070ae00000|100%| E|CS|TAMS 0x000000070ac00000, 0x000000070ac00000| Complete 
|  87|0x000000070ae00000, 0x000000070b000000, 0x000000070b000000|100%| E|CS|TAMS 0x000000070ae00000, 0x000000070ae00000| Complete 
|  88|0x000000070b000000, 0x000000070b200000, 0x000000070b200000|100%| E|CS|TAMS 0x000000070b000000, 0x000000070b000000| Complete 
|  89|0x000000070b200000, 0x000000070b400000, 0x000000070b400000|100%| E|  |TAMS 0x000000070b200000, 0x000000070b200000| Complete 
|  90|0x000000070b400000, 0x000000070b600000, 0x000000070b600000|100%| E|CS|TAMS 0x000000070b400000, 0x000000070b400000| Complete 
|  91|0x000000070b600000, 0x000000070b800000, 0x000000070b800000|100%| E|CS|TAMS 0x000000070b600000, 0x000000070b600000| Complete 
|  92|0x000000070b800000, 0x000000070ba00000, 0x000000070ba00000|100%| E|CS|TAMS 0x000000070b800000, 0x000000070b800000| Complete 
|  93|0x000000070ba00000, 0x000000070bc00000, 0x000000070bc00000|100%| E|CS|TAMS 0x000000070ba00000, 0x000000070ba00000| Complete 
|  94|0x000000070bc00000, 0x000000070be00000, 0x000000070be00000|100%| E|CS|TAMS 0x000000070bc00000, 0x000000070bc00000| Complete 
|  95|0x000000070be00000, 0x000000070c000000, 0x000000070c000000|100%| E|CS|TAMS 0x000000070be00000, 0x000000070be00000| Complete 
|  96|0x000000070c000000, 0x000000070c200000, 0x000000070c200000|100%| E|CS|TAMS 0x000000070c000000, 0x000000070c000000| Complete 
|  97|0x000000070c200000, 0x000000070c400000, 0x000000070c400000|100%| E|CS|TAMS 0x000000070c200000, 0x000000070c200000| Complete 
|  98|0x000000070c400000, 0x000000070c600000, 0x000000070c600000|100%| E|CS|TAMS 0x000000070c400000, 0x000000070c400000| Complete 
|  99|0x000000070c600000, 0x000000070c800000, 0x000000070c800000|100%| E|CS|TAMS 0x000000070c600000, 0x000000070c600000| Complete 
| 100|0x000000070c800000, 0x000000070ca00000, 0x000000070ca00000|100%| E|CS|TAMS 0x000000070c800000, 0x000000070c800000| Complete 
| 101|0x000000070ca00000, 0x000000070cc00000, 0x000000070cc00000|100%| E|CS|TAMS 0x000000070ca00000, 0x000000070ca00000| Complete 
| 102|0x000000070cc00000, 0x000000070ce00000, 0x000000070ce00000|100%| E|CS|TAMS 0x000000070cc00000, 0x000000070cc00000| Complete 
| 103|0x000000070ce00000, 0x000000070d000000, 0x000000070d000000|100%| E|CS|TAMS 0x000000070ce00000, 0x000000070ce00000| Complete 
| 104|0x000000070d000000, 0x000000070d200000, 0x000000070d200000|100%| E|CS|TAMS 0x000000070d000000, 0x000000070d000000| Complete 
| 105|0x000000070d200000, 0x000000070d400000, 0x000000070d400000|100%| E|CS|TAMS 0x000000070d200000, 0x000000070d200000| Complete 
| 106|0x000000070d400000, 0x000000070d600000, 0x000000070d600000|100%| E|CS|TAMS 0x000000070d400000, 0x000000070d400000| Complete 
| 107|0x000000070d600000, 0x000000070d800000, 0x000000070d800000|100%| E|CS|TAMS 0x000000070d600000, 0x000000070d600000| Complete 
| 108|0x000000070d800000, 0x000000070da00000, 0x000000070da00000|100%| E|CS|TAMS 0x000000070d800000, 0x000000070d800000| Complete 
| 109|0x000000070da00000, 0x000000070dc00000, 0x000000070dc00000|100%| E|CS|TAMS 0x000000070da00000, 0x000000070da00000| Complete 
| 110|0x000000070dc00000, 0x000000070de00000, 0x000000070de00000|100%| E|CS|TAMS 0x000000070dc00000, 0x000000070dc00000| Complete 
| 111|0x000000070de00000, 0x000000070e000000, 0x000000070e000000|100%| E|CS|TAMS 0x000000070de00000, 0x000000070de00000| Complete 
| 112|0x000000070e000000, 0x000000070e200000, 0x000000070e200000|100%| E|CS|TAMS 0x000000070e000000, 0x000000070e000000| Complete 
| 113|0x000000070e200000, 0x000000070e400000, 0x000000070e400000|100%| E|CS|TAMS 0x000000070e200000, 0x000000070e200000| Complete 
| 114|0x000000070e400000, 0x000000070e600000, 0x000000070e600000|100%| E|CS|TAMS 0x000000070e400000, 0x000000070e400000| Complete 
| 115|0x000000070e600000, 0x000000070e800000, 0x000000070e800000|100%| E|CS|TAMS 0x000000070e600000, 0x000000070e600000| Complete 
| 116|0x000000070e800000, 0x000000070ea00000, 0x000000070ea00000|100%| E|CS|TAMS 0x000000070e800000, 0x000000070e800000| Complete 
| 117|0x000000070ea00000, 0x000000070ec00000, 0x000000070ec00000|100%| E|CS|TAMS 0x000000070ea00000, 0x000000070ea00000| Complete 
| 118|0x000000070ec00000, 0x000000070ee00000, 0x000000070ee00000|100%| E|CS|TAMS 0x000000070ec00000, 0x000000070ec00000| Complete 

Card table byte_map: [0x000002672f910000,0x0000026730110000] _byte_map_base: 0x000002672c110000

Marking Bits (Prev, Next): (CMBitMap*) 0x000002671aa15af0, (CMBitMap*) 0x000002671aa15b30
 Prev Bits: [0x0000026730910000, 0x0000026734910000)
 Next Bits: [0x0000026734910000, 0x0000026738910000)

Polling page: 0x0000026719ee0000

Metaspace:

Usage:
  Non-class:     88.70 MB used.
      Class:     14.27 MB used.
       Both:    102.97 MB used.

Virtual space:
  Non-class space:       96.00 MB reserved,      89.06 MB ( 93%) committed,  12 nodes.
      Class space:        1.00 GB reserved,      14.56 MB (  1%) committed,  1 nodes.
             Both:        1.09 GB reserved,     103.62 MB (  9%) committed. 

Chunk freelists:
   Non-Class:  2.42 MB
       Class:  1.39 MB
        Both:  3.81 MB

MaxMetaspaceSize: unlimited
CompressedClassSpaceSize: 1.00 GB
Initial GC threshold: 21.00 MB
Current GC threshold: 155.56 MB
CDS: off
MetaspaceReclaimPolicy: balanced
 - commit_granule_bytes: 65536.
 - commit_granule_words: 8192.
 - virtual_space_node_default_size: 1048576.
 - enlarge_chunks_in_place: 1.
 - new_chunks_are_fully_committed: 0.
 - uncommit_free_chunks: 1.
 - use_allocation_guard: 0.
 - handle_deallocations: 1.


Internal statistics:

num_allocs_failed_limit: 6.
num_arena_births: 1068.
num_arena_deaths: 14.
num_vsnodes_births: 13.
num_vsnodes_deaths: 0.
num_space_committed: 1657.
num_space_uncommitted: 0.
num_chunks_returned_to_freelist: 25.
num_chunks_taken_from_freelist: 4969.
num_chunk_merges: 14.
num_chunk_splits: 3338.
num_chunks_enlarged: 2296.
num_purges: 2.
num_inconsistent_stats: 0.

CodeHeap 'non-profiled nmethods': size=120000Kb used=5630Kb max_used=5630Kb free=114369Kb
 bounds [0x0000026727170000, 0x00000267276f0000, 0x000002672e6a0000]
CodeHeap 'profiled nmethods': size=120000Kb used=22746Kb max_used=22746Kb free=97254Kb
 bounds [0x000002671f6a0000, 0x0000026720ce0000, 0x0000026726bd0000]
CodeHeap 'non-nmethods': size=5760Kb used=2418Kb max_used=2457Kb free=3341Kb
 bounds [0x0000026726bd0000, 0x0000026726e40000, 0x0000026727170000]
 total_blobs=12015 nmethods=11074 adapters=853
 compilation: enabled
              stopped_count=0, restarted_count=0
 full_count=0

Compilation events (20 events):
Event: 34.405 Thread 0x000002673bcbaf50 nmethod 12660 0x0000026720c8c310 code [0x0000026720c8c500, 0x0000026720c8c8a8]
Event: 34.405 Thread 0x000002673bcbaf50 12667       2       com.android.tools.r8.internal.GQ::a (169 bytes)
Event: 34.406 Thread 0x000002673bcbaf50 nmethod 12667 0x0000026720c8cc10 code [0x0000026720c8cea0, 0x0000026720c8d628]
Event: 34.406 Thread 0x000002673bcbaf50 12661       2       com.android.tools.r8.graph.q0::D1 (23 bytes)
Event: 34.406 Thread 0x000002673bcbaf50 nmethod 12661 0x0000026720c8da90 code [0x0000026720c8dc20, 0x0000026720c8dda8]
Event: 34.406 Thread 0x000002673bcbaf50 12662       2       com.android.tools.r8.graph.q0::G1 (12 bytes)
Event: 34.406 Thread 0x000002673bcbaf50 nmethod 12662 0x0000026720c8de90 code [0x0000026720c8e020, 0x0000026720c8e148]
Event: 34.406 Thread 0x000002673bcbaf50 12663       2       com.android.tools.r8.graph.q0::H1 (13 bytes)
Event: 34.406 Thread 0x000002673bcbaf50 nmethod 12663 0x0000026720c8e210 code [0x0000026720c8e3a0, 0x0000026720c8e4b8]
Event: 34.406 Thread 0x000002673bcbaf50 12664       2       com.android.tools.r8.graph.o5::a (34 bytes)
Event: 34.406 Thread 0x000002673bcbaf50 nmethod 12664 0x0000026720c8e590 code [0x0000026720c8e720, 0x0000026720c8e838]
Event: 34.406 Thread 0x000002673bcbaf50 12665       2       com.android.tools.r8.internal.I7::l (2 bytes)
Event: 34.406 Thread 0x000002673bcbaf50 nmethod 12665 0x0000026720c8e910 code [0x0000026720c8eaa0, 0x0000026720c8ebb8]
Event: 34.406 Thread 0x000002673bcbaf50 12666       2       com.android.tools.r8.graph.Z3::K (53 bytes)
Event: 34.406 Thread 0x000002673bcbaf50 nmethod 12666 0x0000026720c8ec90 code [0x0000026720c8ee60, 0x0000026720c8f128]
Event: 34.407 Thread 0x000002673bcbaf50 12672 %     3       com.android.tools.r8.internal.Ia::a @ 4363 (4479 bytes)
Event: 34.419 Thread 0x000002673bc5dbd0 nmethod 12453 0x00000267276ebc10 code [0x00000267276ebde0, 0x00000267276ecda8]
Event: 34.419 Thread 0x000002673bc5dbd0 12639       4       java.util.regex.Pattern$SliceU::match (99 bytes)
Event: 34.443 Thread 0x000002673bc5dbd0 nmethod 12639 0x00000267276ed490 code [0x00000267276ed680, 0x00000267276ee468]
Event: 34.443 Thread 0x000002673bc5dbd0 12314   !   4       java.util.concurrent.locks.AbstractQueuedSynchronizer::acquire (407 bytes)

GC Heap History (20 events):
Event: 28.721 GC heap before
{Heap before GC invocations=47 (full 0):
 garbage-first heap   total 120832K, used 99920K [0x0000000700000000, 0x0000000800000000)
  region size 2048K, 17 young (34816K), 3 survivors (6144K)
 Metaspace       used 90766K, committed 91456K, reserved 1130496K
  class space    used 12440K, committed 12736K, reserved 1048576K
}
Event: 28.728 GC heap after
{Heap after GC invocations=48 (full 0):
 garbage-first heap   total 120832K, used 75737K [0x0000000700000000, 0x0000000800000000)
  region size 2048K, 3 young (6144K), 3 survivors (6144K)
 Metaspace       used 90766K, committed 91456K, reserved 1130496K
  class space    used 12440K, committed 12736K, reserved 1048576K
}
Event: 29.275 GC heap before
{Heap before GC invocations=49 (full 0):
 garbage-first heap   total 133120K, used 94169K [0x0000000700000000, 0x0000000800000000)
  region size 2048K, 13 young (26624K), 3 survivors (6144K)
 Metaspace       used 91425K, committed 92096K, reserved 1130496K
  class space    used 12546K, committed 12864K, reserved 1048576K
}
Event: 29.284 GC heap after
{Heap after GC invocations=50 (full 0):
 garbage-first heap   total 133120K, used 78414K [0x0000000700000000, 0x0000000800000000)
  region size 2048K, 2 young (4096K), 2 survivors (4096K)
 Metaspace       used 91425K, committed 92096K, reserved 1130496K
  class space    used 12546K, committed 12864K, reserved 1048576K
}
Event: 29.710 GC heap before
{Heap before GC invocations=50 (full 0):
 garbage-first heap   total 133120K, used 105038K [0x0000000700000000, 0x0000000800000000)
  region size 2048K, 16 young (32768K), 2 survivors (4096K)
 Metaspace       used 91624K, committed 92288K, reserved 1130496K
  class space    used 12547K, committed 12864K, reserved 1048576K
}
Event: 29.714 GC heap after
{Heap after GC invocations=51 (full 0):
 garbage-first heap   total 133120K, used 80037K [0x0000000700000000, 0x0000000800000000)
  region size 2048K, 1 young (2048K), 1 survivors (2048K)
 Metaspace       used 91624K, committed 92288K, reserved 1130496K
  class space    used 12547K, committed 12864K, reserved 1048576K
}
Event: 31.060 GC heap before
{Heap before GC invocations=52 (full 0):
 garbage-first heap   total 147456K, used 106661K [0x0000000700000000, 0x0000000800000000)
  region size 2048K, 15 young (30720K), 1 survivors (2048K)
 Metaspace       used 92380K, committed 93120K, reserved 1130496K
  class space    used 12652K, committed 12992K, reserved 1048576K
}
Event: 31.064 GC heap after
{Heap after GC invocations=53 (full 0):
 garbage-first heap   total 147456K, used 81517K [0x0000000700000000, 0x0000000800000000)
  region size 2048K, 2 young (4096K), 2 survivors (4096K)
 Metaspace       used 92380K, committed 93120K, reserved 1130496K
  class space    used 12652K, committed 12992K, reserved 1048576K
}
Event: 31.094 GC heap before
{Heap before GC invocations=53 (full 0):
 garbage-first heap   total 147456K, used 81517K [0x0000000700000000, 0x0000000800000000)
  region size 2048K, 3 young (6144K), 2 survivors (4096K)
 Metaspace       used 92433K, committed 93120K, reserved 1130496K
  class space    used 12658K, committed 12992K, reserved 1048576K
}
Event: 31.098 GC heap after
{Heap after GC invocations=54 (full 0):
 garbage-first heap   total 147456K, used 80802K [0x0000000700000000, 0x0000000800000000)
  region size 2048K, 1 young (2048K), 1 survivors (2048K)
 Metaspace       used 92433K, committed 93120K, reserved 1130496K
  class space    used 12658K, committed 12992K, reserved 1048576K
}
Event: 31.521 GC heap before
{Heap before GC invocations=54 (full 0):
 garbage-first heap   total 147456K, used 115618K [0x0000000700000000, 0x0000000800000000)
  region size 2048K, 19 young (38912K), 1 survivors (2048K)
 Metaspace       used 94429K, committed 95168K, reserved 1138688K
  class space    used 12862K, committed 13184K, reserved 1048576K
}
Event: 31.525 GC heap after
{Heap after GC invocations=55 (full 0):
 garbage-first heap   total 147456K, used 83070K [0x0000000700000000, 0x0000000800000000)
  region size 2048K, 2 young (4096K), 2 survivors (4096K)
 Metaspace       used 94429K, committed 95168K, reserved 1138688K
  class space    used 12862K, committed 13184K, reserved 1048576K
}
Event: 31.778 GC heap before
{Heap before GC invocations=56 (full 0):
 garbage-first heap   total 157696K, used 117886K [0x0000000700000000, 0x0000000800000000)
  region size 2048K, 20 young (40960K), 2 survivors (4096K)
 Metaspace       used 95579K, committed 96256K, reserved 1138688K
  class space    used 13012K, committed 13312K, reserved 1048576K
}
Event: 31.785 GC heap after
{Heap after GC invocations=57 (full 0):
 garbage-first heap   total 157696K, used 88841K [0x0000000700000000, 0x0000000800000000)
  region size 2048K, 3 young (6144K), 3 survivors (6144K)
 Metaspace       used 95579K, committed 96256K, reserved 1138688K
  class space    used 13012K, committed 13312K, reserved 1048576K
}
Event: 31.799 GC heap before
{Heap before GC invocations=57 (full 0):
 garbage-first heap   total 157696K, used 90889K [0x0000000700000000, 0x0000000800000000)
  region size 2048K, 4 young (8192K), 3 survivors (6144K)
 Metaspace       used 95637K, committed 96320K, reserved 1138688K
  class space    used 13024K, committed 13376K, reserved 1048576K
}
Event: 31.809 GC heap after
{Heap after GC invocations=58 (full 0):
 garbage-first heap   total 243712K, used 88891K [0x0000000700000000, 0x0000000800000000)
  region size 2048K, 1 young (2048K), 1 survivors (2048K)
 Metaspace       used 95637K, committed 96320K, reserved 1138688K
  class space    used 13024K, committed 13376K, reserved 1048576K
}
Event: 32.739 GC heap before
{Heap before GC invocations=58 (full 0):
 garbage-first heap   total 243712K, used 189243K [0x0000000700000000, 0x0000000800000000)
  region size 2048K, 50 young (102400K), 1 survivors (2048K)
 Metaspace       used 100926K, committed 101632K, reserved 1138688K
  class space    used 13826K, committed 14144K, reserved 1048576K
}
Event: 32.760 GC heap after
{Heap after GC invocations=59 (full 0):
 garbage-first heap   total 243712K, used 103388K [0x0000000700000000, 0x0000000800000000)
  region size 2048K, 7 young (14336K), 7 survivors (14336K)
 Metaspace       used 100926K, committed 101632K, reserved 1138688K
  class space    used 13826K, committed 14144K, reserved 1048576K
}
Event: 34.335 GC heap before
{Heap before GC invocations=59 (full 0):
 garbage-first heap   total 243712K, used 183260K [0x0000000700000000, 0x0000000800000000)
  region size 2048K, 46 young (94208K), 7 survivors (14336K)
 Metaspace       used 104113K, committed 104832K, reserved 1146880K
  class space    used 14381K, committed 14720K, reserved 1048576K
}
Event: 34.358 GC heap after
{Heap after GC invocations=60 (full 0):
 garbage-first heap   total 243712K, used 114940K [0x0000000700000000, 0x0000000800000000)
  region size 2048K, 6 young (12288K), 6 survivors (12288K)
 Metaspace       used 104113K, committed 104832K, reserved 1146880K
  class space    used 14381K, committed 14720K, reserved 1048576K
}

Dll operation events (2 events):
Event: 0.025 Loaded shared library C:\Program Files\Android\Android Studio\jbr\bin\java.dll
Event: 1.250 Loaded shared library C:\Program Files\Android\Android Studio\jbr\bin\verify.dll

Deoptimization events (20 events):
Event: 34.303 Thread 0x0000026744228190 DEOPT PACKING pc=0x0000026727366d98 sp=0x000000fcfebfd2e0
Event: 34.303 Thread 0x0000026744228190 DEOPT UNPACKING pc=0x0000026726c2a1a3 sp=0x000000fcfebfd268 mode 2
Event: 34.308 Thread 0x0000026744228190 Uncommon trap: trap_request=0xffffffde fr.pc=0x0000026727366d98 relative=0x0000000000000078
Event: 34.309 Thread 0x0000026744228190 Uncommon trap: reason=class_check action=maybe_recompile pc=0x0000026727366d98 method=com.android.tools.build.apkzlib.zip.CentralDirectoryHeader.getCompressionInfoWithWait()Lcom/android/tools/build/apkzlib/zip/CentralDirectoryHeaderCompressInfo; @ 4 c2
Event: 34.309 Thread 0x0000026744228190 DEOPT PACKING pc=0x0000026727366d98 sp=0x000000fcfebfd2b0
Event: 34.309 Thread 0x0000026744228190 DEOPT UNPACKING pc=0x0000026726c2a1a3 sp=0x000000fcfebfd230 mode 2
Event: 34.313 Thread 0x0000026744228190 Uncommon trap: trap_request=0xffffffde fr.pc=0x0000026727366d98 relative=0x0000000000000078
Event: 34.313 Thread 0x0000026744228190 Uncommon trap: reason=class_check action=maybe_recompile pc=0x0000026727366d98 method=com.android.tools.build.apkzlib.zip.CentralDirectoryHeader.getCompressionInfoWithWait()Lcom/android/tools/build/apkzlib/zip/CentralDirectoryHeaderCompressInfo; @ 4 c2
Event: 34.313 Thread 0x0000026744228190 DEOPT PACKING pc=0x0000026727366d98 sp=0x000000fcfebfd2c0
Event: 34.313 Thread 0x0000026744228190 DEOPT UNPACKING pc=0x0000026726c2a1a3 sp=0x000000fcfebfd240 mode 2
Event: 34.399 Thread 0x000002673eb01b90 Uncommon trap: trap_request=0xffffff45 fr.pc=0x00000267274a4954 relative=0x00000000000003b4
Event: 34.399 Thread 0x000002673eb01b90 Uncommon trap: reason=unstable_if action=reinterpret pc=0x00000267274a4954 method=com.android.tools.r8.utils.j1.e(I)Z @ 45 c2
Event: 34.399 Thread 0x000002673eb01b90 DEOPT PACKING pc=0x00000267274a4954 sp=0x000000fcfb0f8d00
Event: 34.399 Thread 0x000002673eb01b90 DEOPT UNPACKING pc=0x0000026726c2a1a3 sp=0x000000fcfb0f8bd0 mode 2
Event: 34.399 Thread 0x000002673eb01b90 Uncommon trap: trap_request=0xffffff45 fr.pc=0x000002672734c604 relative=0x0000000000000084
Event: 34.399 Thread 0x000002673eb01b90 Uncommon trap: reason=unstable_if action=reinterpret pc=0x000002672734c604 method=com.android.tools.r8.utils.j1.e(I)Z @ 45 c2
Event: 34.399 Thread 0x000002673eb01b90 DEOPT PACKING pc=0x000002672734c604 sp=0x000000fcfb0f8c50
Event: 34.399 Thread 0x000002673eb01b90 DEOPT UNPACKING pc=0x0000026726c2a1a3 sp=0x000000fcfb0f8be0 mode 2
Event: 34.406 Thread 0x0000026741972770 DEOPT PACKING pc=0x0000026720ace711 sp=0x000000fcfdbf9350
Event: 34.406 Thread 0x0000026741972770 DEOPT UNPACKING pc=0x0000026726c2ace3 sp=0x000000fcfdbf8820 mode 0

Classes unloaded (7 events):
Event: 31.617 Thread 0x000002673b386980 Unloading class 0x0000000800c91c00 'java/lang/invoke/LambdaForm$DMH+0x0000000800c91c00'
Event: 31.618 Thread 0x000002673b386980 Unloading class 0x0000000800c91800 'java/lang/invoke/LambdaForm$DMH+0x0000000800c91800'
Event: 31.618 Thread 0x000002673b386980 Unloading class 0x0000000800c91400 'java/lang/invoke/LambdaForm$DMH+0x0000000800c91400'
Event: 31.618 Thread 0x000002673b386980 Unloading class 0x0000000800c91000 'java/lang/invoke/LambdaForm$DMH+0x0000000800c91000'
Event: 31.618 Thread 0x000002673b386980 Unloading class 0x0000000800c90400 'java/lang/invoke/LambdaForm$DMH+0x0000000800c90400'
Event: 31.618 Thread 0x000002673b386980 Unloading class 0x0000000800c90800 'java/lang/invoke/LambdaForm$DMH+0x0000000800c90800'
Event: 31.618 Thread 0x000002673b386980 Unloading class 0x0000000800c90c00 'java/lang/invoke/LambdaForm$DMH+0x0000000800c90c00'

Classes redefined (0 events):
No events

Internal exceptions (20 events):
Event: 32.612 Thread 0x000002673e5fd9a0 Exception <a 'java/lang/NoSuchMethodError'{0x0000000709c77770}: 'void java.lang.invoke.DirectMethodHandle$Holder.invokeStatic(java.lang.Object, java.lang.Object, java.lang.Object, int)'> (0x0000000709c77770) 
thrown [s\src\hotspot\share\interpreter\linkResolver.cpp, line 771]
Event: 32.612 Thread 0x00000267400e3400 Exception <a 'java/lang/NoSuchMethodError'{0x000000070a3228a8}: 'void java.lang.invoke.DirectMethodHandle$Holder.invokeStatic(java.lang.Object, java.lang.Object, java.lang.Object, int)'> (0x000000070a3228a8) 
thrown [s\src\hotspot\share\interpreter\linkResolver.cpp, line 771]
Event: 32.612 Thread 0x0000026741972770 Exception <a 'java/lang/NoSuchMethodError'{0x000000070a49c1c8}: 'void java.lang.invoke.DirectMethodHandle$Holder.invokeStatic(java.lang.Object, java.lang.Object, java.lang.Object, int)'> (0x000000070a49c1c8) 
thrown [s\src\hotspot\share\interpreter\linkResolver.cpp, line 771]
Event: 32.614 Thread 0x00000267413596f0 Exception <a 'java/lang/IncompatibleClassChangeError'{0x0000000709c96a28}: Found class java.lang.Object, but interface was expected> (0x0000000709c96a28) 
thrown [s\src\hotspot\share\interpreter\linkResolver.cpp, line 838]
Event: 32.614 Thread 0x000002673e5fd9a0 Exception <a 'java/lang/IncompatibleClassChangeError'{0x0000000709da48f0}: Found class java.lang.Object, but interface was expected> (0x0000000709da48f0) 
thrown [s\src\hotspot\share\interpreter\linkResolver.cpp, line 838]
Event: 32.614 Thread 0x0000026741972770 Exception <a 'java/lang/IncompatibleClassChangeError'{0x0000000709d884e8}: Found class java.lang.Object, but interface was expected> (0x0000000709d884e8) 
thrown [s\src\hotspot\share\interpreter\linkResolver.cpp, line 838]
Event: 32.615 Thread 0x000002673eb01b90 Exception <a 'java/lang/NoSuchMethodError'{0x0000000709c7f518}: 'void java.lang.invoke.DirectMethodHandle$Holder.invokeStatic(java.lang.Object, java.lang.Object, java.lang.Object, int)'> (0x0000000709c7f518) 
thrown [s\src\hotspot\share\interpreter\linkResolver.cpp, line 771]
Event: 32.630 Thread 0x00000267413596f0 Exception <a 'java/lang/NoSuchMethodError'{0x0000000709db2300}: 'void java.lang.invoke.DirectMethodHandle$Holder.invokeInterface(java.lang.Object, java.lang.Object, java.lang.Object, int)'> (0x0000000709db2300) 
thrown [s\src\hotspot\share\interpreter\linkResolver.cpp, line 771]
Event: 32.631 Thread 0x000002673e5fd9a0 Exception <a 'java/lang/NoSuchMethodError'{0x0000000709da90f8}: 'void java.lang.invoke.DirectMethodHandle$Holder.invokeInterface(java.lang.Object, java.lang.Object, java.lang.Object, int)'> (0x0000000709da90f8) 
thrown [s\src\hotspot\share\interpreter\linkResolver.cpp, line 771]
Event: 32.631 Thread 0x0000026741972770 Exception <a 'java/lang/NoSuchMethodError'{0x0000000709d8cd28}: 'void java.lang.invoke.DirectMethodHandle$Holder.invokeInterface(java.lang.Object, java.lang.Object, java.lang.Object, int)'> (0x0000000709d8cd28) 
thrown [s\src\hotspot\share\interpreter\linkResolver.cpp, line 771]
Event: 34.139 Thread 0x0000026744228190 Exception <a 'java/lang/NoSuchMethodError'{0x000000070d29bd60}: 'java.lang.Object java.lang.invoke.DirectMethodHandle$Holder.invokeVirtual(java.lang.Object, java.lang.Object, int)'> (0x000000070d29bd60) 
thrown [s\src\hotspot\share\interpreter\linkResolver.cpp, line 771]
Event: 34.228 Thread 0x0000026741972770 Exception <a 'java/lang/NoSuchMethodError'{0x000000070b9f44c0}: 'java.lang.Object java.lang.invoke.DirectMethodHandle$Holder.invokeStatic(java.lang.Object, int, java.lang.Object, java.lang.Object)'> (0x000000070b9f44c0) 
thrown [s\src\hotspot\share\interpreter\linkResolver.cpp, line 771]
Event: 34.228 Thread 0x000002673eb01b90 Exception <a 'java/lang/NoSuchMethodError'{0x000000070b4e7ba8}: 'java.lang.Object java.lang.invoke.DirectMethodHandle$Holder.invokeStatic(java.lang.Object, int, java.lang.Object, java.lang.Object)'> (0x000000070b4e7ba8) 
thrown [s\src\hotspot\share\interpreter\linkResolver.cpp, line 771]
Event: 34.228 Thread 0x00000267413596f0 Exception <a 'java/lang/NoSuchMethodError'{0x000000070b8d30d8}: 'java.lang.Object java.lang.invoke.DirectMethodHandle$Holder.invokeStatic(java.lang.Object, int, java.lang.Object, java.lang.Object)'> (0x000000070b8d30d8) 
thrown [s\src\hotspot\share\interpreter\linkResolver.cpp, line 771]
Event: 34.228 Thread 0x000002673e5fd9a0 Exception <a 'java/lang/NoSuchMethodError'{0x000000070b6798e0}: 'java.lang.Object java.lang.invoke.DirectMethodHandle$Holder.invokeStatic(java.lang.Object, int, java.lang.Object, java.lang.Object)'> (0x000000070b6798e0) 
thrown [s\src\hotspot\share\interpreter\linkResolver.cpp, line 771]
Event: 34.228 Thread 0x00000267400e3400 Exception <a 'java/lang/NoSuchMethodError'{0x000000070b4f8e70}: 'java.lang.Object java.lang.invoke.DirectMethodHandle$Holder.invokeStatic(java.lang.Object, int, java.lang.Object, java.lang.Object)'> (0x000000070b4f8e70) 
thrown [s\src\hotspot\share\interpreter\linkResolver.cpp, line 771]
Event: 34.236 Thread 0x00000267413596f0 Exception <a 'java/lang/NoSuchMethodError'{0x000000070b5b0ec8}: 'java.lang.Object java.lang.invoke.DirectMethodHandle$Holder.invokeStatic(java.lang.Object, java.lang.Object, int, java.lang.Object, java.lang.Object)'> (0x000000070b5b0ec8) 
thrown [s\src\hotspot\share\interpreter\linkResolver.cpp, line 771]
Event: 34.236 Thread 0x000002673eb01b90 Exception <a 'java/lang/NoSuchMethodError'{0x000000070b208ae8}: 'java.lang.Object java.lang.invoke.DirectMethodHandle$Holder.invokeStatic(java.lang.Object, java.lang.Object, int, java.lang.Object, java.lang.Object)'> (0x000000070b208ae8) 
thrown [s\src\hotspot\share\interpreter\linkResolver.cpp, line 771]
Event: 34.236 Thread 0x0000026741972770 Exception <a 'java/lang/NoSuchMethodError'{0x000000070b58e038}: 'java.lang.Object java.lang.invoke.DirectMethodHandle$Holder.invokeStatic(java.lang.Object, java.lang.Object, int, java.lang.Object, java.lang.Object)'> (0x000000070b58e038) 
thrown [s\src\hotspot\share\interpreter\linkResolver.cpp, line 771]
Event: 34.237 Thread 0x00000267400e3400 Exception <a 'java/lang/NoSuchMethodError'{0x000000070b507c80}: 'java.lang.Object java.lang.invoke.DirectMethodHandle$Holder.invokeStatic(java.lang.Object, java.lang.Object, int, java.lang.Object, java.lang.Object)'> (0x000000070b507c80) 
thrown [s\src\hotspot\share\interpreter\linkResolver.cpp, line 771]

VM Operations (20 events):
Event: 32.771 Executing VM operation: HandshakeAllThreads
Event: 32.772 Executing VM operation: HandshakeAllThreads done
Event: 32.786 Executing VM operation: HandshakeAllThreads
Event: 32.787 Executing VM operation: HandshakeAllThreads done
Event: 32.790 Executing VM operation: HandshakeAllThreads
Event: 32.790 Executing VM operation: HandshakeAllThreads done
Event: 33.790 Executing VM operation: Cleanup
Event: 34.045 Executing VM operation: Cleanup done
Event: 34.135 Executing VM operation: HandshakeAllThreads
Event: 34.135 Executing VM operation: HandshakeAllThreads done
Event: 34.232 Executing VM operation: HandshakeAllThreads
Event: 34.232 Executing VM operation: HandshakeAllThreads done
Event: 34.234 Executing VM operation: HandshakeAllThreads
Event: 34.235 Executing VM operation: HandshakeAllThreads done
Event: 34.261 Executing VM operation: HandshakeAllThreads
Event: 34.263 Executing VM operation: HandshakeAllThreads done
Event: 34.265 Executing VM operation: HandshakeAllThreads
Event: 34.265 Executing VM operation: HandshakeAllThreads done
Event: 34.334 Executing VM operation: G1CollectForAllocation
Event: 34.358 Executing VM operation: G1CollectForAllocation done

Events (20 events):
Event: 34.267 loading class sun/nio/cs/ThreadLocalCoders
Event: 34.268 loading class sun/nio/cs/ThreadLocalCoders done
Event: 34.268 loading class sun/nio/cs/ThreadLocalCoders$1
Event: 34.268 loading class sun/nio/cs/ThreadLocalCoders$Cache
Event: 34.268 loading class sun/nio/cs/ThreadLocalCoders$Cache done
Event: 34.268 loading class sun/nio/cs/ThreadLocalCoders$1 done
Event: 34.270 loading class sun/nio/cs/ThreadLocalCoders$2
Event: 34.270 loading class sun/nio/cs/ThreadLocalCoders$2 done
Event: 34.274 loading class java/util/zip/Deflater
Event: 34.275 loading class java/util/zip/Deflater done
Event: 34.280 loading class java/util/zip/Deflater$DeflaterZStreamRef
Event: 34.280 loading class java/util/zip/Deflater$DeflaterZStreamRef done
Event: 34.306 loading class java/util/TreeMap$AscendingSubMap
Event: 34.307 loading class java/util/TreeMap$NavigableSubMap
Event: 34.308 loading class java/util/TreeMap$NavigableSubMap done
Event: 34.308 loading class java/util/TreeMap$AscendingSubMap done
Event: 34.308 loading class java/util/TreeMap$NavigableSubMap$SubMapKeyIterator
Event: 34.308 loading class java/util/TreeMap$NavigableSubMap$SubMapIterator
Event: 34.308 loading class java/util/TreeMap$NavigableSubMap$SubMapIterator done
Event: 34.308 loading class java/util/TreeMap$NavigableSubMap$SubMapKeyIterator done


Dynamic libraries:
0x00007ff65b880000 - 0x00007ff65b88a000 	C:\Program Files\Android\Android Studio\jbr\bin\java.exe
0x00007ffbbb4f0000 - 0x00007ffbbb6e7000 	C:\Windows\SYSTEM32\ntdll.dll
0x00007ffbb98d0000 - 0x00007ffbb998d000 	C:\Windows\System32\KERNEL32.DLL
0x00007ffbb8e70000 - 0x00007ffbb9166000 	C:\Windows\System32\KERNELBASE.dll
0x00007ffb62250000 - 0x00007ffb6231f000 	C:\Program Files\Bitdefender\Endpoint Security\bdhkm\dlls_266284632867764060\bdhkm64.dll
0x00007ffb620f0000 - 0x00007ffb62249000 	C:\Program Files\Bitdefender\Endpoint Security\atcuf\dlls_266780727744443306\atcuf64.dll
0x00007ffbb9200000 - 0x00007ffbb9300000 	C:\Windows\System32\ucrtbase.dll
0x00007ffb99e70000 - 0x00007ffb99e87000 	C:\Program Files\Android\Android Studio\jbr\bin\jli.dll
0x00007ffbba610000 - 0x00007ffbba7ae000 	C:\Windows\System32\USER32.dll
0x00007ffbb9350000 - 0x00007ffbb9372000 	C:\Windows\System32\win32u.dll
0x00007ffbb97f0000 - 0x00007ffbb981c000 	C:\Windows\System32\GDI32.dll
0x00007ffbb8d50000 - 0x00007ffbb8e6a000 	C:\Windows\System32\gdi32full.dll
0x00007ffbb8c80000 - 0x00007ffbb8d1d000 	C:\Windows\System32\msvcp_win.dll
0x00007ffb94bd0000 - 0x00007ffb94beb000 	C:\Program Files\Android\Android Studio\jbr\bin\VCRUNTIME140.dll
0x00007ffbabb70000 - 0x00007ffbabe0a000 	C:\Windows\WinSxS\amd64_microsoft.windows.common-controls_6595b64144ccf1df_6.0.19041.3570_none_60bb2a3971f3e41a\COMCTL32.dll
0x00007ffbb9550000 - 0x00007ffbb95ee000 	C:\Windows\System32\msvcrt.dll
0x00007ffbb9c60000 - 0x00007ffbb9c90000 	C:\Windows\System32\IMM32.DLL
0x00007ffbafa00000 - 0x00007ffbafa0c000 	C:\Program Files\Android\Android Studio\jbr\bin\vcruntime140_1.dll
0x00007ffb84d90000 - 0x00007ffb84e1d000 	C:\Program Files\Android\Android Studio\jbr\bin\msvcp140.dll
0x00007ffb70900000 - 0x00007ffb7156e000 	C:\Program Files\Android\Android Studio\jbr\bin\server\jvm.dll
0x00007ffbbaf00000 - 0x00007ffbbafae000 	C:\Windows\System32\ADVAPI32.dll
0x00007ffbb96a0000 - 0x00007ffbb973c000 	C:\Windows\System32\sechost.dll
0x00007ffbb9ad0000 - 0x00007ffbb9bf6000 	C:\Windows\System32\RPCRT4.dll
0x00007ffbadfd0000 - 0x00007ffbadfd9000 	C:\Windows\SYSTEM32\WSOCK32.dll
0x00007ffbb9a60000 - 0x00007ffbb9acb000 	C:\Windows\System32\WS2_32.dll
0x00007ffbaceb0000 - 0x00007ffbaced7000 	C:\Windows\SYSTEM32\WINMM.dll
0x00007ffbb21b0000 - 0x00007ffbb21ba000 	C:\Windows\SYSTEM32\VERSION.dll
0x00007ffbb73c0000 - 0x00007ffbb73d2000 	C:\Windows\SYSTEM32\kernel.appcore.dll
0x00007ffbb3540000 - 0x00007ffbb354a000 	C:\Program Files\Android\Android Studio\jbr\bin\jimage.dll
0x00007ffbb6710000 - 0x00007ffbb68f4000 	C:\Windows\SYSTEM32\DBGHELP.DLL
0x00007ffbb1070000 - 0x00007ffbb10a4000 	C:\Windows\SYSTEM32\dbgcore.DLL
0x00007ffbb9170000 - 0x00007ffbb91f2000 	C:\Windows\System32\bcryptPrimitives.dll
0x00007ffb99ea0000 - 0x00007ffb99ec5000 	C:\Program Files\Android\Android Studio\jbr\bin\java.dll
0x00007ffb9dac0000 - 0x00007ffb9dad8000 	C:\Program Files\Android\Android Studio\jbr\bin\zip.dll
0x00007ffbba7b0000 - 0x00007ffbbaef4000 	C:\Windows\System32\SHELL32.dll
0x00007ffbb6c10000 - 0x00007ffbb73ab000 	C:\Windows\SYSTEM32\windows.storage.dll
0x00007ffbbb150000 - 0x00007ffbbb4a4000 	C:\Windows\System32\combase.dll
0x00007ffbb8530000 - 0x00007ffbb855d000 	C:\Windows\SYSTEM32\Wldp.dll
0x00007ffbb9820000 - 0x00007ffbb98cd000 	C:\Windows\System32\SHCORE.dll
0x00007ffbb9c90000 - 0x00007ffbb9ce5000 	C:\Windows\System32\shlwapi.dll
0x00007ffbb8b00000 - 0x00007ffbb8b25000 	C:\Windows\SYSTEM32\profapi.dll
0x00007ffb9d930000 - 0x00007ffb9d949000 	C:\Program Files\Android\Android Studio\jbr\bin\net.dll
0x00007ffbb3fb0000 - 0x00007ffbb40ba000 	C:\Windows\SYSTEM32\WINHTTP.dll
0x00007ffbb8310000 - 0x00007ffbb837a000 	C:\Windows\system32\mswsock.dll
0x00007ffb9cb80000 - 0x00007ffb9cb96000 	C:\Program Files\Android\Android Studio\jbr\bin\nio.dll
0x00007ffbafec0000 - 0x00007ffbafed0000 	C:\Program Files\Android\Android Studio\jbr\bin\verify.dll
0x00007ffb89c20000 - 0x00007ffb89c47000 	C:\Users\aluno\.gradle\native\68d5fa5c4cc2d200863cafc0d521ce42e7d3e7ee720ec0a83991735586a16f82\windows-amd64\native-platform.dll
0x00007ffb67220000 - 0x00007ffb67364000 	C:\Users\aluno\.gradle\native\e376f236ea51e6404a007f0833ffe2c6e607c4080706a723a18a27aeea778392\windows-amd64\native-platform-file-events.dll
0x00007ffba0140000 - 0x00007ffba0149000 	C:\Program Files\Android\Android Studio\jbr\bin\management.dll
0x00007ffb9fc30000 - 0x00007ffb9fc3b000 	C:\Program Files\Android\Android Studio\jbr\bin\management_ext.dll
0x00007ffbba600000 - 0x00007ffbba608000 	C:\Windows\System32\PSAPI.DLL
0x00007ffbb8570000 - 0x00007ffbb8588000 	C:\Windows\SYSTEM32\CRYPTSP.dll
0x00007ffbb7bd0000 - 0x00007ffbb7c04000 	C:\Windows\system32\rsaenh.dll
0x00007ffbb8d20000 - 0x00007ffbb8d47000 	C:\Windows\System32\bcrypt.dll
0x00007ffbb8a80000 - 0x00007ffbb8aae000 	C:\Windows\SYSTEM32\USERENV.dll
0x00007ffbb84a0000 - 0x00007ffbb84ac000 	C:\Windows\SYSTEM32\CRYPTBASE.dll
0x00007ffbb7fb0000 - 0x00007ffbb7feb000 	C:\Windows\SYSTEM32\IPHLPAPI.DLL
0x00007ffbbb140000 - 0x00007ffbbb148000 	C:\Windows\System32\NSI.dll
0x00007ffbb2ea0000 - 0x00007ffbb2eb7000 	C:\Windows\SYSTEM32\dhcpcsvc6.DLL
0x00007ffbb2e70000 - 0x00007ffbb2e8d000 	C:\Windows\SYSTEM32\dhcpcsvc.DLL
0x00007ffbb7ff0000 - 0x00007ffbb80ba000 	C:\Windows\SYSTEM32\DNSAPI.dll
0x00007ffb81480000 - 0x00007ffb81487000 	C:\Windows\system32\wshunix.dll

dbghelp: loaded successfully - version: 4.0.5 - missing functions: none
symbol engine: initialized successfully - sym options: 0x614 - pdb path: .;C:\Program Files\Android\Android Studio\jbr\bin;C:\Windows\SYSTEM32;C:\Program Files\Bitdefender\Endpoint Security\bdhkm\dlls_266284632867764060;C:\Program Files\Bitdefender\Endpoint Security\atcuf\dlls_266780727744443306;C:\Windows\WinSxS\amd64_microsoft.windows.common-controls_6595b64144ccf1df_6.0.19041.3570_none_60bb2a3971f3e41a;C:\Program Files\Android\Android Studio\jbr\bin\server;C:\Users\aluno\.gradle\native\68d5fa5c4cc2d200863cafc0d521ce42e7d3e7ee720ec0a83991735586a16f82\windows-amd64;C:\Users\aluno\.gradle\native\e376f236ea51e6404a007f0833ffe2c6e607c4080706a723a18a27aeea778392\windows-amd64

VM Arguments:
jvm_args: --add-opens=java.base/java.util=ALL-UNNAMED --add-opens=java.base/java.lang=ALL-UNNAMED --add-opens=java.base/java.lang.invoke=ALL-UNNAMED --add-opens=java.prefs/java.util.prefs=ALL-UNNAMED --add-opens=java.base/java.nio.charset=ALL-UNNAMED --add-opens=java.base/java.net=ALL-UNNAMED --add-opens=java.base/java.util.concurrent.atomic=ALL-UNNAMED -Xmx4096m -Dfile.encoding=UTF-8 -Duser.country=BR -Duser.language=pt -Duser.variant 
java_command: org.gradle.launcher.daemon.bootstrap.GradleDaemon 8.0
java_class_path (initial): C:\Users\aluno\.gradle\wrapper\dists\gradle-8.0-bin\ca5e32bp14vu59qr306oxotwh\gradle-8.0\lib\gradle-launcher-8.0.jar
Launcher Type: SUN_STANDARD

[Global flags]
     intx CICompilerCount                          = 4                                         {product} {ergonomic}
     uint ConcGCThreads                            = 2                                         {product} {ergonomic}
     uint G1ConcRefinementThreads                  = 8                                         {product} {ergonomic}
   size_t G1HeapRegionSize                         = 2097152                                   {product} {ergonomic}
    uintx GCDrainStackTargetSize                   = 64                                        {product} {ergonomic}
   size_t InitialHeapSize                          = 132120576                                 {product} {ergonomic}
   size_t MarkStackSize                            = 4194304                                   {product} {ergonomic}
   size_t MaxHeapSize                              = 4294967296                                {product} {command line}
   size_t MaxNewSize                               = 2575302656                                {product} {ergonomic}
   size_t MinHeapDeltaBytes                        = 2097152                                   {product} {ergonomic}
   size_t MinHeapSize                              = 8388608                                   {product} {ergonomic}
    uintx NonNMethodCodeHeapSize                   = 5839372                                {pd product} {ergonomic}
    uintx NonProfiledCodeHeapSize                  = 122909434                              {pd product} {ergonomic}
    uintx ProfiledCodeHeapSize                     = 122909434                              {pd product} {ergonomic}
    uintx ReservedCodeCacheSize                    = 251658240                              {pd product} {ergonomic}
     bool SegmentedCodeCache                       = true                                      {product} {ergonomic}
   size_t SoftMaxHeapSize                          = 4294967296                             {manageable} {ergonomic}
     bool UseCompressedClassPointers               = true                           {product lp64_product} {ergonomic}
     bool UseCompressedOops                        = true                           {product lp64_product} {ergonomic}
     bool UseG1GC                                  = true                                      {product} {ergonomic}
     bool UseLargePagesIndividualAllocation        = false                                  {pd product} {ergonomic}

Logging:
Log output configuration:
 #0: stdout all=warning uptime,level,tags
 #1: stderr all=off uptime,level,tags

Environment Variables:
JAVA_HOME=C:\Program Files\Java\jdk-17.0.2
PATH=C:\Program Files (x86)\VMware\VMware Player\bin\;C:\Program Files\Microsoft MPI\Bin\;C:\Python310\Scripts\;C:\Python310\;C:\Program Files\Common Files\Oracle\Java\javapath;C:\Program Files (x86)\Common Files\Oracle\Java\javapath;C:\Windows\system32;C:\Windows;C:\Windows\System32\Wbem;C:\Windows\System32\WindowsPowerShell\v1.0\;C:\Windows\System32\OpenSSH\;C:\Program Files\MATLAB\R2016b\bin;C:\Program Files\Microsoft VS Code\bin;C:\Program Files\nodejs\;C:\ProgramData\chocolatey\bin;C:\ProgramData\UNIVALI\Portugol Studio;C:\Program Files (x86)\Microsoft SQL Server\150\DTS\Binn\;C:\Program Files\Azure Data Studio\bin;C:\Program Files\Microsoft SQL Server\120\Tools\Binn\;C:\Program Files (x86)\Windows Kits\8.1\Windows Performance Toolkit\;C:\Program Files (x86)\Common Files\EpsonRC\exe;C:\Program Files\Common Files\Autodesk Shared\;C:\Program Files (x86)\Microsoft SQL Server\160\Tools\Binn\;C:\Program Files\Microsoft SQL Server\160\Tools\Binn\;C:\Program Files\Microsoft SQL Server\Client SDK\ODBC\170\Tools\Binn\;C:\Program Files\Microsoft SQL Server\160\DTS\Binn\;C:\Program Files (x86)\dotnet\;C:\Program Files (x86)\CODESYS\APInstaller\;C:\Program Files\dotnet\;C:\Program Files\Git\cmd;C:\Program Files\Docker\Docker\resources\bin;C:\Users\aluno\AppData\Local\Microsoft\WindowsApps;C:\Users\aluno\AppData\Local\GitHubDesktop\bin
USERNAME=aluno
OS=Windows_NT
PROCESSOR_IDENTIFIER=Intel64 Family 6 Model 140 Stepping 1, GenuineIntel
TMP=C:\Users\aluno\AppData\Local\Temp
TEMP=C:\Users\aluno\AppData\Local\Temp


JNI global refs:
JNI global refs: 25, weak refs: 29

JNI global refs memory usage: 843, weak refs: 841


---------------  S Y S T E M  ---------------

OS:
 Windows 10 , 64 bit Build 19041 (10.0.19041.3570)
OS uptime: 0 days 1:41 hours
Hyper-V role detected

CPU: total 8 (initial active 8) (4 cores per cpu, 2 threads per core) family 6 model 140 stepping 1 microcode 0x8a, cx8, cmov, fxsr, ht, mmx, 3dnowpref, sse, sse2, sse3, ssse3, sse4.1, sse4.2, popcnt, lzcnt, tsc, tscinvbit, avx, avx2, aes, erms, clmul, bmi1, bmi2, adx, avx512f, avx512dq, avx512cd, avx512bw, avx512vl, sha, fma, vzeroupper, avx512_vpopcntdq, avx512_vpclmulqdq, avx512_vaes, avx512_vnni, clflush, clflushopt, clwb, avx512_vbmi2, avx512_vbmi, hv

Memory: 4k page, system-wide physical 7991M (334M free)
TotalPageFile size 11991M (AvailPageFile size 0M)
current process WorkingSet (physical memory assigned to process): 426M, peak: 426M
current process commit charge ("private bytes"): 548M, peak: 548M

vm_info: OpenJDK 64-Bit Server VM (17.0.6+0-b2043.56-10027231) for windows-amd64 JRE (17.0.6+0-b2043.56-10027231), built on Apr 28 2023 00:43:19 by "androidbuild" with MS VC++ 16.10 / 16.11 (VS2019)

END.
