#
# There is insufficient memory for the Java Runtime Environment to continue.
# Native memory allocation (mmap) failed to map 448790528 bytes for G1 virtual space
# Possible reasons:
#   The system is out of physical RAM or swap space
#   The process is running with CompressedOops enabled, and the Java Heap may be blocking the growth of the native heap
# Possible solutions:
#   Reduce memory load on the system
#   Increase physical memory or swap space
#   Check if swap backing store is full
#   Decrease Java heap size (-Xmx/-Xms)
#   Decrease number of Java threads
#   Decrease Java thread stack sizes (-Xss)
#   Set larger code cache with -XX:ReservedCodeCacheSize=
#   JVM is running with Zero Based Compressed Oops mode in which the Java heap is
#     placed in the first 32GB address space. The Java Heap base address is the
#     maximum limit for the native heap growth. Please use -XX:HeapBaseMinAddress
#     to set the Java Heap base and to place the Java Heap above 32GB virtual address.
# This output file may be truncated or incomplete.
#
#  Out of Memory Error (os_windows.cpp:3769), pid=2964, tid=13100
#
# JRE version: OpenJDK Runtime Environment (17.0.6) (build 17.0.6+0-b2043.56-10027231)
# Java VM: OpenJDK 64-Bit Server VM (17.0.6+0-b2043.56-10027231, mixed mode, tiered, compressed oops, compressed class ptrs, g1 gc, windows-amd64)
# No core dump will be written. Minidumps are not enabled by default on client versions of Windows
#

---------------  S U M M A R Y ------------

Command Line: --add-opens=java.base/java.util=ALL-UNNAMED --add-opens=java.base/java.lang=ALL-UNNAMED --add-opens=java.base/java.lang.invoke=ALL-UNNAMED --add-opens=java.prefs/java.util.prefs=ALL-UNNAMED --add-opens=java.base/java.nio.charset=ALL-UNNAMED --add-opens=java.base/java.net=ALL-UNNAMED --add-opens=java.base/java.util.concurrent.atomic=ALL-UNNAMED -Xmx4096m -Dfile.encoding=UTF-8 -Duser.country=BR -Duser.language=pt -Duser.variant org.gradle.launcher.daemon.bootstrap.GradleDaemon 8.0

Host: 11th Gen Intel(R) Core(TM) i5-1135G7 @ 2.40GHz, 8 cores, 7G,  Windows 10 , 64 bit Build 19041 (10.0.19041.3570)
Time: Fri Oct 27 21:45:40 2023 Hora oficial do Brasil elapsed time: 15.438695 seconds (0d 0h 0m 15s)

---------------  T H R E A D  ---------------

Current thread (0x0000013cfdc261a0):  VMThread "VM Thread" [stack: 0x00000009adc00000,0x00000009add00000] [id=13100]

Stack: [0x00000009adc00000,0x00000009add00000]
Native frames: (J=compiled Java code, j=interpreted, Vv=VM code, C=native code)
V  [jvm.dll+0x683c9a]
V  [jvm.dll+0x8427a4]
V  [jvm.dll+0x843f9e]
V  [jvm.dll+0x844603]
V  [jvm.dll+0x249b75]
V  [jvm.dll+0x680b69]
V  [jvm.dll+0x67505a]
V  [jvm.dll+0x309acb]
V  [jvm.dll+0x310f86]
V  [jvm.dll+0x3608ee]
V  [jvm.dll+0x360b1f]
V  [jvm.dll+0x2dfbf8]
V  [jvm.dll+0x2ddec4]
V  [jvm.dll+0x2dd4cc]
V  [jvm.dll+0x321f3b]
V  [jvm.dll+0x848ccb]
V  [jvm.dll+0x849a04]
V  [jvm.dll+0x849f1d]
V  [jvm.dll+0x84a2f4]
V  [jvm.dll+0x84a3c0]
V  [jvm.dll+0x7f274a]
V  [jvm.dll+0x682ad5]
C  [ucrtbase.dll+0x21bb2]
C  [KERNEL32.DLL+0x17344]
C  [ntdll.dll+0x526b1]

VM_Operation (0x00000009b6efd1d0): G1CollectForAllocation, mode: safepoint, requested by thread 0x0000013c86e7f500


---------------  P R O C E S S  ---------------

Threads class SMR info:
_java_thread_list=0x0000013c84cd7960, length=138, elements={
0x0000013cde899c90, 0x0000013cfccac510, 0x0000013cfccacfd0, 0x0000013cfdc573d0,
0x0000013cfdc57e90, 0x0000013cfdc6ffe0, 0x0000013cfdc724c0, 0x0000013cfdc7ebe0,
0x0000013cfdc7f0f0, 0x0000013cfdc81a20, 0x0000013cfdde4e00, 0x0000013cfde00e80,
0x0000013c80eb21b0, 0x0000013c80eb04d0, 0x0000013c80eb1340, 0x0000013c80eb1810,
0x0000013c80eb1ce0, 0x0000013c80eb0000, 0x0000013c80eaf190, 0x0000013c80eb2680,
0x0000013c80eafb30, 0x0000013c80eaecc0, 0x0000013c80eaf660, 0x0000013c80eb09a0,
0x0000013c80eb0e70, 0x0000013c842bda60, 0x0000013c842c0a80, 0x0000013c842beda0,
0x0000013c842c1420, 0x0000013c842bdf30, 0x0000013c842be8d0, 0x0000013c842bf270,
0x0000013c842bf740, 0x0000013c842bfc10, 0x0000013c842c00e0, 0x0000013c84030ef0,
0x0000013c84030080, 0x0000013c840313c0, 0x0000013c84033570, 0x0000013c84031d60,
0x0000013c84033a40, 0x0000013c84031890, 0x0000013c84030a20, 0x0000013c8402fbb0,
0x0000013c840348b0, 0x0000013c8402d060, 0x0000013c84032230, 0x0000013c84030550,
0x0000013c84032700, 0x0000013c84032bd0, 0x0000013c840330a0, 0x0000013c8402d530,
0x0000013c8402ded0, 0x0000013c8402e3a0, 0x0000013c8402e870, 0x0000013c8402ed40,
0x0000013c8402f210, 0x0000013c84d9e330, 0x0000013c84da0e80, 0x0000013c84da1350,
0x0000013c84da3500, 0x0000013c84d9c180, 0x0000013c84d9d4c0, 0x0000013c84da09b0,
0x0000013c84d9e800, 0x0000013c84da39d0, 0x0000013c84da04e0, 0x0000013c84da1820,
0x0000013c84d9ecd0, 0x0000013c84d9c650, 0x0000013c84d9d990, 0x0000013c84da21c0,
0x0000013c84d9de60, 0x0000013c84da1cf0, 0x0000013c84d9cb20, 0x0000013c84d9cff0,
0x0000013c84d9f1a0, 0x0000013c84d9f670, 0x0000013c84da2690, 0x0000013c84d9fb40,
0x0000013c84da2b60, 0x0000013c84da0010, 0x0000013c84da3030, 0x0000013c84254150,
0x0000013c84255960, 0x0000013c84255e30, 0x0000013c84258980, 0x0000013c84254af0,
0x0000013c84256300, 0x0000013c84254620, 0x0000013c84254fc0, 0x0000013c842532e0,
0x0000013c84255490, 0x0000013c84257fe0, 0x0000013c842567d0, 0x0000013c84259cc0,
0x0000013c8425a190, 0x0000013c842537b0, 0x0000013c84256ca0, 0x0000013c84257170,
0x0000013c842584b0, 0x0000013c84257640, 0x0000013c84257b10, 0x0000013c84253c80,
0x0000013c84258e50, 0x0000013c84259320, 0x0000013c842597f0, 0x0000013c84252940,
0x0000013c84252e10, 0x0000013c819dec10, 0x0000013c819dd400, 0x0000013c819db250,
0x0000013c819dbbf0, 0x0000013c819dd8d0, 0x0000013c819dca60, 0x0000013c819d90a0,
0x0000013c819df0e0, 0x0000013c819d9a40, 0x0000013c819dcf30, 0x0000013c819ddda0,
0x0000013c819db720, 0x0000013c819de740, 0x0000013c819df5b0, 0x0000013c819de270,
0x0000013c819d7d60, 0x0000013c819d8230, 0x0000013c8230b460, 0x0000013c8230b970,
0x0000013c8494d110, 0x0000013c8494df80, 0x0000013c8494e450, 0x0000013c8494c2a0,
0x0000013c8494e920, 0x0000013c8494b430, 0x0000013c8494a0f0, 0x0000013c84950fa0,
0x0000013c8494a5c0, 0x0000013c86e7f500
}

Java Threads: ( => current thread )
  0x0000013cde899c90 JavaThread "main" [_thread_blocked, id=14680, stack(0x00000009ad600000,0x00000009ad700000)]
  0x0000013cfccac510 JavaThread "Reference Handler" daemon [_thread_blocked, id=1944, stack(0x00000009add00000,0x00000009ade00000)]
  0x0000013cfccacfd0 JavaThread "Finalizer" daemon [_thread_blocked, id=7528, stack(0x00000009ade00000,0x00000009adf00000)]
  0x0000013cfdc573d0 JavaThread "Signal Dispatcher" daemon [_thread_blocked, id=12996, stack(0x00000009adf00000,0x00000009ae000000)]
  0x0000013cfdc57e90 JavaThread "Attach Listener" daemon [_thread_blocked, id=15156, stack(0x00000009ae000000,0x00000009ae100000)]
  0x0000013cfdc6ffe0 JavaThread "Service Thread" daemon [_thread_blocked, id=96, stack(0x00000009ae100000,0x00000009ae200000)]
  0x0000013cfdc724c0 JavaThread "Monitor Deflation Thread" daemon [_thread_blocked, id=14664, stack(0x00000009ae200000,0x00000009ae300000)]
  0x0000013cfdc7ebe0 JavaThread "C2 CompilerThread0" daemon [_thread_blocked, id=13220, stack(0x00000009ae300000,0x00000009ae400000)]
  0x0000013cfdc7f0f0 JavaThread "C1 CompilerThread0" daemon [_thread_blocked, id=10496, stack(0x00000009ae400000,0x00000009ae500000)]
  0x0000013cfdc81a20 JavaThread "Sweeper thread" daemon [_thread_blocked, id=4548, stack(0x00000009ae500000,0x00000009ae600000)]
  0x0000013cfdde4e00 JavaThread "Common-Cleaner" daemon [_thread_blocked, id=16280, stack(0x00000009ae600000,0x00000009ae700000)]
  0x0000013cfde00e80 JavaThread "Notification Thread" daemon [_thread_blocked, id=13652, stack(0x00000009ae700000,0x00000009ae800000)]
  0x0000013c80eb21b0 JavaThread "Daemon health stats" [_thread_blocked, id=8828, stack(0x00000009aef00000,0x00000009af000000)]
  0x0000013c80eb04d0 JavaThread "Incoming local TCP Connector on port 57876" [_thread_in_native, id=1308, stack(0x00000009af000000,0x00000009af100000)]
  0x0000013c80eb1340 JavaThread "Daemon periodic checks" [_thread_blocked, id=1976, stack(0x00000009af100000,0x00000009af200000)]
  0x0000013c80eb1810 JavaThread "Daemon" [_thread_blocked, id=13524, stack(0x00000009af200000,0x00000009af300000)]
  0x0000013c80eb1ce0 JavaThread "Handler for socket connection from /127.0.0.1:57876 to /127.0.0.1:57878" [_thread_in_native, id=17984, stack(0x00000009af300000,0x00000009af400000)]
  0x0000013c80eb0000 JavaThread "Cancel handler" [_thread_blocked, id=14932, stack(0x00000009af400000,0x00000009af500000)]
  0x0000013c80eaf190 JavaThread "Daemon worker" [_thread_blocked, id=13972, stack(0x00000009af500000,0x00000009af600000)]
  0x0000013c80eb2680 JavaThread "Asynchronous log dispatcher for DefaultDaemonConnection: socket connection from /127.0.0.1:57876 to /127.0.0.1:57878" [_thread_blocked, id=14136, stack(0x00000009af600000,0x00000009af700000)]
  0x0000013c80eafb30 JavaThread "Stdin handler" [_thread_blocked, id=5920, stack(0x00000009af700000,0x00000009af800000)]
  0x0000013c80eaecc0 JavaThread "Daemon client event forwarder" [_thread_blocked, id=12180, stack(0x00000009af800000,0x00000009af900000)]
  0x0000013c80eaf660 JavaThread "Cache worker for journal cache (C:\Users\aluno\.gradle\caches\journal-1)" [_thread_blocked, id=17208, stack(0x00000009afd00000,0x00000009afe00000)]
  0x0000013c80eb09a0 JavaThread "File lock request listener" [_thread_in_native, id=13764, stack(0x00000009afe00000,0x00000009aff00000)]
  0x0000013c80eb0e70 JavaThread "Cache worker for file hash cache (C:\Users\aluno\.gradle\caches\8.0\fileHashes)" [_thread_blocked, id=5812, stack(0x00000009aff00000,0x00000009b0000000)]
  0x0000013c842bda60 JavaThread "File watcher server" daemon [_thread_blocked, id=13748, stack(0x00000009b0000000,0x00000009b0100000)]
  0x0000013c842c0a80 JavaThread "File watcher consumer" daemon [_thread_blocked, id=17316, stack(0x00000009b0100000,0x00000009b0200000)]
  0x0000013c842beda0 JavaThread "Cache worker for checksums cache (D:\ProgramacaoparaDispositivosMoveis\ToDoList\.gradle\8.0\checksums)" [_thread_blocked, id=11312, stack(0x00000009b0200000,0x00000009b0300000)]
  0x0000013c842c1420 JavaThread "Cache worker for cache directory md-rule (C:\Users\aluno\.gradle\caches\8.0\md-rule)" [_thread_blocked, id=14504, stack(0x00000009b0300000,0x00000009b0400000)]
  0x0000013c842bdf30 JavaThread "Cache worker for file content cache (C:\Users\aluno\.gradle\caches\8.0\fileContent)" [_thread_blocked, id=11044, stack(0x00000009b0400000,0x00000009b0500000)]
  0x0000013c842be8d0 JavaThread "Cache worker for file hash cache (D:\ProgramacaoparaDispositivosMoveis\ToDoList\.gradle\8.0\fileHashes)" [_thread_blocked, id=18096, stack(0x00000009b0500000,0x00000009b0600000)]
  0x0000013c842bf270 JavaThread "Cache worker for cache directory md-supplier (C:\Users\aluno\.gradle\caches\8.0\md-supplier)" [_thread_blocked, id=11236, stack(0x00000009b0600000,0x00000009b0700000)]
  0x0000013c842bf740 JavaThread "Cache worker for execution history cache (C:\Users\aluno\.gradle\caches\8.0\executionHistory)" [_thread_blocked, id=11920, stack(0x00000009b0700000,0x00000009b0800000)]
  0x0000013c842bfc10 JavaThread "jar transforms" [_thread_blocked, id=16568, stack(0x00000009b0800000,0x00000009b0900000)]
  0x0000013c842c00e0 JavaThread "jar transforms Thread 2" [_thread_blocked, id=1756, stack(0x00000009b0900000,0x00000009b0a00000)]
  0x0000013c84030ef0 JavaThread "Cache worker for kotlin-dsl (C:\Users\aluno\.gradle\caches\8.0\kotlin-dsl)" [_thread_blocked, id=18144, stack(0x00000009b0a00000,0x00000009b0b00000)]
  0x0000013c84030080 JavaThread "jar transforms Thread 3" [_thread_blocked, id=17876, stack(0x00000009b0b00000,0x00000009b0c00000)]
  0x0000013c840313c0 JavaThread "jar transforms Thread 4" [_thread_blocked, id=3016, stack(0x00000009b0c00000,0x00000009b0d00000)]
  0x0000013c84033570 JavaThread "Cache worker for dependencies-accessors (D:\ProgramacaoparaDispositivosMoveis\ToDoList\.gradle\8.0\dependencies-accessors)" [_thread_blocked, id=1732, stack(0x00000009b0d00000,0x00000009b0e00000)]
  0x0000013c84031d60 JavaThread "Cache worker for Build Output Cleanup Cache (D:\ProgramacaoparaDispositivosMoveis\ToDoList\.gradle\buildOutputCleanup)" [_thread_blocked, id=2988, stack(0x00000009b0e00000,0x00000009b0f00000)]
  0x0000013c84033a40 JavaThread "jar transforms Thread 5" [_thread_blocked, id=3368, stack(0x00000009b0f00000,0x00000009b1000000)]
  0x0000013c84031890 JavaThread "Unconstrained build operations" [_thread_blocked, id=8972, stack(0x00000009b1000000,0x00000009b1100000)]
  0x0000013c84030a20 JavaThread "Unconstrained build operations Thread 2" [_thread_blocked, id=14240, stack(0x00000009b1100000,0x00000009b1200000)]
  0x0000013c8402fbb0 JavaThread "Unconstrained build operations Thread 3" [_thread_blocked, id=11452, stack(0x00000009b1200000,0x00000009b1300000)]
  0x0000013c840348b0 JavaThread "Unconstrained build operations Thread 4" [_thread_blocked, id=9464, stack(0x00000009b1300000,0x00000009b1400000)]
  0x0000013c8402d060 JavaThread "Unconstrained build operations Thread 5" [_thread_blocked, id=4300, stack(0x00000009b1400000,0x00000009b1500000)]
  0x0000013c84032230 JavaThread "Unconstrained build operations Thread 6" [_thread_blocked, id=3744, stack(0x00000009b1500000,0x00000009b1600000)]
  0x0000013c84030550 JavaThread "Unconstrained build operations Thread 7" [_thread_blocked, id=5788, stack(0x00000009b1600000,0x00000009b1700000)]
  0x0000013c84032700 JavaThread "Unconstrained build operations Thread 8" [_thread_blocked, id=17328, stack(0x00000009b1700000,0x00000009b1800000)]
  0x0000013c84032bd0 JavaThread "Unconstrained build operations Thread 9" [_thread_blocked, id=9920, stack(0x00000009b1800000,0x00000009b1900000)]
  0x0000013c840330a0 JavaThread "Unconstrained build operations Thread 10" [_thread_blocked, id=12504, stack(0x00000009b1900000,0x00000009b1a00000)]
  0x0000013c8402d530 JavaThread "Unconstrained build operations Thread 11" [_thread_blocked, id=18268, stack(0x00000009b1a00000,0x00000009b1b00000)]
  0x0000013c8402ded0 JavaThread "Unconstrained build operations Thread 12" [_thread_blocked, id=12156, stack(0x00000009b1b00000,0x00000009b1c00000)]
  0x0000013c8402e3a0 JavaThread "Unconstrained build operations Thread 13" [_thread_blocked, id=6704, stack(0x00000009b1c00000,0x00000009b1d00000)]
  0x0000013c8402e870 JavaThread "Unconstrained build operations Thread 14" [_thread_blocked, id=17332, stack(0x00000009b1d00000,0x00000009b1e00000)]
  0x0000013c8402ed40 JavaThread "Unconstrained build operations Thread 15" [_thread_blocked, id=16080, stack(0x00000009b1e00000,0x00000009b1f00000)]
  0x0000013c8402f210 JavaThread "Unconstrained build operations Thread 16" [_thread_blocked, id=10380, stack(0x00000009b1f00000,0x00000009b2000000)]
  0x0000013c84d9e330 JavaThread "Unconstrained build operations Thread 17" [_thread_blocked, id=4616, stack(0x00000009b2000000,0x00000009b2100000)]
  0x0000013c84da0e80 JavaThread "Unconstrained build operations Thread 18" [_thread_blocked, id=10076, stack(0x00000009b2100000,0x00000009b2200000)]
  0x0000013c84da1350 JavaThread "Unconstrained build operations Thread 19" [_thread_blocked, id=2436, stack(0x00000009b2200000,0x00000009b2300000)]
  0x0000013c84da3500 JavaThread "Unconstrained build operations Thread 20" [_thread_blocked, id=4488, stack(0x00000009b2300000,0x00000009b2400000)]
  0x0000013c84d9c180 JavaThread "Unconstrained build operations Thread 21" [_thread_blocked, id=16892, stack(0x00000009b2400000,0x00000009b2500000)]
  0x0000013c84d9d4c0 JavaThread "Unconstrained build operations Thread 22" [_thread_blocked, id=17352, stack(0x00000009b2500000,0x00000009b2600000)]
  0x0000013c84da09b0 JavaThread "Unconstrained build operations Thread 23" [_thread_blocked, id=12580, stack(0x00000009b2600000,0x00000009b2700000)]
  0x0000013c84d9e800 JavaThread "Unconstrained build operations Thread 24" [_thread_blocked, id=12020, stack(0x00000009b2700000,0x00000009b2800000)]
  0x0000013c84da39d0 JavaThread "Unconstrained build operations Thread 25" [_thread_blocked, id=3872, stack(0x00000009b2800000,0x00000009b2900000)]
  0x0000013c84da04e0 JavaThread "Unconstrained build operations Thread 26" [_thread_blocked, id=12628, stack(0x00000009b2900000,0x00000009b2a00000)]
  0x0000013c84da1820 JavaThread "Unconstrained build operations Thread 27" [_thread_blocked, id=10776, stack(0x00000009b2a00000,0x00000009b2b00000)]
  0x0000013c84d9ecd0 JavaThread "Unconstrained build operations Thread 28" [_thread_blocked, id=14600, stack(0x00000009b2b00000,0x00000009b2c00000)]
  0x0000013c84d9c650 JavaThread "Unconstrained build operations Thread 29" [_thread_blocked, id=13048, stack(0x00000009b2c00000,0x00000009b2d00000)]
  0x0000013c84d9d990 JavaThread "Unconstrained build operations Thread 30" [_thread_blocked, id=13592, stack(0x00000009b2d00000,0x00000009b2e00000)]
  0x0000013c84da21c0 JavaThread "Unconstrained build operations Thread 31" [_thread_blocked, id=18060, stack(0x00000009b2e00000,0x00000009b2f00000)]
  0x0000013c84d9de60 JavaThread "Unconstrained build operations Thread 32" [_thread_blocked, id=8672, stack(0x00000009b2f00000,0x00000009b3000000)]
  0x0000013c84da1cf0 JavaThread "Unconstrained build operations Thread 33" [_thread_blocked, id=6880, stack(0x00000009b3000000,0x00000009b3100000)]
  0x0000013c84d9cb20 JavaThread "Unconstrained build operations Thread 34" [_thread_blocked, id=7256, stack(0x00000009b3100000,0x00000009b3200000)]
  0x0000013c84d9cff0 JavaThread "Unconstrained build operations Thread 35" [_thread_blocked, id=1656, stack(0x00000009b3200000,0x00000009b3300000)]
  0x0000013c84d9f1a0 JavaThread "Unconstrained build operations Thread 36" [_thread_blocked, id=8072, stack(0x00000009b3300000,0x00000009b3400000)]
  0x0000013c84d9f670 JavaThread "Unconstrained build operations Thread 37" [_thread_blocked, id=5824, stack(0x00000009b3400000,0x00000009b3500000)]
  0x0000013c84da2690 JavaThread "Unconstrained build operations Thread 38" [_thread_blocked, id=13104, stack(0x00000009b3500000,0x00000009b3600000)]
  0x0000013c84d9fb40 JavaThread "Unconstrained build operations Thread 39" [_thread_blocked, id=4640, stack(0x00000009b3600000,0x00000009b3700000)]
  0x0000013c84da2b60 JavaThread "Unconstrained build operations Thread 40" [_thread_blocked, id=6604, stack(0x00000009b3700000,0x00000009b3800000)]
  0x0000013c84da0010 JavaThread "Unconstrained build operations Thread 41" [_thread_blocked, id=5280, stack(0x00000009b3800000,0x00000009b3900000)]
  0x0000013c84da3030 JavaThread "Unconstrained build operations Thread 42" [_thread_blocked, id=1896, stack(0x00000009b3900000,0x00000009b3a00000)]
  0x0000013c84254150 JavaThread "Unconstrained build operations Thread 43" [_thread_blocked, id=4236, stack(0x00000009b3a00000,0x00000009b3b00000)]
  0x0000013c84255960 JavaThread "Unconstrained build operations Thread 44" [_thread_blocked, id=9712, stack(0x00000009b3b00000,0x00000009b3c00000)]
  0x0000013c84255e30 JavaThread "Unconstrained build operations Thread 45" [_thread_blocked, id=12548, stack(0x00000009b3c00000,0x00000009b3d00000)]
  0x0000013c84258980 JavaThread "Unconstrained build operations Thread 46" [_thread_blocked, id=7636, stack(0x00000009b3d00000,0x00000009b3e00000)]
  0x0000013c84254af0 JavaThread "Unconstrained build operations Thread 47" [_thread_blocked, id=15436, stack(0x00000009b3e00000,0x00000009b3f00000)]
  0x0000013c84256300 JavaThread "Unconstrained build operations Thread 48" [_thread_blocked, id=17688, stack(0x00000009b3f00000,0x00000009b4000000)]
  0x0000013c84254620 JavaThread "Unconstrained build operations Thread 49" [_thread_blocked, id=12480, stack(0x00000009b4000000,0x00000009b4100000)]
  0x0000013c84254fc0 JavaThread "Unconstrained build operations Thread 50" [_thread_blocked, id=11024, stack(0x00000009b4100000,0x00000009b4200000)]
  0x0000013c842532e0 JavaThread "Unconstrained build operations Thread 51" [_thread_blocked, id=9916, stack(0x00000009b4200000,0x00000009b4300000)]
  0x0000013c84255490 JavaThread "Unconstrained build operations Thread 52" [_thread_blocked, id=14352, stack(0x00000009b4300000,0x00000009b4400000)]
  0x0000013c84257fe0 JavaThread "Unconstrained build operations Thread 53" [_thread_blocked, id=8064, stack(0x00000009b4400000,0x00000009b4500000)]
  0x0000013c842567d0 JavaThread "Unconstrained build operations Thread 54" [_thread_blocked, id=13348, stack(0x00000009b4500000,0x00000009b4600000)]
  0x0000013c84259cc0 JavaThread "Unconstrained build operations Thread 55" [_thread_blocked, id=8808, stack(0x00000009b4600000,0x00000009b4700000)]
  0x0000013c8425a190 JavaThread "Unconstrained build operations Thread 56" [_thread_blocked, id=16224, stack(0x00000009b4700000,0x00000009b4800000)]
  0x0000013c842537b0 JavaThread "Unconstrained build operations Thread 57" [_thread_blocked, id=18208, stack(0x00000009b4800000,0x00000009b4900000)]
  0x0000013c84256ca0 JavaThread "Unconstrained build operations Thread 58" [_thread_blocked, id=14564, stack(0x00000009b4900000,0x00000009b4a00000)]
  0x0000013c84257170 JavaThread "Unconstrained build operations Thread 59" [_thread_blocked, id=16900, stack(0x00000009b4a00000,0x00000009b4b00000)]
  0x0000013c842584b0 JavaThread "Unconstrained build operations Thread 60" [_thread_blocked, id=4560, stack(0x00000009b4b00000,0x00000009b4c00000)]
  0x0000013c84257640 JavaThread "Unconstrained build operations Thread 61" [_thread_blocked, id=13360, stack(0x00000009b4c00000,0x00000009b4d00000)]
  0x0000013c84257b10 JavaThread "Unconstrained build operations Thread 62" [_thread_blocked, id=12672, stack(0x00000009b4d00000,0x00000009b4e00000)]
  0x0000013c84253c80 JavaThread "Unconstrained build operations Thread 63" [_thread_blocked, id=3392, stack(0x00000009b4e00000,0x00000009b4f00000)]
  0x0000013c84258e50 JavaThread "Unconstrained build operations Thread 64" [_thread_blocked, id=14624, stack(0x00000009b4f00000,0x00000009b5000000)]
  0x0000013c84259320 JavaThread "Unconstrained build operations Thread 65" [_thread_blocked, id=8052, stack(0x00000009b5000000,0x00000009b5100000)]
  0x0000013c842597f0 JavaThread "Unconstrained build operations Thread 66" [_thread_blocked, id=7928, stack(0x00000009b5100000,0x00000009b5200000)]
  0x0000013c84252940 JavaThread "Unconstrained build operations Thread 67" [_thread_blocked, id=16548, stack(0x00000009b5200000,0x00000009b5300000)]
  0x0000013c84252e10 JavaThread "Unconstrained build operations Thread 68" [_thread_blocked, id=2308, stack(0x00000009b5300000,0x00000009b5400000)]
  0x0000013c819dec10 JavaThread "Unconstrained build operations Thread 69" [_thread_blocked, id=14532, stack(0x00000009b5400000,0x00000009b5500000)]
  0x0000013c819dd400 JavaThread "Unconstrained build operations Thread 70" [_thread_blocked, id=4920, stack(0x00000009b5500000,0x00000009b5600000)]
  0x0000013c819db250 JavaThread "Unconstrained build operations Thread 71" [_thread_blocked, id=2976, stack(0x00000009b5600000,0x00000009b5700000)]
  0x0000013c819dbbf0 JavaThread "Unconstrained build operations Thread 72" [_thread_blocked, id=13536, stack(0x00000009b5700000,0x00000009b5800000)]
  0x0000013c819dd8d0 JavaThread "Unconstrained build operations Thread 73" [_thread_blocked, id=12864, stack(0x00000009b5800000,0x00000009b5900000)]
  0x0000013c819dca60 JavaThread "Unconstrained build operations Thread 74" [_thread_blocked, id=11432, stack(0x00000009b5900000,0x00000009b5a00000)]
  0x0000013c819d90a0 JavaThread "Unconstrained build operations Thread 75" [_thread_blocked, id=2624, stack(0x00000009b5a00000,0x00000009b5b00000)]
  0x0000013c819df0e0 JavaThread "Unconstrained build operations Thread 76" [_thread_blocked, id=14584, stack(0x00000009b5b00000,0x00000009b5c00000)]
  0x0000013c819d9a40 JavaThread "Unconstrained build operations Thread 77" [_thread_blocked, id=15072, stack(0x00000009b5c00000,0x00000009b5d00000)]
  0x0000013c819dcf30 JavaThread "Unconstrained build operations Thread 78" [_thread_blocked, id=14928, stack(0x00000009b5d00000,0x00000009b5e00000)]
  0x0000013c819ddda0 JavaThread "Unconstrained build operations Thread 79" [_thread_blocked, id=10768, stack(0x00000009b5e00000,0x00000009b5f00000)]
  0x0000013c819db720 JavaThread "Unconstrained build operations Thread 80" [_thread_blocked, id=14656, stack(0x00000009b5f00000,0x00000009b6000000)]
  0x0000013c819de740 JavaThread "jar transforms Thread 6" [_thread_blocked, id=9896, stack(0x00000009b6000000,0x00000009b6100000)]
  0x0000013c819df5b0 JavaThread "jar transforms Thread 7" [_thread_blocked, id=4536, stack(0x00000009b6100000,0x00000009b6200000)]
  0x0000013c819de270 JavaThread "jar transforms Thread 8" [_thread_blocked, id=2732, stack(0x00000009b6200000,0x00000009b6300000)]
  0x0000013c819d7d60 JavaThread "build event listener" [_thread_blocked, id=18328, stack(0x00000009b6300000,0x00000009b6400000)]
  0x0000013c819d8230 JavaThread "Memory manager" [_thread_blocked, id=16964, stack(0x00000009b6400000,0x00000009b6500000)]
  0x0000013c8230b460 JavaThread "C2 CompilerThread1" daemon [_thread_blocked, id=17524, stack(0x00000009ae900000,0x00000009aea00000)]
  0x0000013c8230b970 JavaThread "C2 CompilerThread2" daemon [_thread_blocked, id=14212, stack(0x00000009aee00000,0x00000009aef00000)]
  0x0000013c8494d110 JavaThread "included builds" [_thread_blocked, id=13428, stack(0x00000009b6500000,0x00000009b6600000)]
  0x0000013c8494df80 JavaThread "Execution worker" [_thread_blocked, id=13444, stack(0x00000009b6600000,0x00000009b6700000)]
  0x0000013c8494e450 JavaThread "Execution worker Thread 2" [_thread_blocked, id=13460, stack(0x00000009b6700000,0x00000009b6800000)]
  0x0000013c8494c2a0 JavaThread "Execution worker Thread 3" [_thread_blocked, id=4172, stack(0x00000009b6800000,0x00000009b6900000)]
  0x0000013c8494e920 JavaThread "Execution worker Thread 4" [_thread_blocked, id=13448, stack(0x00000009b6900000,0x00000009b6a00000)]
  0x0000013c8494b430 JavaThread "Execution worker Thread 5" [_thread_blocked, id=9692, stack(0x00000009b6a00000,0x00000009b6b00000)]
  0x0000013c8494a0f0 JavaThread "Execution worker Thread 6" [_thread_blocked, id=17912, stack(0x00000009b6b00000,0x00000009b6c00000)]
  0x0000013c84950fa0 JavaThread "Execution worker Thread 7" [_thread_blocked, id=3404, stack(0x00000009b6c00000,0x00000009b6d00000)]
  0x0000013c8494a5c0 JavaThread "Cache worker for execution history cache (D:\ProgramacaoparaDispositivosMoveis\ToDoList\.gradle\8.0\executionHistory)" [_thread_blocked, id=9764, stack(0x00000009b6d00000,0x00000009b6e00000)]
  0x0000013c86e7f500 JavaThread "WorkerExecutor Queue" [_thread_blocked, id=3680, stack(0x00000009b6e00000,0x00000009b6f00000)]

Other Threads:
=>0x0000013cfdc261a0 VMThread "VM Thread" [stack: 0x00000009adc00000,0x00000009add00000] [id=13100]
  0x0000013cde91f3c0 WatcherThread [stack: 0x00000009ae800000,0x00000009ae900000] [id=2172]
  0x0000013cde9055d0 GCTaskThread "GC Thread#0" [stack: 0x00000009ad700000,0x00000009ad800000] [id=4528]
  0x0000013cfe3bba80 GCTaskThread "GC Thread#1" [stack: 0x00000009aea00000,0x00000009aeb00000] [id=10664]
  0x0000013cfe1bced0 GCTaskThread "GC Thread#2" [stack: 0x00000009aeb00000,0x00000009aec00000] [id=10048]
  0x0000013cfefb9c50 GCTaskThread "GC Thread#3" [stack: 0x00000009aec00000,0x00000009aed00000] [id=12992]
  0x0000013cfeb81b60 GCTaskThread "GC Thread#4" [stack: 0x00000009aed00000,0x00000009aee00000] [id=14712]
  0x0000013c8117d440 GCTaskThread "GC Thread#5" [stack: 0x00000009af900000,0x00000009afa00000] [id=3488]
  0x0000013c817ce690 GCTaskThread "GC Thread#6" [stack: 0x00000009afa00000,0x00000009afb00000] [id=8188]
  0x0000013cfef53890 GCTaskThread "GC Thread#7" [stack: 0x00000009afb00000,0x00000009afc00000] [id=10956]
  0x0000013cde916420 ConcurrentGCThread "G1 Main Marker" [stack: 0x00000009ad800000,0x00000009ad900000] [id=18356]
  0x0000013cde916d40 ConcurrentGCThread "G1 Conc#0" [stack: 0x00000009ad900000,0x00000009ada00000] [id=18044]
  0x0000013cfef53f50 ConcurrentGCThread "G1 Conc#1" [stack: 0x00000009afc00000,0x00000009afd00000] [id=17284]
  0x0000013cde94c450 ConcurrentGCThread "G1 Refine#0" [stack: 0x00000009ada00000,0x00000009adb00000] [id=2176]
  0x0000013cfcb33af0 ConcurrentGCThread "G1 Service" [stack: 0x00000009adb00000,0x00000009adc00000] [id=8132]

Threads with active compile tasks:
C2 CompilerThread0    15481 12509       4       java.lang.invoke.MethodType::makeImpl (109 bytes)
C1 CompilerThread0    15481 12698       1       java.util.Calendar::setLenient (6 bytes)
C2 CompilerThread1    15481 12694       4       com.android.tools.r8.internal.EZ::b (96 bytes)
C2 CompilerThread2    15481 12691       4       com.android.tools.r8.graph.Y3::d (187 bytes)

VM state: at safepoint (normal execution)

VM Mutex/Monitor currently owned by a thread:  ([mutex/lock_event])
[0x0000013cde894800] Threads_lock - owner thread: 0x0000013cfdc261a0
[0x0000013cde894ec0] Heap_lock - owner thread: 0x0000013c86e7f500

Heap address: 0x0000000700000000, size: 4096 MB, Compressed Oops mode: Zero based, Oop shift amount: 3

CDS archive(s) not mapped
Compressed class space mapped at: 0x0000000800000000-0x0000000840000000, reserved size: 1073741824
Narrow klass base: 0x0000000800000000, Narrow klass shift: 0, Narrow klass range: 0x40000000

GC Precious Log:
 CPUs: 8 total, 8 available
 Memory: 7991M
 Large Page Support: Disabled
 NUMA Support: Disabled
 Compressed Oops: Enabled (Zero based)
 Heap Region Size: 2M
 Heap Min Capacity: 8M
 Heap Initial Capacity: 126M
 Heap Max Capacity: 4G
 Pre-touch: Disabled
 Parallel Workers: 8
 Concurrent Workers: 2
 Concurrent Refinement Workers: 8
 Periodic GC: Disabled

Heap:
 garbage-first heap   total 219136K, used 117013K [0x0000000700000000, 0x0000000800000000)
  region size 2048K, 3 young (6144K), 3 survivors (6144K)
 Metaspace       used 106288K, committed 107072K, reserved 1146880K
  class space    used 14910K, committed 15296K, reserved 1048576K

Heap Regions: E=young(eden), S=young(survivor), O=old, HS=humongous(starts), HC=humongous(continues), CS=collection set, F=free, OA=open archive, CA=closed archive, TAMS=top-at-mark-start (previous, next)
|   0|0x0000000700000000, 0x0000000700200000, 0x0000000700200000|100%|HS|  |TAMS 0x0000000700200000, 0x0000000700000000| Complete 
|   1|0x0000000700200000, 0x0000000700400000, 0x0000000700400000|100%|HC|  |TAMS 0x0000000700400000, 0x0000000700200000| Complete 
|   2|0x0000000700400000, 0x0000000700600000, 0x0000000700600000|100%| O|  |TAMS 0x0000000700600000, 0x0000000700400000| Untracked 
|   3|0x0000000700600000, 0x0000000700800000, 0x0000000700800000|100%| O|  |TAMS 0x0000000700800000, 0x0000000700600000| Untracked 
|   4|0x0000000700800000, 0x00000007009e7200, 0x0000000700a00000| 95%| O|  |TAMS 0x00000007009e7200, 0x0000000700800000| Untracked 
|   5|0x0000000700a00000, 0x0000000700c00000, 0x0000000700c00000|100%| O|  |TAMS 0x0000000700c00000, 0x0000000700a00000| Untracked 
|   6|0x0000000700c00000, 0x0000000700e00000, 0x0000000700e00000|100%| O|  |TAMS 0x0000000700e00000, 0x0000000700c00000| Untracked 
|   7|0x0000000700e00000, 0x0000000701000000, 0x0000000701000000|100%| O|  |TAMS 0x0000000701000000, 0x0000000700e00000| Untracked 
|   8|0x0000000701000000, 0x0000000701200000, 0x0000000701200000|100%| O|  |TAMS 0x0000000701200000, 0x0000000701000000| Untracked 
|   9|0x0000000701200000, 0x0000000701400000, 0x0000000701400000|100%| O|  |TAMS 0x0000000701400000, 0x0000000701200000| Untracked 
|  10|0x0000000701400000, 0x0000000701600000, 0x0000000701600000|100%| O|  |TAMS 0x0000000701600000, 0x0000000701400000| Untracked 
|  11|0x0000000701600000, 0x0000000701600000, 0x0000000701800000|  0%| F|  |TAMS 0x0000000701600000, 0x0000000701600000| Untracked 
|  12|0x0000000701800000, 0x0000000701a00000, 0x0000000701a00000|100%| O|  |TAMS 0x0000000701a00000, 0x0000000701800000| Untracked 
|  13|0x0000000701a00000, 0x0000000701c00000, 0x0000000701c00000|100%| O|  |TAMS 0x0000000701c00000, 0x0000000701a00000| Untracked 
|  14|0x0000000701c00000, 0x0000000701e00000, 0x0000000701e00000|100%| O|  |TAMS 0x0000000701e00000, 0x0000000701c00000| Untracked 
|  15|0x0000000701e00000, 0x0000000702000000, 0x0000000702000000|100%| O|  |TAMS 0x0000000702000000, 0x0000000701e00000| Untracked 
|  16|0x0000000702000000, 0x0000000702200000, 0x0000000702200000|100%| O|  |TAMS 0x0000000702200000, 0x0000000702000000| Untracked 
|  17|0x0000000702200000, 0x0000000702400000, 0x0000000702400000|100%| O|  |TAMS 0x0000000702400000, 0x0000000702200000| Untracked 
|  18|0x0000000702400000, 0x0000000702600000, 0x0000000702600000|100%| O|  |TAMS 0x0000000702600000, 0x0000000702400000| Untracked 
|  19|0x0000000702600000, 0x0000000702800000, 0x0000000702800000|100%| O|  |TAMS 0x0000000702800000, 0x0000000702600000| Untracked 
|  20|0x0000000702800000, 0x0000000702a00000, 0x0000000702a00000|100%| O|  |TAMS 0x0000000702a00000, 0x0000000702800000| Untracked 
|  21|0x0000000702a00000, 0x0000000702c00000, 0x0000000702c00000|100%| O|  |TAMS 0x0000000702c00000, 0x0000000702a00000| Untracked 
|  22|0x0000000702c00000, 0x0000000702e00000, 0x0000000702e00000|100%| O|  |TAMS 0x0000000702e00000, 0x0000000702c00000| Untracked 
|  23|0x0000000702e00000, 0x0000000703000000, 0x0000000703000000|100%| O|  |TAMS 0x0000000703000000, 0x0000000702e00000| Untracked 
|  24|0x0000000703000000, 0x0000000703200000, 0x0000000703200000|100%| O|  |TAMS 0x0000000703200000, 0x0000000703000000| Untracked 
|  25|0x0000000703200000, 0x0000000703400000, 0x0000000703400000|100%| O|  |TAMS 0x0000000703200000, 0x0000000703200000| Untracked 
|  26|0x0000000703400000, 0x0000000703600000, 0x0000000703600000|100%| O|  |TAMS 0x0000000703600000, 0x0000000703400000| Untracked 
|  27|0x0000000703600000, 0x0000000703800000, 0x0000000703800000|100%| O|  |TAMS 0x0000000703800000, 0x0000000703600000| Untracked 
|  28|0x0000000703800000, 0x0000000703a00000, 0x0000000703a00000|100%| O|  |TAMS 0x0000000703a00000, 0x0000000703800000| Untracked 
|  29|0x0000000703a00000, 0x0000000703c00000, 0x0000000703c00000|100%| O|  |TAMS 0x0000000703c00000, 0x0000000703a00000| Untracked 
|  30|0x0000000703c00000, 0x0000000703e00000, 0x0000000703e00000|100%| O|  |TAMS 0x0000000703e00000, 0x0000000703c00000| Untracked 
|  31|0x0000000703e00000, 0x0000000704000000, 0x0000000704000000|100%| O|  |TAMS 0x0000000704000000, 0x0000000703e00000| Untracked 
|  32|0x0000000704000000, 0x0000000704200000, 0x0000000704200000|100%| O|  |TAMS 0x0000000704200000, 0x0000000704000000| Untracked 
|  33|0x0000000704200000, 0x0000000704400000, 0x0000000704400000|100%| O|  |TAMS 0x0000000704400000, 0x0000000704200000| Untracked 
|  34|0x0000000704400000, 0x0000000704600000, 0x0000000704600000|100%| O|  |TAMS 0x0000000704600000, 0x0000000704400000| Untracked 
|  35|0x0000000704600000, 0x0000000704800000, 0x0000000704800000|100%| O|  |TAMS 0x0000000704800000, 0x0000000704600000| Untracked 
|  36|0x0000000704800000, 0x0000000704a00000, 0x0000000704a00000|100%| O|  |TAMS 0x0000000704a00000, 0x0000000704800000| Untracked 
|  37|0x0000000704a00000, 0x0000000704c00000, 0x0000000704c00000|100%| O|  |TAMS 0x0000000704c00000, 0x0000000704a00000| Untracked 
|  38|0x0000000704c00000, 0x0000000704e00000, 0x0000000704e00000|100%| O|  |TAMS 0x0000000704e00000, 0x0000000704c00000| Untracked 
|  39|0x0000000704e00000, 0x0000000705000000, 0x0000000705000000|100%| O|  |TAMS 0x0000000705000000, 0x0000000704e00000| Untracked 
|  40|0x0000000705000000, 0x0000000705200000, 0x0000000705200000|100%| O|  |TAMS 0x0000000705200000, 0x0000000705000000| Untracked 
|  41|0x0000000705200000, 0x0000000705400000, 0x0000000705400000|100%| O|  |TAMS 0x0000000705400000, 0x0000000705200000| Untracked 
|  42|0x0000000705400000, 0x0000000705600000, 0x0000000705600000|100%| O|  |TAMS 0x0000000705600000, 0x0000000705400000| Untracked 
|  43|0x0000000705600000, 0x0000000705800000, 0x0000000705800000|100%| O|  |TAMS 0x0000000705800000, 0x0000000705600000| Untracked 
|  44|0x0000000705800000, 0x0000000705a00000, 0x0000000705a00000|100%| O|  |TAMS 0x0000000705a00000, 0x0000000705800000| Untracked 
|  45|0x0000000705a00000, 0x0000000705c00000, 0x0000000705c00000|100%| O|  |TAMS 0x0000000705c00000, 0x0000000705a00000| Untracked 
|  46|0x0000000705c00000, 0x0000000705e00000, 0x0000000705e00000|100%| O|  |TAMS 0x0000000705e00000, 0x0000000705c00000| Untracked 
|  47|0x0000000705e00000, 0x0000000706000000, 0x0000000706000000|100%| O|  |TAMS 0x0000000706000000, 0x0000000705e00000| Untracked 
|  48|0x0000000706000000, 0x0000000706200000, 0x0000000706200000|100%| O|  |TAMS 0x00000007061b6a00, 0x0000000706000000| Untracked 
|  49|0x0000000706200000, 0x0000000706400000, 0x0000000706400000|100%| O|  |TAMS 0x0000000706200000, 0x0000000706200000| Untracked 
|  50|0x0000000706400000, 0x0000000706600000, 0x0000000706600000|100%| O|  |TAMS 0x0000000706400000, 0x0000000706400000| Untracked 
|  51|0x0000000706600000, 0x0000000706800000, 0x0000000706800000|100%| O|  |TAMS 0x0000000706600000, 0x0000000706600000| Untracked 
|  52|0x0000000706800000, 0x0000000706a00000, 0x0000000706a00000|100%| O|  |TAMS 0x0000000706800000, 0x0000000706800000| Untracked 
|  53|0x0000000706a00000, 0x0000000706c00000, 0x0000000706c00000|100%| O|  |TAMS 0x0000000706a00000, 0x0000000706a00000| Untracked 
|  54|0x0000000706c00000, 0x0000000706e00000, 0x0000000706e00000|100%| O|  |TAMS 0x0000000706c00000, 0x0000000706c00000| Untracked 
|  55|0x0000000706e00000, 0x0000000706f8cc00, 0x0000000707000000| 77%| O|  |TAMS 0x0000000706e00000, 0x0000000706e00000| Untracked 
|  56|0x0000000707000000, 0x0000000707000000, 0x0000000707200000|  0%| F|  |TAMS 0x0000000707000000, 0x0000000707000000| Untracked 
|  57|0x0000000707200000, 0x0000000707200000, 0x0000000707400000|  0%| F|  |TAMS 0x0000000707200000, 0x0000000707200000| Untracked 
|  58|0x0000000707400000, 0x0000000707400000, 0x0000000707600000|  0%| F|  |TAMS 0x0000000707400000, 0x0000000707400000| Untracked 
|  59|0x0000000707600000, 0x0000000707600000, 0x0000000707800000|  0%| F|  |TAMS 0x0000000707600000, 0x0000000707600000| Untracked 
|  60|0x0000000707800000, 0x0000000707800000, 0x0000000707a00000|  0%| F|  |TAMS 0x0000000707800000, 0x0000000707800000| Untracked 
|  61|0x0000000707a00000, 0x0000000707a00000, 0x0000000707c00000|  0%| F|  |TAMS 0x0000000707a00000, 0x0000000707a00000| Untracked 
|  62|0x0000000707c00000, 0x0000000707c00000, 0x0000000707e00000|  0%| F|  |TAMS 0x0000000707c00000, 0x0000000707c00000| Untracked 
|  63|0x0000000707e00000, 0x0000000707e00000, 0x0000000708000000|  0%| F|  |TAMS 0x0000000707e00000, 0x0000000707e00000| Untracked 
|  64|0x0000000708000000, 0x0000000708000000, 0x0000000708200000|  0%| F|  |TAMS 0x0000000708000000, 0x0000000708000000| Untracked 
|  65|0x0000000708200000, 0x0000000708200000, 0x0000000708400000|  0%| F|  |TAMS 0x0000000708200000, 0x0000000708200000| Untracked 
|  66|0x0000000708400000, 0x0000000708400000, 0x0000000708600000|  0%| F|  |TAMS 0x0000000708400000, 0x0000000708400000| Untracked 
|  67|0x0000000708600000, 0x0000000708600000, 0x0000000708800000|  0%| F|  |TAMS 0x0000000708600000, 0x0000000708600000| Untracked 
|  68|0x0000000708800000, 0x0000000708800000, 0x0000000708a00000|  0%| F|  |TAMS 0x0000000708800000, 0x0000000708800000| Untracked 
|  69|0x0000000708a00000, 0x0000000708a00000, 0x0000000708c00000|  0%| F|  |TAMS 0x0000000708a00000, 0x0000000708a00000| Untracked 
|  70|0x0000000708c00000, 0x0000000708c00000, 0x0000000708e00000|  0%| F|  |TAMS 0x0000000708c00000, 0x0000000708c00000| Untracked 
|  71|0x0000000708e00000, 0x0000000708e00000, 0x0000000709000000|  0%| F|  |TAMS 0x0000000708e00000, 0x0000000708e00000| Untracked 
|  72|0x0000000709000000, 0x0000000709000000, 0x0000000709200000|  0%| F|  |TAMS 0x0000000709000000, 0x0000000709000000| Untracked 
|  73|0x0000000709200000, 0x00000007092d1630, 0x0000000709400000| 40%| S|CS|TAMS 0x0000000709200000, 0x0000000709200000| Complete 
|  74|0x0000000709400000, 0x0000000709600000, 0x0000000709600000|100%| S|CS|TAMS 0x0000000709400000, 0x0000000709400000| Complete 
|  75|0x0000000709600000, 0x0000000709800000, 0x0000000709800000|100%| S|CS|TAMS 0x0000000709600000, 0x0000000709600000| Complete 
|  76|0x0000000709800000, 0x0000000709800000, 0x0000000709a00000|  0%| F|  |TAMS 0x0000000709800000, 0x0000000709800000| Untracked 
|  77|0x0000000709a00000, 0x0000000709a00000, 0x0000000709c00000|  0%| F|  |TAMS 0x0000000709a00000, 0x0000000709a00000| Untracked 
|  78|0x0000000709c00000, 0x0000000709c00000, 0x0000000709e00000|  0%| F|  |TAMS 0x0000000709c00000, 0x0000000709c00000| Untracked 
|  79|0x0000000709e00000, 0x0000000709e00000, 0x000000070a000000|  0%| F|  |TAMS 0x0000000709e00000, 0x0000000709e00000| Untracked 
|  80|0x000000070a000000, 0x000000070a000000, 0x000000070a200000|  0%| F|  |TAMS 0x000000070a000000, 0x000000070a000000| Untracked 
|  81|0x000000070a200000, 0x000000070a200000, 0x000000070a400000|  0%| F|  |TAMS 0x000000070a200000, 0x000000070a200000| Untracked 
|  82|0x000000070a400000, 0x000000070a400000, 0x000000070a600000|  0%| F|  |TAMS 0x000000070a400000, 0x000000070a400000| Untracked 
|  83|0x000000070a600000, 0x000000070a600000, 0x000000070a800000|  0%| F|  |TAMS 0x000000070a600000, 0x000000070a600000| Untracked 
|  84|0x000000070a800000, 0x000000070a800000, 0x000000070aa00000|  0%| F|  |TAMS 0x000000070a800000, 0x000000070a800000| Untracked 
|  85|0x000000070aa00000, 0x000000070aa00000, 0x000000070ac00000|  0%| F|  |TAMS 0x000000070aa00000, 0x000000070aa00000| Untracked 
|  86|0x000000070ac00000, 0x000000070ac00000, 0x000000070ae00000|  0%| F|  |TAMS 0x000000070ac00000, 0x000000070ac00000| Untracked 
|  87|0x000000070ae00000, 0x000000070ae00000, 0x000000070b000000|  0%| F|  |TAMS 0x000000070ae00000, 0x000000070ae00000| Untracked 
|  88|0x000000070b000000, 0x000000070b000000, 0x000000070b200000|  0%| F|  |TAMS 0x000000070b000000, 0x000000070b000000| Untracked 
|  89|0x000000070b200000, 0x000000070b200000, 0x000000070b400000|  0%| F|  |TAMS 0x000000070b200000, 0x000000070b200000| Untracked 
|  90|0x000000070b400000, 0x000000070b400000, 0x000000070b600000|  0%| F|  |TAMS 0x000000070b400000, 0x000000070b400000| Untracked 
|  91|0x000000070b600000, 0x000000070b600000, 0x000000070b800000|  0%| F|  |TAMS 0x000000070b600000, 0x000000070b600000| Untracked 
|  92|0x000000070b800000, 0x000000070b800000, 0x000000070ba00000|  0%| F|  |TAMS 0x000000070b800000, 0x000000070b800000| Untracked 
|  93|0x000000070ba00000, 0x000000070ba00000, 0x000000070bc00000|  0%| F|  |TAMS 0x000000070ba00000, 0x000000070ba00000| Untracked 
|  94|0x000000070bc00000, 0x000000070bc00000, 0x000000070be00000|  0%| F|  |TAMS 0x000000070bc00000, 0x000000070bc00000| Untracked 
|  95|0x000000070be00000, 0x000000070be00000, 0x000000070c000000|  0%| F|  |TAMS 0x000000070be00000, 0x000000070be00000| Untracked 
|  96|0x000000070c000000, 0x000000070c000000, 0x000000070c200000|  0%| F|  |TAMS 0x000000070c000000, 0x000000070c000000| Untracked 
|  97|0x000000070c200000, 0x000000070c200000, 0x000000070c400000|  0%| F|  |TAMS 0x000000070c200000, 0x000000070c200000| Untracked 
|  98|0x000000070c400000, 0x000000070c400000, 0x000000070c600000|  0%| F|  |TAMS 0x000000070c400000, 0x000000070c400000| Untracked 
|  99|0x000000070c600000, 0x000000070c600000, 0x000000070c800000|  0%| F|  |TAMS 0x000000070c600000, 0x000000070c600000| Untracked 
| 100|0x000000070c800000, 0x000000070c800000, 0x000000070ca00000|  0%| F|  |TAMS 0x000000070c800000, 0x000000070c800000| Untracked 
| 101|0x000000070ca00000, 0x000000070ca00000, 0x000000070cc00000|  0%| F|  |TAMS 0x000000070ca00000, 0x000000070ca00000| Untracked 
| 102|0x000000070cc00000, 0x000000070cc00000, 0x000000070ce00000|  0%| F|  |TAMS 0x000000070cc00000, 0x000000070cc00000| Untracked 
| 103|0x000000070ce00000, 0x000000070ce00000, 0x000000070d000000|  0%| F|  |TAMS 0x000000070ce00000, 0x000000070ce00000| Untracked 
| 104|0x000000070d000000, 0x000000070d000000, 0x000000070d200000|  0%| F|  |TAMS 0x000000070d000000, 0x000000070d000000| Untracked 
| 105|0x000000070d200000, 0x000000070d200000, 0x000000070d400000|  0%| F|  |TAMS 0x000000070d200000, 0x000000070d200000| Untracked 
| 106|0x000000070d400000, 0x000000070d400000, 0x000000070d600000|  0%| F|  |TAMS 0x000000070d400000, 0x000000070d400000| Untracked 

Card table byte_map: [0x0000013cf1890000,0x0000013cf2090000] _byte_map_base: 0x0000013cee090000

Marking Bits (Prev, Next): (CMBitMap*) 0x0000013cde905af0, (CMBitMap*) 0x0000013cde905b30
 Prev Bits: [0x0000013cf2890000, 0x0000013cf6890000)
 Next Bits: [0x0000013cf6890000, 0x0000013cfa890000)

Polling page: 0x0000013cdc4a0000

Metaspace:

Usage:
  Non-class:     89.24 MB used.
      Class:     14.56 MB used.
       Both:    103.80 MB used.

Virtual space:
  Non-class space:       96.00 MB reserved,      89.62 MB ( 93%) committed,  12 nodes.
      Class space:        1.00 GB reserved,      14.94 MB (  1%) committed,  1 nodes.
             Both:        1.09 GB reserved,     104.56 MB (  9%) committed. 

Chunk freelists:
   Non-Class:  2.30 MB
       Class:  1.11 MB
        Both:  3.41 MB

MaxMetaspaceSize: unlimited
CompressedClassSpaceSize: 1.00 GB
Initial GC threshold: 21.00 MB
Current GC threshold: 170.44 MB
CDS: off
MetaspaceReclaimPolicy: balanced
 - commit_granule_bytes: 65536.
 - commit_granule_words: 8192.
 - virtual_space_node_default_size: 1048576.
 - enlarge_chunks_in_place: 1.
 - new_chunks_are_fully_committed: 0.
 - uncommit_free_chunks: 1.
 - use_allocation_guard: 0.
 - handle_deallocations: 1.


Internal statistics:

num_allocs_failed_limit: 6.
num_arena_births: 1092.
num_arena_deaths: 28.
num_vsnodes_births: 13.
num_vsnodes_deaths: 0.
num_space_committed: 1672.
num_space_uncommitted: 0.
num_chunks_returned_to_freelist: 41.
num_chunks_taken_from_freelist: 5032.
num_chunk_merges: 17.
num_chunk_splits: 3394.
num_chunks_enlarged: 2327.
num_purges: 4.
num_inconsistent_stats: 0.

CodeHeap 'non-profiled nmethods': size=120000Kb used=6109Kb max_used=6906Kb free=113890Kb
 bounds [0x0000013ce9830000, 0x0000013ce9ef0000, 0x0000013cf0d60000]
CodeHeap 'profiled nmethods': size=120000Kb used=20095Kb max_used=20681Kb free=99904Kb
 bounds [0x0000013ce1d60000, 0x0000013ce31f0000, 0x0000013ce9290000]
CodeHeap 'non-nmethods': size=5760Kb used=2421Kb max_used=2464Kb free=3338Kb
 bounds [0x0000013ce9290000, 0x0000013ce9500000, 0x0000013ce9830000]
 total_blobs=11458 nmethods=10516 adapters=854
 compilation: enabled
              stopped_count=0, restarted_count=0
 full_count=0

Compilation events (20 events):
Event: 15.424 Thread 0x0000013cfdc7f0f0 nmethod 12686 0x0000013ce28e2d10 code [0x0000013ce28e2ec0, 0x0000013ce28e3118]
Event: 15.424 Thread 0x0000013cfdc7f0f0 12681       2       com.android.tools.build.apkzlib.zip.StoredEntry$1::openStream (67 bytes)
Event: 15.424 Thread 0x0000013cfdc7f0f0 nmethod 12681 0x0000013ce304c190 code [0x0000013ce304c360, 0x0000013ce304c658]
Event: 15.424 Thread 0x0000013cfdc7f0f0 12682       2       com.android.tools.build.apkzlib.zip.ZFile::directOpen (100 bytes)
Event: 15.425 Thread 0x0000013c8230b970 nmethod 12488 0x0000013ce9df7090 code [0x0000013ce9df7240, 0x0000013ce9df77b8]
Event: 15.425 Thread 0x0000013c8230b970 12691       4       com.android.tools.r8.graph.Y3::d (187 bytes)
Event: 15.425 Thread 0x0000013cfdc7f0f0 nmethod 12682 0x0000013ce3070e10 code [0x0000013ce3071020, 0x0000013ce30716d8]
Event: 15.425 Thread 0x0000013cfdc7f0f0 12683       2       com.android.tools.build.apkzlib.zip.ZFile$1::<init> (29 bytes)
Event: 15.425 Thread 0x0000013cfdc7f0f0 nmethod 12683 0x0000013ce25fdd10 code [0x0000013ce25fdea0, 0x0000013ce25fdff8]
Event: 15.425 Thread 0x0000013cfdc7f0f0 12676       2       java.io.InputStream::close (1 bytes)
Event: 15.425 Thread 0x0000013cfdc7f0f0 nmethod 12676 0x0000013ce21de410 code [0x0000013ce21de5a0, 0x0000013ce21de698]
Event: 15.425 Thread 0x0000013cfdc7f0f0 12675       2       sun.util.calendar.Gregorian$Date::getNormalizedYear (5 bytes)
Event: 15.425 Thread 0x0000013cfdc7f0f0 nmethod 12675 0x0000013ce304bc90 code [0x0000013ce304be20, 0x0000013ce304bf38]
Event: 15.425 Thread 0x0000013cfdc7f0f0 12677       1       com.android.tools.r8.internal.I7::U (5 bytes)
Event: 15.425 Thread 0x0000013cfdc7f0f0 nmethod 12677 0x0000013ce9ecca90 code [0x0000013ce9eccc20, 0x0000013ce9ecccf8]
Event: 15.425 Thread 0x0000013cfdc7f0f0 12689       1       sun.util.calendar.CalendarDate::setDayOfWeek (6 bytes)
Event: 15.425 Thread 0x0000013cfdc7f0f0 nmethod 12689 0x0000013ce98e3f90 code [0x0000013ce98e4120, 0x0000013ce98e41f8]
Event: 15.425 Thread 0x0000013cfdc7f0f0 12688       1       com.android.tools.r8.internal.L7::M (2 bytes)
Event: 15.425 Thread 0x0000013cfdc7f0f0 nmethod 12688 0x0000013ce98e3c90 code [0x0000013ce98e3e20, 0x0000013ce98e3ef8]
Event: 15.425 Thread 0x0000013cfdc7f0f0 12698       1       java.util.Calendar::setLenient (6 bytes)

GC Heap History (20 events):
Event: 12.677 GC heap after
{Heap after GC invocations=40 (full 0):
 garbage-first heap   total 157696K, used 69636K [0x0000000700000000, 0x0000000800000000)
  region size 2048K, 3 young (6144K), 3 survivors (6144K)
 Metaspace       used 89312K, committed 89920K, reserved 1130496K
  class space    used 12192K, committed 12480K, reserved 1048576K
}
Event: 13.382 GC heap before
{Heap before GC invocations=40 (full 0):
 garbage-first heap   total 157696K, used 126980K [0x0000000700000000, 0x0000000800000000)
  region size 2048K, 32 young (65536K), 3 survivors (6144K)
 Metaspace       used 91444K, committed 92160K, reserved 1130496K
  class space    used 12601K, committed 12928K, reserved 1048576K
}
Event: 13.391 GC heap after
{Heap after GC invocations=41 (full 0):
 garbage-first heap   total 157696K, used 77134K [0x0000000700000000, 0x0000000800000000)
  region size 2048K, 4 young (8192K), 4 survivors (8192K)
 Metaspace       used 91444K, committed 92160K, reserved 1130496K
  class space    used 12601K, committed 12928K, reserved 1048576K
}
Event: 13.825 GC heap before
{Heap before GC invocations=41 (full 0):
 garbage-first heap   total 157696K, used 124238K [0x0000000700000000, 0x0000000800000000)
  region size 2048K, 28 young (57344K), 4 survivors (8192K)
 Metaspace       used 92286K, committed 92928K, reserved 1130496K
  class space    used 12705K, committed 12992K, reserved 1048576K
}
Event: 13.832 GC heap after
{Heap after GC invocations=42 (full 0):
 garbage-first heap   total 157696K, used 80195K [0x0000000700000000, 0x0000000800000000)
  region size 2048K, 2 young (4096K), 2 survivors (4096K)
 Metaspace       used 92286K, committed 92928K, reserved 1130496K
  class space    used 12705K, committed 12992K, reserved 1048576K
}
Event: 14.216 GC heap before
{Heap before GC invocations=43 (full 0):
 garbage-first heap   total 157696K, used 127299K [0x0000000700000000, 0x0000000800000000)
  region size 2048K, 26 young (53248K), 2 survivors (4096K)
 Metaspace       used 94438K, committed 95104K, reserved 1138688K
  class space    used 12921K, committed 13248K, reserved 1048576K
}
Event: 14.222 GC heap after
{Heap after GC invocations=44 (full 0):
 garbage-first heap   total 157696K, used 82985K [0x0000000700000000, 0x0000000800000000)
  region size 2048K, 3 young (6144K), 3 survivors (6144K)
 Metaspace       used 94438K, committed 95104K, reserved 1138688K
  class space    used 12921K, committed 13248K, reserved 1048576K
}
Event: 14.470 GC heap before
{Heap before GC invocations=44 (full 0):
 garbage-first heap   total 157696K, used 128041K [0x0000000700000000, 0x0000000800000000)
  region size 2048K, 26 young (53248K), 3 survivors (6144K)
 Metaspace       used 96187K, committed 96896K, reserved 1138688K
  class space    used 13164K, committed 13504K, reserved 1048576K
}
Event: 14.479 GC heap after
{Heap after GC invocations=45 (full 0):
 garbage-first heap   total 192512K, used 90244K [0x0000000700000000, 0x0000000800000000)
  region size 2048K, 4 young (8192K), 4 survivors (8192K)
 Metaspace       used 96187K, committed 96896K, reserved 1138688K
  class space    used 13164K, committed 13504K, reserved 1048576K
}
Event: 14.872 GC heap before
{Heap before GC invocations=46 (full 0):
 garbage-first heap   total 192512K, used 149636K [0x0000000700000000, 0x0000000800000000)
  region size 2048K, 34 young (69632K), 4 survivors (8192K)
 Metaspace       used 100081K, committed 100736K, reserved 1138688K
  class space    used 13781K, committed 14080K, reserved 1048576K
}
Event: 14.885 GC heap after
{Heap after GC invocations=47 (full 0):
 garbage-first heap   total 192512K, used 99070K [0x0000000700000000, 0x0000000800000000)
  region size 2048K, 5 young (10240K), 5 survivors (10240K)
 Metaspace       used 100081K, committed 100736K, reserved 1138688K
  class space    used 13781K, committed 14080K, reserved 1048576K
}
Event: 14.891 GC heap before
{Heap before GC invocations=47 (full 0):
 garbage-first heap   total 192512K, used 101118K [0x0000000700000000, 0x0000000800000000)
  region size 2048K, 6 young (12288K), 5 survivors (10240K)
 Metaspace       used 100154K, committed 100800K, reserved 1138688K
  class space    used 13795K, committed 14080K, reserved 1048576K
}
Event: 14.898 GC heap after
{Heap after GC invocations=48 (full 0):
 garbage-first heap   total 192512K, used 99071K [0x0000000700000000, 0x0000000800000000)
  region size 2048K, 1 young (2048K), 1 survivors (2048K)
 Metaspace       used 100154K, committed 100800K, reserved 1138688K
  class space    used 13795K, committed 14080K, reserved 1048576K
}
Event: 15.076 GC heap before
{Heap before GC invocations=48 (full 0):
 garbage-first heap   total 192512K, used 150271K [0x0000000700000000, 0x0000000800000000)
  region size 2048K, 27 young (55296K), 1 survivors (2048K)
 Metaspace       used 103189K, committed 103872K, reserved 1138688K
  class space    used 14304K, committed 14592K, reserved 1048576K
}
Event: 15.085 GC heap after
{Heap after GC invocations=49 (full 0):
 garbage-first heap   total 192512K, used 106606K [0x0000000700000000, 0x0000000800000000)
  region size 2048K, 4 young (8192K), 4 survivors (8192K)
 Metaspace       used 103189K, committed 103872K, reserved 1138688K
  class space    used 14304K, committed 14592K, reserved 1048576K
}
Event: 15.281 GC heap before
{Heap before GC invocations=50 (full 0):
 garbage-first heap   total 219136K, used 153710K [0x0000000700000000, 0x0000000800000000)
  region size 2048K, 27 young (55296K), 4 survivors (8192K)
 Metaspace       used 104816K, committed 105600K, reserved 1146880K
  class space    used 14643K, committed 15040K, reserved 1048576K
}
Event: 15.293 GC heap after
{Heap after GC invocations=51 (full 0):
 garbage-first heap   total 219136K, used 112806K [0x0000000700000000, 0x0000000800000000)
  region size 2048K, 3 young (6144K), 3 survivors (6144K)
 Metaspace       used 104816K, committed 105600K, reserved 1146880K
  class space    used 14643K, committed 15040K, reserved 1048576K
}
Event: 15.300 GC heap before
{Heap before GC invocations=51 (full 0):
 garbage-first heap   total 219136K, used 116902K [0x0000000700000000, 0x0000000800000000)
  region size 2048K, 5 young (10240K), 3 survivors (6144K)
 Metaspace       used 104848K, committed 105600K, reserved 1146880K
  class space    used 14648K, committed 15040K, reserved 1048576K
}
Event: 15.307 GC heap after
{Heap after GC invocations=52 (full 0):
 garbage-first heap   total 219136K, used 113372K [0x0000000700000000, 0x0000000800000000)
  region size 2048K, 1 young (2048K), 1 survivors (2048K)
 Metaspace       used 104848K, committed 105600K, reserved 1146880K
  class space    used 14648K, committed 15040K, reserved 1048576K
}
Event: 15.426 GC heap before
{Heap before GC invocations=52 (full 0):
 garbage-first heap   total 219136K, used 174812K [0x0000000700000000, 0x0000000800000000)
  region size 2048K, 31 young (63488K), 1 survivors (2048K)
 Metaspace       used 106288K, committed 107072K, reserved 1146880K
  class space    used 14910K, committed 15296K, reserved 1048576K
}

Dll operation events (2 events):
Event: 0.007 Loaded shared library C:\Program Files\Android\Android Studio\jbr\bin\java.dll
Event: 0.303 Loaded shared library C:\Program Files\Android\Android Studio\jbr\bin\verify.dll

Deoptimization events (20 events):
Event: 15.250 Thread 0x0000013c86e7f500 DEOPT PACKING pc=0x0000013ce9eb2fdc sp=0x00000009b6efd880
Event: 15.250 Thread 0x0000013c86e7f500 DEOPT UNPACKING pc=0x0000013ce92ea1a3 sp=0x00000009b6efd800 mode 2
Event: 15.250 Thread 0x0000013c86e7f500 Uncommon trap: trap_request=0xffffffde fr.pc=0x0000013ce9bbe618 relative=0x0000000000000078
Event: 15.250 Thread 0x0000013c86e7f500 Uncommon trap: reason=class_check action=maybe_recompile pc=0x0000013ce9bbe618 method=com.android.tools.build.apkzlib.zip.CentralDirectoryHeader.getCompressionInfoWithWait()Lcom/android/tools/build/apkzlib/zip/CentralDirectoryHeaderCompressInfo; @ 4 c2
Event: 15.250 Thread 0x0000013c86e7f500 DEOPT PACKING pc=0x0000013ce9bbe618 sp=0x00000009b6efd940
Event: 15.250 Thread 0x0000013c86e7f500 DEOPT UNPACKING pc=0x0000013ce92ea1a3 sp=0x00000009b6efd8c8 mode 2
Event: 15.259 Thread 0x0000013c86e7f500 Uncommon trap: trap_request=0xffffffde fr.pc=0x0000013ce9bbe618 relative=0x0000000000000078
Event: 15.259 Thread 0x0000013c86e7f500 Uncommon trap: reason=class_check action=maybe_recompile pc=0x0000013ce9bbe618 method=com.android.tools.build.apkzlib.zip.CentralDirectoryHeader.getCompressionInfoWithWait()Lcom/android/tools/build/apkzlib/zip/CentralDirectoryHeaderCompressInfo; @ 4 c2
Event: 15.260 Thread 0x0000013c86e7f500 DEOPT PACKING pc=0x0000013ce9bbe618 sp=0x00000009b6efd910
Event: 15.260 Thread 0x0000013c86e7f500 DEOPT UNPACKING pc=0x0000013ce92ea1a3 sp=0x00000009b6efd890 mode 2
Event: 15.264 Thread 0x0000013c86e7f500 Uncommon trap: trap_request=0xffffffde fr.pc=0x0000013ce9bbe618 relative=0x0000000000000078
Event: 15.264 Thread 0x0000013c86e7f500 Uncommon trap: reason=class_check action=maybe_recompile pc=0x0000013ce9bbe618 method=com.android.tools.build.apkzlib.zip.CentralDirectoryHeader.getCompressionInfoWithWait()Lcom/android/tools/build/apkzlib/zip/CentralDirectoryHeaderCompressInfo; @ 4 c2
Event: 15.264 Thread 0x0000013c86e7f500 DEOPT PACKING pc=0x0000013ce9bbe618 sp=0x00000009b6efd920
Event: 15.264 Thread 0x0000013c86e7f500 DEOPT UNPACKING pc=0x0000013ce92ea1a3 sp=0x00000009b6efd8a0 mode 2
Event: 15.364 Thread 0x0000013c8402ded0 DEOPT PACKING pc=0x0000013ce3119e7e sp=0x00000009b1bf9e70
Event: 15.364 Thread 0x0000013c8402ded0 DEOPT UNPACKING pc=0x0000013ce92eace3 sp=0x00000009b1bf9350 mode 0
Event: 15.378 Thread 0x0000013c8402ded0 DEOPT PACKING pc=0x0000013ce315f2b7 sp=0x00000009b1bf9ff0
Event: 15.378 Thread 0x0000013c8402ded0 DEOPT UNPACKING pc=0x0000013ce92eace3 sp=0x00000009b1bf94d0 mode 0
Event: 15.423 Thread 0x0000013c8402ded0 DEOPT PACKING pc=0x0000013ce315f2b7 sp=0x00000009b1bf9ff0
Event: 15.423 Thread 0x0000013c8402ded0 DEOPT UNPACKING pc=0x0000013ce92eace3 sp=0x00000009b1bf94d0 mode 0

Classes unloaded (14 events):
Event: 14.561 Thread 0x0000013cfdc261a0 Unloading class 0x0000000800ca4800 'java/lang/invoke/LambdaForm$DMH+0x0000000800ca4800'
Event: 14.561 Thread 0x0000013cfdc261a0 Unloading class 0x0000000800ca4000 'java/lang/invoke/LambdaForm$DMH+0x0000000800ca4000'
Event: 14.561 Thread 0x0000013cfdc261a0 Unloading class 0x0000000800c95c00 'java/lang/invoke/LambdaForm$DMH+0x0000000800c95c00'
Event: 14.561 Thread 0x0000013cfdc261a0 Unloading class 0x0000000800c95800 'java/lang/invoke/LambdaForm$DMH+0x0000000800c95800'
Event: 14.561 Thread 0x0000013cfdc261a0 Unloading class 0x0000000800c95400 'java/lang/invoke/LambdaForm$DMH+0x0000000800c95400'
Event: 14.561 Thread 0x0000013cfdc261a0 Unloading class 0x0000000800c94c00 'java/lang/invoke/LambdaForm$DMH+0x0000000800c94c00'
Event: 14.561 Thread 0x0000013cfdc261a0 Unloading class 0x0000000800c95000 'java/lang/invoke/LambdaForm$DMH+0x0000000800c95000'
Event: 14.561 Thread 0x0000013cfdc261a0 Unloading class 0x0000000800c94800 'java/lang/invoke/LambdaForm$DMH+0x0000000800c94800'
Event: 14.561 Thread 0x0000013cfdc261a0 Unloading class 0x0000000800c94400 'java/lang/invoke/LambdaForm$DMH+0x0000000800c94400'
Event: 15.179 Thread 0x0000013cfdc261a0 Unloading class 0x0000000800d91000 'java/lang/invoke/LambdaForm$DMH+0x0000000800d91000'
Event: 15.179 Thread 0x0000013cfdc261a0 Unloading class 0x0000000800d90c00 'java/lang/invoke/LambdaForm$DMH+0x0000000800d90c00'
Event: 15.179 Thread 0x0000013cfdc261a0 Unloading class 0x0000000800d90400 'java/lang/invoke/LambdaForm$DMH+0x0000000800d90400'
Event: 15.179 Thread 0x0000013cfdc261a0 Unloading class 0x0000000800d90800 'java/lang/invoke/LambdaForm$DMH+0x0000000800d90800'
Event: 15.179 Thread 0x0000013cfdc261a0 Unloading class 0x0000000800d7c400 'java/lang/invoke/LambdaForm$DMH+0x0000000800d7c400'

Classes redefined (0 events):
No events

Internal exceptions (20 events):
Event: 15.065 Thread 0x0000013c819dbbf0 Exception <a 'java/lang/NoSuchMethodError'{0x00000007088d4378}: 'java.lang.Object java.lang.invoke.DirectMethodHandle$Holder.invokeStatic(java.lang.Object, java.lang.Object, int, java.lang.Object, java.lang.Object)'> (0x00000007088d4378) 
thrown [s\src\hotspot\share\interpreter\linkResolver.cpp, line 771]
Event: 15.065 Thread 0x0000013c84252e10 Exception <a 'java/lang/NoSuchMethodError'{0x00000007089477c8}: 'java.lang.Object java.lang.invoke.DirectMethodHandle$Holder.invokeStatic(java.lang.Object, java.lang.Object, int, java.lang.Object, java.lang.Object)'> (0x00000007089477c8) 
thrown [s\src\hotspot\share\interpreter\linkResolver.cpp, line 771]
Event: 15.065 Thread 0x0000013c8494b430 Exception <a 'java/lang/NoSuchMethodError'{0x00000007088639e0}: 'java.lang.Object java.lang.invoke.DirectMethodHandle$Holder.invokeStatic(java.lang.Object, java.lang.Object, int, java.lang.Object, java.lang.Object)'> (0x00000007088639e0) 
thrown [s\src\hotspot\share\interpreter\linkResolver.cpp, line 771]
Event: 15.065 Thread 0x0000013c842537b0 Exception <a 'java/lang/NoSuchMethodError'{0x000000070894f760}: 'java.lang.Object java.lang.invoke.DirectMethodHandle$Holder.invokeStatic(java.lang.Object, java.lang.Object, int, java.lang.Object, java.lang.Object)'> (0x000000070894f760) 
thrown [s\src\hotspot\share\interpreter\linkResolver.cpp, line 771]
Event: 15.086 Thread 0x0000013c84252e10 Implicit null exception at 0x0000013ce99778ec to 0x0000013ce997bed4
Event: 15.086 Thread 0x0000013c84258e50 Implicit null exception at 0x0000013ce99778ec to 0x0000013ce997bed4
Event: 15.086 Thread 0x0000013c842537b0 Implicit null exception at 0x0000013ce9c00781 to 0x0000013ce9c0098c
Event: 15.135 Thread 0x0000013c86e7f500 Exception <a 'java/lang/NoSuchMethodError'{0x000000070b19f4e0}: 'java.lang.Object java.lang.invoke.DirectMethodHandle$Holder.invokeVirtual(java.lang.Object, java.lang.Object, int)'> (0x000000070b19f4e0) 
thrown [s\src\hotspot\share\interpreter\linkResolver.cpp, line 771]
Event: 15.250 Thread 0x0000013c86e7f500 Implicit null exception at 0x0000013ce9eb2fb0 to 0x0000013ce9eb2fc8
Event: 15.377 Thread 0x0000013c84258e50 Exception <a 'java/lang/IncompatibleClassChangeError'{0x000000070b3b8180}: Found class java.lang.Object, but interface was expected> (0x000000070b3b8180) 
thrown [s\src\hotspot\share\interpreter\linkResolver.cpp, line 838]
Event: 15.377 Thread 0x0000013c842537b0 Exception <a 'java/lang/IncompatibleClassChangeError'{0x000000070b0d84d0}: Found class java.lang.Object, but interface was expected> (0x000000070b0d84d0) 
thrown [s\src\hotspot\share\interpreter\linkResolver.cpp, line 838]
Event: 15.377 Thread 0x0000013c8494b430 Exception <a 'java/lang/IncompatibleClassChangeError'{0x000000070b0cc5a8}: Found class java.lang.Object, but interface was expected> (0x000000070b0cc5a8) 
thrown [s\src\hotspot\share\interpreter\linkResolver.cpp, line 838]
Event: 15.377 Thread 0x0000013c819dbbf0 Exception <a 'java/lang/IncompatibleClassChangeError'{0x000000070b0e5f88}: Found class java.lang.Object, but interface was expected> (0x000000070b0e5f88) 
thrown [s\src\hotspot\share\interpreter\linkResolver.cpp, line 838]
Event: 15.377 Thread 0x0000013c84256300 Exception <a 'java/lang/IncompatibleClassChangeError'{0x000000070b0de4f0}: Found class java.lang.Object, but interface was expected> (0x000000070b0de4f0) 
thrown [s\src\hotspot\share\interpreter\linkResolver.cpp, line 838]
Event: 15.378 Thread 0x0000013c819dbbf0 Exception <a 'java/lang/IncompatibleClassChangeError'{0x000000070b0eadd0}: Found class java.lang.Object, but interface was expected> (0x000000070b0eadd0) 
thrown [s\src\hotspot\share\interpreter\linkResolver.cpp, line 838]
Event: 15.378 Thread 0x0000013c84252e10 Exception <a 'java/lang/IncompatibleClassChangeError'{0x000000070ae04480}: Found class java.lang.Object, but interface was expected> (0x000000070ae04480) 
thrown [s\src\hotspot\share\interpreter\linkResolver.cpp, line 838]
Event: 15.378 Thread 0x0000013c842537b0 Exception <a 'java/lang/IncompatibleClassChangeError'{0x000000070b1c6770}: Found class java.lang.Object, but interface was expected> (0x000000070b1c6770) 
thrown [s\src\hotspot\share\interpreter\linkResolver.cpp, line 838]
Event: 15.378 Thread 0x0000013c8494b430 Exception <a 'java/lang/IncompatibleClassChangeError'{0x000000070b0d1b88}: Found class java.lang.Object, but interface was expected> (0x000000070b0d1b88) 
thrown [s\src\hotspot\share\interpreter\linkResolver.cpp, line 838]
Event: 15.378 Thread 0x0000013c84256300 Exception <a 'java/lang/IncompatibleClassChangeError'{0x000000070b0e3338}: Found class java.lang.Object, but interface was expected> (0x000000070b0e3338) 
thrown [s\src\hotspot\share\interpreter\linkResolver.cpp, line 838]
Event: 15.379 Thread 0x0000013c84258e50 Exception <a 'java/lang/IncompatibleClassChangeError'{0x000000070b3bd030}: Found class java.lang.Object, but interface was expected> (0x000000070b3bd030) 
thrown [s\src\hotspot\share\interpreter\linkResolver.cpp, line 838]

VM Operations (20 events):
Event: 15.102 Executing VM operation: HandshakeAllThreads done
Event: 15.178 Executing VM operation: G1Concurrent
Event: 15.190 Executing VM operation: G1Concurrent done
Event: 15.223 Executing VM operation: HandshakeAllThreads
Event: 15.224 Executing VM operation: HandshakeAllThreads done
Event: 15.233 Executing VM operation: HandshakeAllThreads
Event: 15.233 Executing VM operation: HandshakeAllThreads done
Event: 15.235 Executing VM operation: HandshakeAllThreads
Event: 15.236 Executing VM operation: HandshakeAllThreads done
Event: 15.239 Executing VM operation: G1Concurrent
Event: 15.240 Executing VM operation: G1Concurrent done
Event: 15.281 Executing VM operation: G1CollectForAllocation
Event: 15.295 Executing VM operation: G1CollectForAllocation done
Event: 15.300 Executing VM operation: G1CollectForAllocation
Event: 15.307 Executing VM operation: G1CollectForAllocation done
Event: 15.361 Executing VM operation: HandshakeAllThreads
Event: 15.361 Executing VM operation: HandshakeAllThreads done
Event: 15.373 Executing VM operation: HandshakeAllThreads
Event: 15.373 Executing VM operation: HandshakeAllThreads done
Event: 15.425 Executing VM operation: G1CollectForAllocation

Events (20 events):
Event: 15.237 loading class sun/nio/cs/ThreadLocalCoders
Event: 15.237 loading class sun/nio/cs/ThreadLocalCoders done
Event: 15.237 loading class sun/nio/cs/ThreadLocalCoders$1
Event: 15.237 loading class sun/nio/cs/ThreadLocalCoders$Cache
Event: 15.237 loading class sun/nio/cs/ThreadLocalCoders$Cache done
Event: 15.237 loading class sun/nio/cs/ThreadLocalCoders$1 done
Event: 15.237 loading class sun/nio/cs/ThreadLocalCoders$2
Event: 15.237 loading class sun/nio/cs/ThreadLocalCoders$2 done
Event: 15.239 loading class java/util/zip/Deflater
Event: 15.239 loading class java/util/zip/Deflater done
Event: 15.241 loading class java/util/zip/Deflater$DeflaterZStreamRef
Event: 15.241 loading class java/util/zip/Deflater$DeflaterZStreamRef done
Event: 15.251 loading class java/util/TreeMap$AscendingSubMap
Event: 15.251 loading class java/util/TreeMap$NavigableSubMap
Event: 15.252 loading class java/util/TreeMap$NavigableSubMap done
Event: 15.252 loading class java/util/TreeMap$AscendingSubMap done
Event: 15.259 loading class java/util/TreeMap$NavigableSubMap$SubMapKeyIterator
Event: 15.259 loading class java/util/TreeMap$NavigableSubMap$SubMapIterator
Event: 15.259 loading class java/util/TreeMap$NavigableSubMap$SubMapIterator done
Event: 15.259 loading class java/util/TreeMap$NavigableSubMap$SubMapKeyIterator done


Dynamic libraries:
0x00007ff7898c0000 - 0x00007ff7898ca000 	C:\Program Files\Android\Android Studio\jbr\bin\java.exe
0x00007ffbbb4f0000 - 0x00007ffbbb6e7000 	C:\Windows\SYSTEM32\ntdll.dll
0x00007ffbb98d0000 - 0x00007ffbb998d000 	C:\Windows\System32\KERNEL32.DLL
0x00007ffbb8e70000 - 0x00007ffbb9166000 	C:\Windows\System32\KERNELBASE.dll
0x00007ffb62250000 - 0x00007ffb6231f000 	C:\Program Files\Bitdefender\Endpoint Security\bdhkm\dlls_266284632867764060\bdhkm64.dll
0x00007ffb620f0000 - 0x00007ffb62249000 	C:\Program Files\Bitdefender\Endpoint Security\atcuf\dlls_266780727744443306\atcuf64.dll
0x00007ffbb9200000 - 0x00007ffbb9300000 	C:\Windows\System32\ucrtbase.dll
0x00007ffb99e70000 - 0x00007ffb99e87000 	C:\Program Files\Android\Android Studio\jbr\bin\jli.dll
0x00007ffbba610000 - 0x00007ffbba7ae000 	C:\Windows\System32\USER32.dll
0x00007ffbb9350000 - 0x00007ffbb9372000 	C:\Windows\System32\win32u.dll
0x00007ffbb97f0000 - 0x00007ffbb981c000 	C:\Windows\System32\GDI32.dll
0x00007ffbb8d50000 - 0x00007ffbb8e6a000 	C:\Windows\System32\gdi32full.dll
0x00007ffbb8c80000 - 0x00007ffbb8d1d000 	C:\Windows\System32\msvcp_win.dll
0x00007ffbae130000 - 0x00007ffbae14b000 	C:\Program Files\Android\Android Studio\jbr\bin\VCRUNTIME140.dll
0x00007ffbabb70000 - 0x00007ffbabe0a000 	C:\Windows\WinSxS\amd64_microsoft.windows.common-controls_6595b64144ccf1df_6.0.19041.3570_none_60bb2a3971f3e41a\COMCTL32.dll
0x00007ffbb9550000 - 0x00007ffbb95ee000 	C:\Windows\System32\msvcrt.dll
0x00007ffbb9c60000 - 0x00007ffbb9c90000 	C:\Windows\System32\IMM32.DLL
0x00007ffbb3cd0000 - 0x00007ffbb3cdc000 	C:\Program Files\Android\Android Studio\jbr\bin\vcruntime140_1.dll
0x00007ffb84d90000 - 0x00007ffb84e1d000 	C:\Program Files\Android\Android Studio\jbr\bin\msvcp140.dll
0x00007ffb70900000 - 0x00007ffb7156e000 	C:\Program Files\Android\Android Studio\jbr\bin\server\jvm.dll
0x00007ffbbaf00000 - 0x00007ffbbafae000 	C:\Windows\System32\ADVAPI32.dll
0x00007ffbb96a0000 - 0x00007ffbb973c000 	C:\Windows\System32\sechost.dll
0x00007ffbb9ad0000 - 0x00007ffbb9bf6000 	C:\Windows\System32\RPCRT4.dll
0x00007ffbadfd0000 - 0x00007ffbadfd9000 	C:\Windows\SYSTEM32\WSOCK32.dll
0x00007ffbb9a60000 - 0x00007ffbb9acb000 	C:\Windows\System32\WS2_32.dll
0x00007ffbaceb0000 - 0x00007ffbaced7000 	C:\Windows\SYSTEM32\WINMM.dll
0x00007ffbb21b0000 - 0x00007ffbb21ba000 	C:\Windows\SYSTEM32\VERSION.dll
0x00007ffbb73c0000 - 0x00007ffbb73d2000 	C:\Windows\SYSTEM32\kernel.appcore.dll
0x00007ffbb3540000 - 0x00007ffbb354a000 	C:\Program Files\Android\Android Studio\jbr\bin\jimage.dll
0x00007ffbb6710000 - 0x00007ffbb68f4000 	C:\Windows\SYSTEM32\DBGHELP.DLL
0x00007ffbb1070000 - 0x00007ffbb10a4000 	C:\Windows\SYSTEM32\dbgcore.DLL
0x00007ffbb9170000 - 0x00007ffbb91f2000 	C:\Windows\System32\bcryptPrimitives.dll
0x00007ffb99ea0000 - 0x00007ffb99ec5000 	C:\Program Files\Android\Android Studio\jbr\bin\java.dll
0x00007ffb9dac0000 - 0x00007ffb9dad8000 	C:\Program Files\Android\Android Studio\jbr\bin\zip.dll
0x00007ffbba7b0000 - 0x00007ffbbaef4000 	C:\Windows\System32\SHELL32.dll
0x00007ffbb6c10000 - 0x00007ffbb73ab000 	C:\Windows\SYSTEM32\windows.storage.dll
0x00007ffbbb150000 - 0x00007ffbbb4a4000 	C:\Windows\System32\combase.dll
0x00007ffbb8530000 - 0x00007ffbb855d000 	C:\Windows\SYSTEM32\Wldp.dll
0x00007ffbb9820000 - 0x00007ffbb98cd000 	C:\Windows\System32\SHCORE.dll
0x00007ffbb9c90000 - 0x00007ffbb9ce5000 	C:\Windows\System32\shlwapi.dll
0x00007ffbb8b00000 - 0x00007ffbb8b25000 	C:\Windows\SYSTEM32\profapi.dll
0x00007ffb9d930000 - 0x00007ffb9d949000 	C:\Program Files\Android\Android Studio\jbr\bin\net.dll
0x00007ffbb3fb0000 - 0x00007ffbb40ba000 	C:\Windows\SYSTEM32\WINHTTP.dll
0x00007ffbb8310000 - 0x00007ffbb837a000 	C:\Windows\system32\mswsock.dll
0x00007ffb9cb80000 - 0x00007ffb9cb96000 	C:\Program Files\Android\Android Studio\jbr\bin\nio.dll
0x00007ffbafec0000 - 0x00007ffbafed0000 	C:\Program Files\Android\Android Studio\jbr\bin\verify.dll
0x00007ffb9ce90000 - 0x00007ffb9ceb7000 	C:\Users\aluno\.gradle\native\68d5fa5c4cc2d200863cafc0d521ce42e7d3e7ee720ec0a83991735586a16f82\windows-amd64\native-platform.dll
0x00007ffb67220000 - 0x00007ffb67364000 	C:\Users\aluno\.gradle\native\e376f236ea51e6404a007f0833ffe2c6e607c4080706a723a18a27aeea778392\windows-amd64\native-platform-file-events.dll
0x00007ffba0140000 - 0x00007ffba0149000 	C:\Program Files\Android\Android Studio\jbr\bin\management.dll
0x00007ffb9fc30000 - 0x00007ffb9fc3b000 	C:\Program Files\Android\Android Studio\jbr\bin\management_ext.dll
0x00007ffbba600000 - 0x00007ffbba608000 	C:\Windows\System32\PSAPI.DLL
0x00007ffbb8570000 - 0x00007ffbb8588000 	C:\Windows\SYSTEM32\CRYPTSP.dll
0x00007ffbb7bd0000 - 0x00007ffbb7c04000 	C:\Windows\system32\rsaenh.dll
0x00007ffbb8d20000 - 0x00007ffbb8d47000 	C:\Windows\System32\bcrypt.dll
0x00007ffbb8a80000 - 0x00007ffbb8aae000 	C:\Windows\SYSTEM32\USERENV.dll
0x00007ffbb84a0000 - 0x00007ffbb84ac000 	C:\Windows\SYSTEM32\CRYPTBASE.dll
0x00007ffbb7fb0000 - 0x00007ffbb7feb000 	C:\Windows\SYSTEM32\IPHLPAPI.DLL
0x00007ffbbb140000 - 0x00007ffbbb148000 	C:\Windows\System32\NSI.dll
0x00007ffbb2ea0000 - 0x00007ffbb2eb7000 	C:\Windows\SYSTEM32\dhcpcsvc6.DLL
0x00007ffbb2e70000 - 0x00007ffbb2e8d000 	C:\Windows\SYSTEM32\dhcpcsvc.DLL
0x00007ffbb7ff0000 - 0x00007ffbb80ba000 	C:\Windows\SYSTEM32\DNSAPI.dll
0x00007ffb81480000 - 0x00007ffb81487000 	C:\Windows\system32\wshunix.dll

dbghelp: loaded successfully - version: 4.0.5 - missing functions: none
symbol engine: initialized successfully - sym options: 0x614 - pdb path: .;C:\Program Files\Android\Android Studio\jbr\bin;C:\Windows\SYSTEM32;C:\Program Files\Bitdefender\Endpoint Security\bdhkm\dlls_266284632867764060;C:\Program Files\Bitdefender\Endpoint Security\atcuf\dlls_266780727744443306;C:\Windows\WinSxS\amd64_microsoft.windows.common-controls_6595b64144ccf1df_6.0.19041.3570_none_60bb2a3971f3e41a;C:\Program Files\Android\Android Studio\jbr\bin\server;C:\Users\aluno\.gradle\native\68d5fa5c4cc2d200863cafc0d521ce42e7d3e7ee720ec0a83991735586a16f82\windows-amd64;C:\Users\aluno\.gradle\native\e376f236ea51e6404a007f0833ffe2c6e607c4080706a723a18a27aeea778392\windows-amd64

VM Arguments:
jvm_args: --add-opens=java.base/java.util=ALL-UNNAMED --add-opens=java.base/java.lang=ALL-UNNAMED --add-opens=java.base/java.lang.invoke=ALL-UNNAMED --add-opens=java.prefs/java.util.prefs=ALL-UNNAMED --add-opens=java.base/java.nio.charset=ALL-UNNAMED --add-opens=java.base/java.net=ALL-UNNAMED --add-opens=java.base/java.util.concurrent.atomic=ALL-UNNAMED -Xmx4096m -Dfile.encoding=UTF-8 -Duser.country=BR -Duser.language=pt -Duser.variant 
java_command: org.gradle.launcher.daemon.bootstrap.GradleDaemon 8.0
java_class_path (initial): C:\Users\aluno\.gradle\wrapper\dists\gradle-8.0-bin\ca5e32bp14vu59qr306oxotwh\gradle-8.0\lib\gradle-launcher-8.0.jar
Launcher Type: SUN_STANDARD

[Global flags]
     intx CICompilerCount                          = 4                                         {product} {ergonomic}
     uint ConcGCThreads                            = 2                                         {product} {ergonomic}
     uint G1ConcRefinementThreads                  = 8                                         {product} {ergonomic}
   size_t G1HeapRegionSize                         = 2097152                                   {product} {ergonomic}
    uintx GCDrainStackTargetSize                   = 64                                        {product} {ergonomic}
   size_t InitialHeapSize                          = 132120576                                 {product} {ergonomic}
   size_t MarkStackSize                            = 4194304                                   {product} {ergonomic}
   size_t MaxHeapSize                              = 4294967296                                {product} {command line}
   size_t MaxNewSize                               = 2575302656                                {product} {ergonomic}
   size_t MinHeapDeltaBytes                        = 2097152                                   {product} {ergonomic}
   size_t MinHeapSize                              = 8388608                                   {product} {ergonomic}
    uintx NonNMethodCodeHeapSize                   = 5839372                                {pd product} {ergonomic}
    uintx NonProfiledCodeHeapSize                  = 122909434                              {pd product} {ergonomic}
    uintx ProfiledCodeHeapSize                     = 122909434                              {pd product} {ergonomic}
    uintx ReservedCodeCacheSize                    = 251658240                              {pd product} {ergonomic}
     bool SegmentedCodeCache                       = true                                      {product} {ergonomic}
   size_t SoftMaxHeapSize                          = 4294967296                             {manageable} {ergonomic}
     bool UseCompressedClassPointers               = true                           {product lp64_product} {ergonomic}
     bool UseCompressedOops                        = true                           {product lp64_product} {ergonomic}
     bool UseG1GC                                  = true                                      {product} {ergonomic}
     bool UseLargePagesIndividualAllocation        = false                                  {pd product} {ergonomic}

Logging:
Log output configuration:
 #0: stdout all=warning uptime,level,tags
 #1: stderr all=off uptime,level,tags

Environment Variables:
JAVA_HOME=C:\Program Files\Java\jdk-17.0.2
PATH=C:\Program Files (x86)\VMware\VMware Player\bin\;C:\Program Files\Microsoft MPI\Bin\;C:\Python310\Scripts\;C:\Python310\;C:\Program Files\Common Files\Oracle\Java\javapath;C:\Program Files (x86)\Common Files\Oracle\Java\javapath;C:\Windows\system32;C:\Windows;C:\Windows\System32\Wbem;C:\Windows\System32\WindowsPowerShell\v1.0\;C:\Windows\System32\OpenSSH\;C:\Program Files\MATLAB\R2016b\bin;C:\Program Files\Microsoft VS Code\bin;C:\Program Files\nodejs\;C:\ProgramData\chocolatey\bin;C:\ProgramData\UNIVALI\Portugol Studio;C:\Program Files (x86)\Microsoft SQL Server\150\DTS\Binn\;C:\Program Files\Azure Data Studio\bin;C:\Program Files\Microsoft SQL Server\120\Tools\Binn\;C:\Program Files (x86)\Windows Kits\8.1\Windows Performance Toolkit\;C:\Program Files (x86)\Common Files\EpsonRC\exe;C:\Program Files\Common Files\Autodesk Shared\;C:\Program Files (x86)\Microsoft SQL Server\160\Tools\Binn\;C:\Program Files\Microsoft SQL Server\160\Tools\Binn\;C:\Program Files\Microsoft SQL Server\Client SDK\ODBC\170\Tools\Binn\;C:\Program Files\Microsoft SQL Server\160\DTS\Binn\;C:\Program Files (x86)\dotnet\;C:\Program Files (x86)\CODESYS\APInstaller\;C:\Program Files\dotnet\;C:\Program Files\Git\cmd;C:\Program Files\Docker\Docker\resources\bin;C:\Users\aluno\AppData\Local\Microsoft\WindowsApps;C:\Users\aluno\AppData\Local\GitHubDesktop\bin
USERNAME=aluno
OS=Windows_NT
PROCESSOR_IDENTIFIER=Intel64 Family 6 Model 140 Stepping 1, GenuineIntel
TMP=C:\Users\aluno\AppData\Local\Temp
TEMP=C:\Users\aluno\AppData\Local\Temp


JNI global refs:
JNI global refs: 27, weak refs: 11

JNI global refs memory usage: 843, weak refs: 1473


---------------  S Y S T E M  ---------------

OS:
 Windows 10 , 64 bit Build 19041 (10.0.19041.3570)
OS uptime: 0 days 1:47 hours
Hyper-V role detected

CPU: total 8 (initial active 8) (4 cores per cpu, 2 threads per core) family 6 model 140 stepping 1 microcode 0x8a, cx8, cmov, fxsr, ht, mmx, 3dnowpref, sse, sse2, sse3, ssse3, sse4.1, sse4.2, popcnt, lzcnt, tsc, tscinvbit, avx, avx2, aes, erms, clmul, bmi1, bmi2, adx, avx512f, avx512dq, avx512cd, avx512bw, avx512vl, sha, fma, vzeroupper, avx512_vpopcntdq, avx512_vpclmulqdq, avx512_vaes, avx512_vnni, clflush, clflushopt, clwb, avx512_vbmi2, avx512_vbmi, hv

Memory: 4k page, system-wide physical 7991M (592M free)
TotalPageFile size 11991M (AvailPageFile size 240M)
current process WorkingSet (physical memory assigned to process): 502M, peak: 502M
current process commit charge ("private bytes"): 544M, peak: 972M

vm_info: OpenJDK 64-Bit Server VM (17.0.6+0-b2043.56-10027231) for windows-amd64 JRE (17.0.6+0-b2043.56-10027231), built on Apr 28 2023 00:43:19 by "androidbuild" with MS VC++ 16.10 / 16.11 (VS2019)

END.
