#
# There is insufficient memory for the Java Runtime Environment to continue.
# Native memory allocation (malloc) failed to allocate 292976 bytes for Chunk::new
# Possible reasons:
#   The system is out of physical RAM or swap space
#   The process is running with CompressedOops enabled, and the Java Heap may be blocking the growth of the native heap
# Possible solutions:
#   Reduce memory load on the system
#   Increase physical memory or swap space
#   Check if swap backing store is full
#   Decrease Java heap size (-Xmx/-Xms)
#   Decrease number of Java threads
#   Decrease Java thread stack sizes (-Xss)
#   Set larger code cache with -XX:ReservedCodeCacheSize=
#   JVM is running with Zero Based Compressed Oops mode in which the Java heap is
#     placed in the first 32GB address space. The Java Heap base address is the
#     maximum limit for the native heap growth. Please use -XX:HeapBaseMinAddress
#     to set the Java Heap base and to place the Java Heap above 32GB virtual address.
# This output file may be truncated or incomplete.
#
#  Out of Memory Error (arena.cpp:189), pid=7976, tid=12416
#
# JRE version: OpenJDK Runtime Environment (17.0.6) (build 17.0.6+0-b2043.56-10027231)
# Java VM: OpenJDK 64-Bit Server VM (17.0.6+0-b2043.56-10027231, mixed mode, tiered, compressed oops, compressed class ptrs, g1 gc, windows-amd64)
# No core dump will be written. Minidumps are not enabled by default on client versions of Windows
#

---------------  S U M M A R Y ------------

Command Line: --add-opens=java.base/java.util=ALL-UNNAMED --add-opens=java.base/java.lang=ALL-UNNAMED --add-opens=java.base/java.lang.invoke=ALL-UNNAMED --add-opens=java.prefs/java.util.prefs=ALL-UNNAMED --add-opens=java.base/java.nio.charset=ALL-UNNAMED --add-opens=java.base/java.net=ALL-UNNAMED --add-opens=java.base/java.util.concurrent.atomic=ALL-UNNAMED -Xmx4096m -Dfile.encoding=UTF-8 -Duser.country=BR -Duser.language=pt -Duser.variant org.gradle.launcher.daemon.bootstrap.GradleDaemon 8.0

Host: 11th Gen Intel(R) Core(TM) i5-1135G7 @ 2.40GHz, 8 cores, 7G,  Windows 10 , 64 bit Build 19041 (10.0.19041.3570)
Time: Fri Oct 27 21:46:53 2023 Hora oficial do Brasil elapsed time: 17.445829 seconds (0d 0h 0m 17s)

---------------  T H R E A D  ---------------

Current thread (0x000001a4ee11ad10):  JavaThread "C2 CompilerThread1" daemon [_thread_in_native, id=12416, stack(0x000000798b300000,0x000000798b400000)]


Current CompileTask:
C2:  17446 17312       4       java.util.regex.Pattern$SliceU::match (99 bytes)

Stack: [0x000000798b300000,0x000000798b400000]
Native frames: (J=compiled Java code, j=interpreted, Vv=VM code, C=native code)
V  [jvm.dll+0x683c9a]
V  [jvm.dll+0x8427a4]
V  [jvm.dll+0x843f9e]
V  [jvm.dll+0x844603]
V  [jvm.dll+0x249b75]
V  [jvm.dll+0xabcac]
V  [jvm.dll+0xac27c]
V  [jvm.dll+0x368802]
V  [jvm.dll+0x332f31]
V  [jvm.dll+0x3323da]
V  [jvm.dll+0x21c201]
V  [jvm.dll+0x21b621]
V  [jvm.dll+0x1a4fdd]
V  [jvm.dll+0x22b098]
V  [jvm.dll+0x229159]
V  [jvm.dll+0x7f81ec]
V  [jvm.dll+0x7f274a]
V  [jvm.dll+0x682ad5]
C  [ucrtbase.dll+0x21bb2]
C  [KERNEL32.DLL+0x17344]
C  [ntdll.dll+0x526b1]


---------------  P R O C E S S  ---------------

Threads class SMR info:
_java_thread_list=0x000001a4e8fcfc10, length=138, elements={
0x000001a4c3a89c90, 0x000001a4e4c3ae70, 0x000001a4e4c3b930, 0x000001a4e4c7f150,
0x000001a4e4c7fc10, 0x000001a4e4c848f0, 0x000001a4e4c8d1c0, 0x000001a4e4c8eaf0,
0x000001a4e4c99150, 0x000001a4e4c9ba60, 0x000001a4e4e30350, 0x000001a4e4e34c40,
0x000001a4e803f460, 0x000001a4e4ee2eb0, 0x000001a4e83c75f0, 0x000001a4e6318510,
0x000001a4e5e18ae0, 0x000001a4e60fe8a0, 0x000001a4e60fcbc0, 0x000001a4e60fed70,
0x000001a4e60ff710, 0x000001a4e60ffbe0, 0x000001a4e60fd560, 0x000001a4e60ff240,
0x000001a4e60fc220, 0x000001a4e60fdf00, 0x000001a4e60fe3d0, 0x000001a4ea4bd840,
0x000001a4ea4bf520, 0x000001a4ea4bbb60, 0x000001a4ea4ba350, 0x000001a4ea4bf9f0,
0x000001a4ea4bdd10, 0x000001a4ea4be1e0, 0x000001a4ea4bc9d0, 0x000001a4ea4b8b40,
0x000001a4ea4b8670, 0x000001a4ea4bb1c0, 0x000001a4ea4bc030, 0x000001a4ea4ba820,
0x000001a4ea4bc500, 0x000001a4ea4b9010, 0x000001a4ea4b94e0, 0x000001a4ea4b99b0,
0x000001a4ea4beb80, 0x000001a4ea4678f0, 0x000001a4ea4648d0, 0x000001a4ea463a60,
0x000001a4ea464400, 0x000001a4ea465270, 0x000001a4ea464da0, 0x000001a4ea4660e0,
0x000001a4ea468760, 0x000001a4ea468290, 0x000001a4ea463f30, 0x000001a4ea465740,
0x000001a4ea465c10, 0x000001a4ea468c30, 0x000001a4ea466f50, 0x000001a4ea4630c0,
0x000001a4ea462250, 0x000001a4ea462bf0, 0x000001a4ea466a80, 0x000001a4ea467dc0,
0x000001a4ea467420, 0x000001a4ea463590, 0x000001a4ea462720, 0x000001a4ea4618b0,
0x000001a4ea4613e0, 0x000001a4ea461d80, 0x000001a4ea4665b0, 0x000001a4ec466c40,
0x000001a4ec463c20, 0x000001a4ec46a600, 0x000001a4ec46b470, 0x000001a4ec4675e0,
0x000001a4ec464f60, 0x000001a4ec4645c0, 0x000001a4ec46a130, 0x000001a4ec465430,
0x000001a4ec46aad0, 0x000001a4ec46afa0, 0x000001a4ec4640f0, 0x000001a4ec465dd0,
0x000001a4ec468df0, 0x000001a4ec466770, 0x000001a4ec464a90, 0x000001a4ec465900,
0x000001a4ec467110, 0x000001a4ec467ab0, 0x000001a4ec467f80, 0x000001a4ec4662a0,
0x000001a4ec469790, 0x000001a4ec468450, 0x000001a4ec468920, 0x000001a4ec4692c0,
0x000001a4ec469c60, 0x000001a4ec5edad0, 0x000001a4ec5ee940, 0x000001a4ec5f0fc0,
0x000001a4ec5f27d0, 0x000001a4ec5ee470, 0x000001a4ec5f0af0, 0x000001a4ec5f1e30,
0x000001a4ec5f3170, 0x000001a4ec5eee10, 0x000001a4ec5f2300, 0x000001a4ec5edfa0,
0x000001a4ec5f1490, 0x000001a4ec5f0150, 0x000001a4ec5ef2e0, 0x000001a4ec5f3fe0,
0x000001a4ec5ef7b0, 0x000001a4ec5f3640, 0x000001a4ec5f5320, 0x000001a4ec5efc80,
0x000001a4ec5f0620, 0x000001a4ec5f1960, 0x000001a4ec5f3b10, 0x000001a4ec5f44b0,
0x000001a4ec5f2ca0, 0x000001a4ec5f4980, 0x000001a4ec5f4e50, 0x000001a4ee9f0180,
0x000001a4ee9ecc90, 0x000001a4ee9ebe20, 0x000001a4ee11ad10, 0x000001a4ee11b220,
0x000001a4ee9eaae0, 0x000001a4ee9efcb0, 0x000001a4ee9f1990, 0x000001a4ee9ef310,
0x000001a4ee9ef7e0, 0x000001a4ee9ee970, 0x000001a4ee9ed630, 0x000001a4ee9eb950,
0x000001a4ee9eee40, 0x000001a4e7675160
}

Java Threads: ( => current thread )
  0x000001a4c3a89c90 JavaThread "main" [_thread_blocked, id=14676, stack(0x000000798a000000,0x000000798a100000)]
  0x000001a4e4c3ae70 JavaThread "Reference Handler" daemon [_thread_blocked, id=3008, stack(0x000000798a700000,0x000000798a800000)]
  0x000001a4e4c3b930 JavaThread "Finalizer" daemon [_thread_blocked, id=13880, stack(0x000000798a800000,0x000000798a900000)]
  0x000001a4e4c7f150 JavaThread "Signal Dispatcher" daemon [_thread_blocked, id=12128, stack(0x000000798a900000,0x000000798aa00000)]
  0x000001a4e4c7fc10 JavaThread "Attach Listener" daemon [_thread_blocked, id=10060, stack(0x000000798aa00000,0x000000798ab00000)]
  0x000001a4e4c848f0 JavaThread "Service Thread" daemon [_thread_blocked, id=3228, stack(0x000000798ab00000,0x000000798ac00000)]
  0x000001a4e4c8d1c0 JavaThread "Monitor Deflation Thread" daemon [_thread_blocked, id=7568, stack(0x000000798ac00000,0x000000798ad00000)]
  0x000001a4e4c8eaf0 JavaThread "C2 CompilerThread0" daemon [_thread_in_native, id=9856, stack(0x000000798ad00000,0x000000798ae00000)]
  0x000001a4e4c99150 JavaThread "C1 CompilerThread0" daemon [_thread_blocked, id=17660, stack(0x000000798ae00000,0x000000798af00000)]
  0x000001a4e4c9ba60 JavaThread "Sweeper thread" daemon [_thread_in_vm, id=1676, stack(0x000000798af00000,0x000000798b000000)]
  0x000001a4e4e30350 JavaThread "Common-Cleaner" daemon [_thread_blocked, id=18000, stack(0x000000798b000000,0x000000798b100000)]
  0x000001a4e4e34c40 JavaThread "Notification Thread" daemon [_thread_blocked, id=10092, stack(0x000000798b100000,0x000000798b200000)]
  0x000001a4e803f460 JavaThread "Daemon health stats" [_thread_blocked, id=15636, stack(0x000000798b900000,0x000000798ba00000)]
  0x000001a4e4ee2eb0 JavaThread "Incoming local TCP Connector on port 58048" [_thread_in_native, id=2060, stack(0x000000798ba00000,0x000000798bb00000)]
  0x000001a4e83c75f0 JavaThread "Daemon periodic checks" [_thread_blocked, id=9792, stack(0x000000798b400000,0x000000798b500000)]
  0x000001a4e6318510 JavaThread "Daemon" [_thread_blocked, id=3892, stack(0x000000798bb00000,0x000000798bc00000)]
  0x000001a4e5e18ae0 JavaThread "Handler for socket connection from /127.0.0.1:58048 to /127.0.0.1:58049" [_thread_in_native, id=3312, stack(0x000000798bc00000,0x000000798bd00000)]
  0x000001a4e60fe8a0 JavaThread "Cancel handler" [_thread_blocked, id=10608, stack(0x000000798bd00000,0x000000798be00000)]
  0x000001a4e60fcbc0 JavaThread "Daemon worker" [_thread_blocked, id=11540, stack(0x000000798be00000,0x000000798bf00000)]
  0x000001a4e60fed70 JavaThread "Asynchronous log dispatcher for DefaultDaemonConnection: socket connection from /127.0.0.1:58048 to /127.0.0.1:58049" [_thread_blocked, id=7712, stack(0x000000798bf00000,0x000000798c000000)]
  0x000001a4e60ff710 JavaThread "Stdin handler" [_thread_blocked, id=10576, stack(0x000000798c000000,0x000000798c100000)]
  0x000001a4e60ffbe0 JavaThread "Daemon client event forwarder" [_thread_blocked, id=8356, stack(0x000000798c100000,0x000000798c200000)]
  0x000001a4e60fd560 JavaThread "Cache worker for journal cache (C:\Users\aluno\.gradle\caches\journal-1)" [_thread_blocked, id=17780, stack(0x000000798c600000,0x000000798c700000)]
  0x000001a4e60ff240 JavaThread "File lock request listener" [_thread_in_native, id=2804, stack(0x000000798c700000,0x000000798c800000)]
  0x000001a4e60fc220 JavaThread "Cache worker for file hash cache (C:\Users\aluno\.gradle\caches\8.0\fileHashes)" [_thread_blocked, id=7448, stack(0x000000798c800000,0x000000798c900000)]
  0x000001a4e60fdf00 JavaThread "File watcher server" daemon [_thread_in_native, id=8904, stack(0x000000798ca00000,0x000000798cb00000)]
  0x000001a4e60fe3d0 JavaThread "File watcher consumer" daemon [_thread_blocked, id=6720, stack(0x000000798cb00000,0x000000798cc00000)]
  0x000001a4ea4bd840 JavaThread "Cache worker for checksums cache (D:\ProgramacaoparaDispositivosMoveis\ToDoList\.gradle\8.0\checksums)" [_thread_blocked, id=2904, stack(0x000000798cc00000,0x000000798cd00000)]
  0x000001a4ea4bf520 JavaThread "Cache worker for cache directory md-rule (C:\Users\aluno\.gradle\caches\8.0\md-rule)" [_thread_blocked, id=8832, stack(0x000000798cd00000,0x000000798ce00000)]
  0x000001a4ea4bbb60 JavaThread "Cache worker for file content cache (C:\Users\aluno\.gradle\caches\8.0\fileContent)" [_thread_blocked, id=8856, stack(0x000000798ce00000,0x000000798cf00000)]
  0x000001a4ea4ba350 JavaThread "Cache worker for file hash cache (D:\ProgramacaoparaDispositivosMoveis\ToDoList\.gradle\8.0\fileHashes)" [_thread_blocked, id=18180, stack(0x000000798cf00000,0x000000798d000000)]
  0x000001a4ea4bf9f0 JavaThread "Cache worker for cache directory md-supplier (C:\Users\aluno\.gradle\caches\8.0\md-supplier)" [_thread_blocked, id=3748, stack(0x000000798d000000,0x000000798d100000)]
  0x000001a4ea4bdd10 JavaThread "Cache worker for execution history cache (C:\Users\aluno\.gradle\caches\8.0\executionHistory)" [_thread_blocked, id=12340, stack(0x000000798d100000,0x000000798d200000)]
  0x000001a4ea4be1e0 JavaThread "jar transforms" [_thread_blocked, id=18220, stack(0x000000798d200000,0x000000798d300000)]
  0x000001a4ea4bc9d0 JavaThread "jar transforms Thread 2" [_thread_blocked, id=13596, stack(0x000000798d300000,0x000000798d400000)]
  0x000001a4ea4b8b40 JavaThread "Cache worker for kotlin-dsl (C:\Users\aluno\.gradle\caches\8.0\kotlin-dsl)" [_thread_blocked, id=7964, stack(0x000000798d400000,0x000000798d500000)]
  0x000001a4ea4b8670 JavaThread "jar transforms Thread 3" [_thread_blocked, id=2756, stack(0x000000798d500000,0x000000798d600000)]
  0x000001a4ea4bb1c0 JavaThread "jar transforms Thread 4" [_thread_blocked, id=11052, stack(0x000000798d600000,0x000000798d700000)]
  0x000001a4ea4bc030 JavaThread "Cache worker for dependencies-accessors (D:\ProgramacaoparaDispositivosMoveis\ToDoList\.gradle\8.0\dependencies-accessors)" [_thread_blocked, id=3712, stack(0x000000798d700000,0x000000798d800000)]
  0x000001a4ea4ba820 JavaThread "Cache worker for Build Output Cleanup Cache (D:\ProgramacaoparaDispositivosMoveis\ToDoList\.gradle\buildOutputCleanup)" [_thread_blocked, id=4872, stack(0x000000798d800000,0x000000798d900000)]
  0x000001a4ea4bc500 JavaThread "jar transforms Thread 5" [_thread_blocked, id=18340, stack(0x000000798d900000,0x000000798da00000)]
  0x000001a4ea4b9010 JavaThread "Unconstrained build operations" [_thread_blocked, id=4276, stack(0x000000798da00000,0x000000798db00000)]
  0x000001a4ea4b94e0 JavaThread "Unconstrained build operations Thread 2" [_thread_blocked, id=8536, stack(0x000000798db00000,0x000000798dc00000)]
  0x000001a4ea4b99b0 JavaThread "Unconstrained build operations Thread 3" [_thread_in_Java, id=14840, stack(0x000000798dc00000,0x000000798dd00000)]
  0x000001a4ea4beb80 JavaThread "Unconstrained build operations Thread 4" [_thread_blocked, id=14060, stack(0x000000798dd00000,0x000000798de00000)]
  0x000001a4ea4678f0 JavaThread "Unconstrained build operations Thread 5" [_thread_blocked, id=17268, stack(0x000000798de00000,0x000000798df00000)]
  0x000001a4ea4648d0 JavaThread "Unconstrained build operations Thread 6" [_thread_blocked, id=5496, stack(0x000000798df00000,0x000000798e000000)]
  0x000001a4ea463a60 JavaThread "Unconstrained build operations Thread 7" [_thread_blocked, id=11064, stack(0x000000798e000000,0x000000798e100000)]
  0x000001a4ea464400 JavaThread "Unconstrained build operations Thread 8" [_thread_blocked, id=17112, stack(0x000000798e100000,0x000000798e200000)]
  0x000001a4ea465270 JavaThread "Unconstrained build operations Thread 9" [_thread_blocked, id=10448, stack(0x000000798e200000,0x000000798e300000)]
  0x000001a4ea464da0 JavaThread "Unconstrained build operations Thread 10" [_thread_in_Java, id=7508, stack(0x000000798e300000,0x000000798e400000)]
  0x000001a4ea4660e0 JavaThread "Unconstrained build operations Thread 11" [_thread_in_Java, id=10984, stack(0x000000798e400000,0x000000798e500000)]
  0x000001a4ea468760 JavaThread "Unconstrained build operations Thread 12" [_thread_blocked, id=1824, stack(0x000000798e500000,0x000000798e600000)]
  0x000001a4ea468290 JavaThread "Unconstrained build operations Thread 13" [_thread_blocked, id=1340, stack(0x000000798e600000,0x000000798e700000)]
  0x000001a4ea463f30 JavaThread "Unconstrained build operations Thread 14" [_thread_blocked, id=6164, stack(0x000000798e700000,0x000000798e800000)]
  0x000001a4ea465740 JavaThread "Unconstrained build operations Thread 15" [_thread_blocked, id=8284, stack(0x000000798e800000,0x000000798e900000)]
  0x000001a4ea465c10 JavaThread "Unconstrained build operations Thread 16" [_thread_blocked, id=18008, stack(0x000000798e900000,0x000000798ea00000)]
  0x000001a4ea468c30 JavaThread "Unconstrained build operations Thread 17" [_thread_blocked, id=17464, stack(0x000000798ea00000,0x000000798eb00000)]
  0x000001a4ea466f50 JavaThread "Unconstrained build operations Thread 18" [_thread_blocked, id=18136, stack(0x000000798eb00000,0x000000798ec00000)]
  0x000001a4ea4630c0 JavaThread "Unconstrained build operations Thread 19" [_thread_blocked, id=844, stack(0x000000798ec00000,0x000000798ed00000)]
  0x000001a4ea462250 JavaThread "Unconstrained build operations Thread 20" [_thread_blocked, id=16880, stack(0x000000798ed00000,0x000000798ee00000)]
  0x000001a4ea462bf0 JavaThread "Unconstrained build operations Thread 21" [_thread_blocked, id=18424, stack(0x000000798ee00000,0x000000798ef00000)]
  0x000001a4ea466a80 JavaThread "Unconstrained build operations Thread 22" [_thread_blocked, id=9504, stack(0x000000798ef00000,0x000000798f000000)]
  0x000001a4ea467dc0 JavaThread "Unconstrained build operations Thread 23" [_thread_blocked, id=6876, stack(0x000000798f000000,0x000000798f100000)]
  0x000001a4ea467420 JavaThread "Unconstrained build operations Thread 24" [_thread_blocked, id=1160, stack(0x000000798f100000,0x000000798f200000)]
  0x000001a4ea463590 JavaThread "Unconstrained build operations Thread 25" [_thread_blocked, id=2712, stack(0x000000798f200000,0x000000798f300000)]
  0x000001a4ea462720 JavaThread "Unconstrained build operations Thread 26" [_thread_blocked, id=3768, stack(0x000000798f300000,0x000000798f400000)]
  0x000001a4ea4618b0 JavaThread "Unconstrained build operations Thread 27" [_thread_blocked, id=15100, stack(0x000000798f400000,0x000000798f500000)]
  0x000001a4ea4613e0 JavaThread "Unconstrained build operations Thread 28" [_thread_blocked, id=9012, stack(0x000000798f500000,0x000000798f600000)]
  0x000001a4ea461d80 JavaThread "Unconstrained build operations Thread 29" [_thread_blocked, id=9340, stack(0x000000798f600000,0x000000798f700000)]
  0x000001a4ea4665b0 JavaThread "Unconstrained build operations Thread 30" [_thread_blocked, id=2404, stack(0x000000798f700000,0x000000798f800000)]
  0x000001a4ec466c40 JavaThread "Unconstrained build operations Thread 31" [_thread_blocked, id=6864, stack(0x000000798f800000,0x000000798f900000)]
  0x000001a4ec463c20 JavaThread "Unconstrained build operations Thread 32" [_thread_blocked, id=5596, stack(0x000000798f900000,0x000000798fa00000)]
  0x000001a4ec46a600 JavaThread "Unconstrained build operations Thread 33" [_thread_blocked, id=9688, stack(0x000000798fa00000,0x000000798fb00000)]
  0x000001a4ec46b470 JavaThread "Unconstrained build operations Thread 34" [_thread_blocked, id=13808, stack(0x000000798fb00000,0x000000798fc00000)]
  0x000001a4ec4675e0 JavaThread "Unconstrained build operations Thread 35" [_thread_blocked, id=3108, stack(0x000000798fc00000,0x000000798fd00000)]
  0x000001a4ec464f60 JavaThread "Unconstrained build operations Thread 36" [_thread_blocked, id=15432, stack(0x000000798fd00000,0x000000798fe00000)]
  0x000001a4ec4645c0 JavaThread "Unconstrained build operations Thread 37" [_thread_blocked, id=12920, stack(0x000000798fe00000,0x000000798ff00000)]
  0x000001a4ec46a130 JavaThread "Unconstrained build operations Thread 38" [_thread_in_Java, id=9124, stack(0x000000798ff00000,0x0000007990000000)]
  0x000001a4ec465430 JavaThread "Unconstrained build operations Thread 39" [_thread_blocked, id=1272, stack(0x0000007990000000,0x0000007990100000)]
  0x000001a4ec46aad0 JavaThread "Unconstrained build operations Thread 40" [_thread_blocked, id=12056, stack(0x0000007990100000,0x0000007990200000)]
  0x000001a4ec46afa0 JavaThread "Unconstrained build operations Thread 41" [_thread_blocked, id=11496, stack(0x0000007990200000,0x0000007990300000)]
  0x000001a4ec4640f0 JavaThread "Unconstrained build operations Thread 42" [_thread_blocked, id=14848, stack(0x0000007990300000,0x0000007990400000)]
  0x000001a4ec465dd0 JavaThread "Unconstrained build operations Thread 43" [_thread_blocked, id=13296, stack(0x0000007990400000,0x0000007990500000)]
  0x000001a4ec468df0 JavaThread "Unconstrained build operations Thread 44" [_thread_blocked, id=8820, stack(0x0000007990500000,0x0000007990600000)]
  0x000001a4ec466770 JavaThread "Unconstrained build operations Thread 45" [_thread_blocked, id=13980, stack(0x0000007990600000,0x0000007990700000)]
  0x000001a4ec464a90 JavaThread "Unconstrained build operations Thread 46" [_thread_blocked, id=10168, stack(0x0000007990700000,0x0000007990800000)]
  0x000001a4ec465900 JavaThread "Unconstrained build operations Thread 47" [_thread_blocked, id=9168, stack(0x0000007990800000,0x0000007990900000)]
  0x000001a4ec467110 JavaThread "Unconstrained build operations Thread 48" [_thread_blocked, id=13120, stack(0x0000007990900000,0x0000007990a00000)]
  0x000001a4ec467ab0 JavaThread "Unconstrained build operations Thread 49" [_thread_blocked, id=10312, stack(0x0000007990a00000,0x0000007990b00000)]
  0x000001a4ec467f80 JavaThread "Unconstrained build operations Thread 50" [_thread_blocked, id=13640, stack(0x0000007990b00000,0x0000007990c00000)]
  0x000001a4ec4662a0 JavaThread "Unconstrained build operations Thread 51" [_thread_blocked, id=10156, stack(0x0000007990c00000,0x0000007990d00000)]
  0x000001a4ec469790 JavaThread "Unconstrained build operations Thread 52" [_thread_blocked, id=16360, stack(0x0000007990d00000,0x0000007990e00000)]
  0x000001a4ec468450 JavaThread "Unconstrained build operations Thread 53" [_thread_blocked, id=16808, stack(0x0000007990e00000,0x0000007990f00000)]
  0x000001a4ec468920 JavaThread "Unconstrained build operations Thread 54" [_thread_blocked, id=3032, stack(0x0000007990f00000,0x0000007991000000)]
  0x000001a4ec4692c0 JavaThread "Unconstrained build operations Thread 55" [_thread_blocked, id=11504, stack(0x0000007991000000,0x0000007991100000)]
  0x000001a4ec469c60 JavaThread "Unconstrained build operations Thread 56" [_thread_blocked, id=7520, stack(0x0000007991100000,0x0000007991200000)]
  0x000001a4ec5edad0 JavaThread "Unconstrained build operations Thread 57" [_thread_blocked, id=6380, stack(0x0000007991200000,0x0000007991300000)]
  0x000001a4ec5ee940 JavaThread "Unconstrained build operations Thread 58" [_thread_blocked, id=17072, stack(0x0000007991300000,0x0000007991400000)]
  0x000001a4ec5f0fc0 JavaThread "Unconstrained build operations Thread 59" [_thread_blocked, id=1164, stack(0x0000007991400000,0x0000007991500000)]
  0x000001a4ec5f27d0 JavaThread "Unconstrained build operations Thread 60" [_thread_blocked, id=3216, stack(0x0000007991500000,0x0000007991600000)]
  0x000001a4ec5ee470 JavaThread "Unconstrained build operations Thread 61" [_thread_blocked, id=8996, stack(0x0000007991600000,0x0000007991700000)]
  0x000001a4ec5f0af0 JavaThread "Unconstrained build operations Thread 62" [_thread_blocked, id=13992, stack(0x0000007991700000,0x0000007991800000)]
  0x000001a4ec5f1e30 JavaThread "Unconstrained build operations Thread 63" [_thread_blocked, id=17648, stack(0x0000007991800000,0x0000007991900000)]
  0x000001a4ec5f3170 JavaThread "Unconstrained build operations Thread 64" [_thread_blocked, id=18280, stack(0x0000007991900000,0x0000007991a00000)]
  0x000001a4ec5eee10 JavaThread "Unconstrained build operations Thread 65" [_thread_blocked, id=17004, stack(0x0000007991a00000,0x0000007991b00000)]
  0x000001a4ec5f2300 JavaThread "Unconstrained build operations Thread 66" [_thread_blocked, id=18216, stack(0x0000007991b00000,0x0000007991c00000)]
  0x000001a4ec5edfa0 JavaThread "Unconstrained build operations Thread 67" [_thread_blocked, id=7176, stack(0x0000007991c00000,0x0000007991d00000)]
  0x000001a4ec5f1490 JavaThread "Unconstrained build operations Thread 68" [_thread_blocked, id=16304, stack(0x0000007991d00000,0x0000007991e00000)]
  0x000001a4ec5f0150 JavaThread "Unconstrained build operations Thread 69" [_thread_blocked, id=4604, stack(0x0000007991e00000,0x0000007991f00000)]
  0x000001a4ec5ef2e0 JavaThread "Unconstrained build operations Thread 70" [_thread_blocked, id=8772, stack(0x0000007991f00000,0x0000007992000000)]
  0x000001a4ec5f3fe0 JavaThread "Unconstrained build operations Thread 71" [_thread_blocked, id=9828, stack(0x0000007992000000,0x0000007992100000)]
  0x000001a4ec5ef7b0 JavaThread "Unconstrained build operations Thread 72" [_thread_blocked, id=14544, stack(0x0000007992100000,0x0000007992200000)]
  0x000001a4ec5f3640 JavaThread "Unconstrained build operations Thread 73" [_thread_blocked, id=18380, stack(0x0000007992200000,0x0000007992300000)]
  0x000001a4ec5f5320 JavaThread "Unconstrained build operations Thread 74" [_thread_blocked, id=14696, stack(0x0000007992300000,0x0000007992400000)]
  0x000001a4ec5efc80 JavaThread "Unconstrained build operations Thread 75" [_thread_blocked, id=10000, stack(0x0000007992400000,0x0000007992500000)]
  0x000001a4ec5f0620 JavaThread "Unconstrained build operations Thread 76" [_thread_blocked, id=2064, stack(0x0000007992500000,0x0000007992600000)]
  0x000001a4ec5f1960 JavaThread "Unconstrained build operations Thread 77" [_thread_blocked, id=15632, stack(0x0000007992600000,0x0000007992700000)]
  0x000001a4ec5f3b10 JavaThread "Unconstrained build operations Thread 78" [_thread_blocked, id=11088, stack(0x0000007992700000,0x0000007992800000)]
  0x000001a4ec5f44b0 JavaThread "Unconstrained build operations Thread 79" [_thread_in_Java, id=4864, stack(0x0000007992800000,0x0000007992900000)]
  0x000001a4ec5f2ca0 JavaThread "Unconstrained build operations Thread 80" [_thread_blocked, id=2980, stack(0x0000007992900000,0x0000007992a00000)]
  0x000001a4ec5f4980 JavaThread "jar transforms Thread 6" [_thread_blocked, id=13392, stack(0x0000007992a00000,0x0000007992b00000)]
  0x000001a4ec5f4e50 JavaThread "jar transforms Thread 7" [_thread_blocked, id=8764, stack(0x0000007992b00000,0x0000007992c00000)]
  0x000001a4ee9f0180 JavaThread "jar transforms Thread 8" [_thread_blocked, id=6472, stack(0x0000007992c00000,0x0000007992d00000)]
  0x000001a4ee9ecc90 JavaThread "build event listener" [_thread_blocked, id=17552, stack(0x0000007992d00000,0x0000007992e00000)]
  0x000001a4ee9ebe20 JavaThread "Memory manager" [_thread_blocked, id=12444, stack(0x0000007992e00000,0x0000007992f00000)]
=>0x000001a4ee11ad10 JavaThread "C2 CompilerThread1" daemon [_thread_in_native, id=12416, stack(0x000000798b300000,0x000000798b400000)]
  0x000001a4ee11b220 JavaThread "C2 CompilerThread2" daemon [_thread_in_native, id=4720, stack(0x000000798c900000,0x000000798ca00000)]
  0x000001a4ee9eaae0 JavaThread "included builds" [_thread_blocked, id=11348, stack(0x0000007992f00000,0x0000007993000000)]
  0x000001a4ee9efcb0 JavaThread "Execution worker" [_thread_blocked, id=5612, stack(0x0000007993000000,0x0000007993100000)]
  0x000001a4ee9f1990 JavaThread "Execution worker Thread 2" [_thread_blocked, id=4664, stack(0x0000007993100000,0x0000007993200000)]
  0x000001a4ee9ef310 JavaThread "Execution worker Thread 3" [_thread_blocked, id=14244, stack(0x0000007993200000,0x0000007993300000)]
  0x000001a4ee9ef7e0 JavaThread "Execution worker Thread 4" [_thread_blocked, id=2076, stack(0x0000007993300000,0x0000007993400000)]
  0x000001a4ee9ee970 JavaThread "Execution worker Thread 5" [_thread_blocked, id=2760, stack(0x0000007993400000,0x0000007993500000)]
  0x000001a4ee9ed630 JavaThread "Execution worker Thread 6" [_thread_blocked, id=2480, stack(0x0000007993500000,0x0000007993600000)]
  0x000001a4ee9eb950 JavaThread "Execution worker Thread 7" [_thread_blocked, id=6580, stack(0x0000007993600000,0x0000007993700000)]
  0x000001a4ee9eee40 JavaThread "Cache worker for execution history cache (D:\ProgramacaoparaDispositivosMoveis\ToDoList\.gradle\8.0\executionHistory)" [_thread_blocked, id=7172, stack(0x0000007993700000,0x0000007993800000)]
  0x000001a4e7675160 JavaThread "WorkerExecutor Queue" [_thread_in_native, id=12024, stack(0x0000007993800000,0x0000007993900000)]

Other Threads:
  0x000001a4e4195300 VMThread "VM Thread" [stack: 0x000000798a600000,0x000000798a700000] [id=3688]
  0x000001a4e4e2d010 WatcherThread [stack: 0x000000798b200000,0x000000798b300000] [id=13000]
  0x000001a4c3af55d0 GCTaskThread "GC Thread#0" [stack: 0x000000798a100000,0x000000798a200000] [id=13096]
  0x000001a4e5b90830 GCTaskThread "GC Thread#1" [stack: 0x000000798b500000,0x000000798b600000] [id=9852]
  0x000001a4e5b90ae0 GCTaskThread "GC Thread#2" [stack: 0x000000798b600000,0x000000798b700000] [id=16156]
  0x000001a4e5add840 GCTaskThread "GC Thread#3" [stack: 0x000000798b700000,0x000000798b800000] [id=18232]
  0x000001a4e5aee8a0 GCTaskThread "GC Thread#4" [stack: 0x000000798b800000,0x000000798b900000] [id=15364]
  0x000001a4e7aeff40 GCTaskThread "GC Thread#5" [stack: 0x000000798c200000,0x000000798c300000] [id=9788]
  0x000001a4e79988e0 GCTaskThread "GC Thread#6" [stack: 0x000000798c300000,0x000000798c400000] [id=5836]
  0x000001a4e60be3f0 GCTaskThread "GC Thread#7" [stack: 0x000000798c400000,0x000000798c500000] [id=4824]
  0x000001a4c3b06420 ConcurrentGCThread "G1 Main Marker" [stack: 0x000000798a200000,0x000000798a300000] [id=18336]
  0x000001a4c3b06d40 ConcurrentGCThread "G1 Conc#0" [stack: 0x000000798a300000,0x000000798a400000] [id=11112]
  0x000001a4e793d4c0 ConcurrentGCThread "G1 Conc#1" [stack: 0x000000798c500000,0x000000798c600000] [id=12396]
  0x000001a4e4044590 ConcurrentGCThread "G1 Refine#0" [stack: 0x000000798a400000,0x000000798a500000] [id=16852]
  0x000001a4e8ea7440 ConcurrentGCThread "G1 Refine#1" [stack: 0x0000007993900000,0x0000007993a00000] [id=14216]
  0x000001a4f1246a20 ConcurrentGCThread "G1 Refine#2" [stack: 0x0000007993a00000,0x0000007993b00000] [id=1444]
  0x000001a4ee0a71b0 ConcurrentGCThread "G1 Refine#3" [stack: 0x0000007993b00000,0x0000007993c00000] [id=3808]
  0x000001a4e4044ec0 ConcurrentGCThread "G1 Service" [stack: 0x000000798a500000,0x000000798a600000] [id=15308]

Threads with active compile tasks:
C2 CompilerThread0    17509 16621       4       com.android.tools.r8.ir.optimize.q0::a (520 bytes)
C1 CompilerThread0    17509 17672       3       com.android.tools.r8.ir.optimize.k0::a (115 bytes)
C2 CompilerThread1    17509 17312       4       java.util.regex.Pattern$SliceU::match (99 bytes)
C2 CompilerThread2    17509 17635       4       com.android.tools.r8.internal.B8::a (1090 bytes)

VM state: not at safepoint (normal execution)

VM Mutex/Monitor currently owned by a thread:  ([mutex/lock_event])
[0x000001a4c3a84d10] Heap_lock - owner thread: 0x000001a4ea4b99b0

OutOfMemory and StackOverflow Exception counts:
OutOfMemoryError java_heap_errors=3
LinkageErrors=216

Heap address: 0x0000000700000000, size: 4096 MB, Compressed Oops mode: Zero based, Oop shift amount: 3

CDS archive(s) not mapped
Compressed class space mapped at: 0x0000000800000000-0x0000000840000000, reserved size: 1073741824
Narrow klass base: 0x0000000800000000, Narrow klass shift: 0, Narrow klass range: 0x40000000

GC Precious Log:
 CPUs: 8 total, 8 available
 Memory: 7991M
 Large Page Support: Disabled
 NUMA Support: Disabled
 Compressed Oops: Enabled (Zero based)
 Heap Region Size: 2M
 Heap Min Capacity: 8M
 Heap Initial Capacity: 126M
 Heap Max Capacity: 4G
 Pre-touch: Disabled
 Parallel Workers: 8
 Concurrent Workers: 2
 Concurrent Refinement Workers: 8
 Periodic GC: Disabled

Heap:
 garbage-first heap   total 366592K, used 313212K [0x0000000700000000, 0x0000000800000000)
  region size 2048K, 97 young (198656K), 8 survivors (16384K)
 Metaspace       used 114499K, committed 115264K, reserved 1155072K
  class space    used 15908K, committed 16320K, reserved 1048576K

Heap Regions: E=young(eden), S=young(survivor), O=old, HS=humongous(starts), HC=humongous(continues), CS=collection set, F=free, OA=open archive, CA=closed archive, TAMS=top-at-mark-start (previous, next)
|   0|0x0000000700000000, 0x0000000700200000, 0x0000000700200000|100%|HS|  |TAMS 0x0000000700200000, 0x0000000700000000| Complete 
|   1|0x0000000700200000, 0x0000000700400000, 0x0000000700400000|100%|HC|  |TAMS 0x0000000700400000, 0x0000000700200000| Complete 
|   2|0x0000000700400000, 0x0000000700600000, 0x0000000700600000|100%| O|  |TAMS 0x0000000700600000, 0x0000000700400000| Untracked 
|   3|0x0000000700600000, 0x0000000700800000, 0x0000000700800000|100%| O|  |TAMS 0x0000000700800000, 0x0000000700600000| Untracked 
|   4|0x0000000700800000, 0x0000000700a00000, 0x0000000700a00000|100%| O|  |TAMS 0x0000000700a00000, 0x0000000700800000| Untracked 
|   5|0x0000000700a00000, 0x0000000700c00000, 0x0000000700c00000|100%| O|  |TAMS 0x0000000700c00000, 0x0000000700a00000| Untracked 
|   6|0x0000000700c00000, 0x0000000700e00000, 0x0000000700e00000|100%| O|  |TAMS 0x0000000700e00000, 0x0000000700c00000| Untracked 
|   7|0x0000000700e00000, 0x0000000701000000, 0x0000000701000000|100%| O|  |TAMS 0x0000000701000000, 0x0000000700e00000| Untracked 
|   8|0x0000000701000000, 0x0000000701200000, 0x0000000701200000|100%| O|  |TAMS 0x0000000701200000, 0x0000000701000000| Untracked 
|   9|0x0000000701200000, 0x0000000701400000, 0x0000000701400000|100%| O|  |TAMS 0x0000000701400000, 0x0000000701200000| Untracked 
|  10|0x0000000701400000, 0x0000000701600000, 0x0000000701600000|100%| O|  |TAMS 0x0000000701600000, 0x0000000701400000| Untracked 
|  11|0x0000000701600000, 0x0000000701800000, 0x0000000701800000|100%| O|  |TAMS 0x0000000701800000, 0x0000000701600000| Untracked 
|  12|0x0000000701800000, 0x0000000701a00000, 0x0000000701a00000|100%| O|  |TAMS 0x0000000701a00000, 0x0000000701800000| Untracked 
|  13|0x0000000701a00000, 0x0000000701c00000, 0x0000000701c00000|100%| O|  |TAMS 0x0000000701c00000, 0x0000000701a00000| Untracked 
|  14|0x0000000701c00000, 0x0000000701e00000, 0x0000000701e00000|100%| O|  |TAMS 0x0000000701e00000, 0x0000000701c00000| Untracked 
|  15|0x0000000701e00000, 0x0000000702000000, 0x0000000702000000|100%| O|  |TAMS 0x0000000702000000, 0x0000000701e00000| Untracked 
|  16|0x0000000702000000, 0x0000000702200000, 0x0000000702200000|100%| O|  |TAMS 0x0000000702200000, 0x0000000702000000| Untracked 
|  17|0x0000000702200000, 0x0000000702400000, 0x0000000702400000|100%| O|  |TAMS 0x0000000702400000, 0x0000000702200000| Untracked 
|  18|0x0000000702400000, 0x0000000702600000, 0x0000000702600000|100%| O|  |TAMS 0x0000000702600000, 0x0000000702400000| Untracked 
|  19|0x0000000702600000, 0x0000000702800000, 0x0000000702800000|100%| O|  |TAMS 0x0000000702800000, 0x0000000702600000| Untracked 
|  20|0x0000000702800000, 0x0000000702a00000, 0x0000000702a00000|100%| O|  |TAMS 0x0000000702a00000, 0x0000000702800000| Untracked 
|  21|0x0000000702a00000, 0x0000000702c00000, 0x0000000702c00000|100%| O|  |TAMS 0x0000000702c00000, 0x0000000702a00000| Untracked 
|  22|0x0000000702c00000, 0x0000000702e00000, 0x0000000702e00000|100%| O|  |TAMS 0x0000000702e00000, 0x0000000702c00000| Untracked 
|  23|0x0000000702e00000, 0x0000000703000000, 0x0000000703000000|100%| O|  |TAMS 0x0000000703000000, 0x0000000702e00000| Untracked 
|  24|0x0000000703000000, 0x0000000703200000, 0x0000000703200000|100%| O|  |TAMS 0x0000000703200000, 0x0000000703000000| Untracked 
|  25|0x0000000703200000, 0x0000000703400000, 0x0000000703400000|100%| O|  |TAMS 0x0000000703400000, 0x0000000703200000| Untracked 
|  26|0x0000000703400000, 0x0000000703600000, 0x0000000703600000|100%| O|  |TAMS 0x0000000703600000, 0x0000000703400000| Untracked 
|  27|0x0000000703600000, 0x0000000703800000, 0x0000000703800000|100%| O|  |TAMS 0x0000000703800000, 0x0000000703600000| Untracked 
|  28|0x0000000703800000, 0x0000000703a00000, 0x0000000703a00000|100%| O|  |TAMS 0x0000000703a00000, 0x0000000703800000| Untracked 
|  29|0x0000000703a00000, 0x0000000703c00000, 0x0000000703c00000|100%| O|  |TAMS 0x0000000703c00000, 0x0000000703a00000| Untracked 
|  30|0x0000000703c00000, 0x0000000703e00000, 0x0000000703e00000|100%| O|  |TAMS 0x0000000703e00000, 0x0000000703c00000| Untracked 
|  31|0x0000000703e00000, 0x0000000704000000, 0x0000000704000000|100%| O|  |TAMS 0x0000000704000000, 0x0000000703e00000| Untracked 
|  32|0x0000000704000000, 0x0000000704200000, 0x0000000704200000|100%| O|  |TAMS 0x0000000704200000, 0x0000000704000000| Untracked 
|  33|0x0000000704200000, 0x0000000704400000, 0x0000000704400000|100%| O|  |TAMS 0x0000000704400000, 0x0000000704200000| Untracked 
|  34|0x0000000704400000, 0x0000000704600000, 0x0000000704600000|100%| O|  |TAMS 0x0000000704600000, 0x0000000704400000| Untracked 
|  35|0x0000000704600000, 0x0000000704800000, 0x0000000704800000|100%| O|  |TAMS 0x0000000704800000, 0x0000000704600000| Untracked 
|  36|0x0000000704800000, 0x0000000704a00000, 0x0000000704a00000|100%| O|  |TAMS 0x0000000704a00000, 0x0000000704800000| Untracked 
|  37|0x0000000704a00000, 0x0000000704c00000, 0x0000000704c00000|100%| O|  |TAMS 0x0000000704c00000, 0x0000000704a00000| Untracked 
|  38|0x0000000704c00000, 0x0000000704e00000, 0x0000000704e00000|100%| O|  |TAMS 0x0000000704e00000, 0x0000000704c00000| Untracked 
|  39|0x0000000704e00000, 0x0000000705000000, 0x0000000705000000|100%| O|  |TAMS 0x0000000705000000, 0x0000000704e00000| Untracked 
|  40|0x0000000705000000, 0x0000000705200000, 0x0000000705200000|100%| O|  |TAMS 0x0000000705200000, 0x0000000705000000| Untracked 
|  41|0x0000000705200000, 0x0000000705400000, 0x0000000705400000|100%| O|  |TAMS 0x0000000705400000, 0x0000000705200000| Untracked 
|  42|0x0000000705400000, 0x0000000705600000, 0x0000000705600000|100%| O|  |TAMS 0x0000000705600000, 0x0000000705400000| Untracked 
|  43|0x0000000705600000, 0x0000000705800000, 0x0000000705800000|100%| O|  |TAMS 0x0000000705800000, 0x0000000705600000| Untracked 
|  44|0x0000000705800000, 0x0000000705800000, 0x0000000705a00000|  0%| F|  |TAMS 0x0000000705800000, 0x0000000705800000| Untracked 
|  45|0x0000000705a00000, 0x0000000705c00000, 0x0000000705c00000|100%| O|  |TAMS 0x0000000705c00000, 0x0000000705a00000| Untracked 
|  46|0x0000000705c00000, 0x0000000705e00000, 0x0000000705e00000|100%| O|  |TAMS 0x0000000705e00000, 0x0000000705c00000| Untracked 
|  47|0x0000000705e00000, 0x0000000706000000, 0x0000000706000000|100%| O|  |TAMS 0x0000000706000000, 0x0000000705e00000| Untracked 
|  48|0x0000000706000000, 0x0000000706200000, 0x0000000706200000|100%| O|  |TAMS 0x0000000706200000, 0x0000000706000000| Untracked 
|  49|0x0000000706200000, 0x0000000706400000, 0x0000000706400000|100%| O|  |TAMS 0x0000000706400000, 0x0000000706200000| Untracked 
|  50|0x0000000706400000, 0x0000000706600000, 0x0000000706600000|100%| O|  |TAMS 0x0000000706600000, 0x0000000706400000| Untracked 
|  51|0x0000000706600000, 0x0000000706800000, 0x0000000706800000|100%| O|  |TAMS 0x0000000706800000, 0x0000000706600000| Untracked 
|  52|0x0000000706800000, 0x0000000706a00000, 0x0000000706a00000|100%| O|  |TAMS 0x0000000706a00000, 0x0000000706800000| Untracked 
|  53|0x0000000706a00000, 0x0000000706c00000, 0x0000000706c00000|100%| O|  |TAMS 0x0000000706c00000, 0x0000000706a00000| Untracked 
|  54|0x0000000706c00000, 0x0000000706e00000, 0x0000000706e00000|100%| O|  |TAMS 0x0000000706e00000, 0x0000000706c00000| Untracked 
|  55|0x0000000706e00000, 0x0000000707000000, 0x0000000707000000|100%| O|  |TAMS 0x0000000707000000, 0x0000000706e00000| Untracked 
|  56|0x0000000707000000, 0x0000000707200000, 0x0000000707200000|100%| O|  |TAMS 0x00000007071fc200, 0x0000000707000000| Untracked 
|  57|0x0000000707200000, 0x0000000707400000, 0x0000000707400000|100%| O|  |TAMS 0x0000000707200000, 0x0000000707200000| Untracked 
|  58|0x0000000707400000, 0x0000000707600000, 0x0000000707600000|100%| O|  |TAMS 0x0000000707400000, 0x0000000707400000| Untracked 
|  59|0x0000000707600000, 0x0000000707800000, 0x0000000707800000|100%| O|  |TAMS 0x0000000707600000, 0x0000000707600000| Untracked 
|  60|0x0000000707800000, 0x0000000707a00000, 0x0000000707a00000|100%| O|  |TAMS 0x0000000707800000, 0x0000000707800000| Untracked 
|  61|0x0000000707a00000, 0x0000000707c00000, 0x0000000707c00000|100%| O|  |TAMS 0x0000000707a00000, 0x0000000707a00000| Untracked 
|  62|0x0000000707c00000, 0x0000000707cedc00, 0x0000000707e00000| 46%| O|  |TAMS 0x0000000707c00000, 0x0000000707c00000| Untracked 
|  63|0x0000000707e00000, 0x0000000707e00000, 0x0000000708000000|  0%| F|  |TAMS 0x0000000707e00000, 0x0000000707e00000| Untracked 
|  64|0x0000000708000000, 0x0000000708000000, 0x0000000708200000|  0%| F|  |TAMS 0x0000000708000000, 0x0000000708000000| Untracked 
|  65|0x0000000708200000, 0x0000000708200000, 0x0000000708400000|  0%| F|  |TAMS 0x0000000708200000, 0x0000000708200000| Untracked 
|  66|0x0000000708400000, 0x0000000708400000, 0x0000000708600000|  0%| F|  |TAMS 0x0000000708400000, 0x0000000708400000| Untracked 
|  67|0x0000000708600000, 0x0000000708600000, 0x0000000708800000|  0%| F|  |TAMS 0x0000000708600000, 0x0000000708600000| Untracked 
|  68|0x0000000708800000, 0x0000000708800000, 0x0000000708a00000|  0%| F|  |TAMS 0x0000000708800000, 0x0000000708800000| Untracked 
|  69|0x0000000708a00000, 0x0000000708a00000, 0x0000000708c00000|  0%| F|  |TAMS 0x0000000708a00000, 0x0000000708a00000| Untracked 
|  70|0x0000000708c00000, 0x0000000708c00000, 0x0000000708e00000|  0%| F|  |TAMS 0x0000000708c00000, 0x0000000708c00000| Untracked 
|  71|0x0000000708e00000, 0x0000000708e00000, 0x0000000709000000|  0%| F|  |TAMS 0x0000000708e00000, 0x0000000708e00000| Untracked 
|  72|0x0000000709000000, 0x0000000709000000, 0x0000000709200000|  0%| F|  |TAMS 0x0000000709000000, 0x0000000709000000| Untracked 
|  73|0x0000000709200000, 0x0000000709200000, 0x0000000709400000|  0%| F|  |TAMS 0x0000000709200000, 0x0000000709200000| Untracked 
|  74|0x0000000709400000, 0x0000000709400000, 0x0000000709600000|  0%| F|  |TAMS 0x0000000709400000, 0x0000000709400000| Untracked 
|  75|0x0000000709600000, 0x0000000709600000, 0x0000000709800000|  0%| F|  |TAMS 0x0000000709600000, 0x0000000709600000| Untracked 
|  76|0x0000000709800000, 0x0000000709800000, 0x0000000709a00000|  0%| F|  |TAMS 0x0000000709800000, 0x0000000709800000| Untracked 
|  77|0x0000000709a00000, 0x0000000709a00000, 0x0000000709c00000|  0%| F|  |TAMS 0x0000000709a00000, 0x0000000709a00000| Untracked 
|  78|0x0000000709c00000, 0x0000000709c00000, 0x0000000709e00000|  0%| F|  |TAMS 0x0000000709c00000, 0x0000000709c00000| Untracked 
|  79|0x0000000709e00000, 0x0000000709f1e318, 0x000000070a000000| 55%| S|CS|TAMS 0x0000000709e00000, 0x0000000709e00000| Complete 
|  80|0x000000070a000000, 0x000000070a200000, 0x000000070a200000|100%| S|CS|TAMS 0x000000070a000000, 0x000000070a000000| Complete 
|  81|0x000000070a200000, 0x000000070a400000, 0x000000070a400000|100%| S|CS|TAMS 0x000000070a200000, 0x000000070a200000| Complete 
|  82|0x000000070a400000, 0x000000070a600000, 0x000000070a600000|100%| S|CS|TAMS 0x000000070a400000, 0x000000070a400000| Complete 
|  83|0x000000070a600000, 0x000000070a800000, 0x000000070a800000|100%| S|CS|TAMS 0x000000070a600000, 0x000000070a600000| Complete 
|  84|0x000000070a800000, 0x000000070a800000, 0x000000070aa00000|  0%| F|  |TAMS 0x000000070a800000, 0x000000070a800000| Untracked 
|  85|0x000000070aa00000, 0x000000070aa00000, 0x000000070ac00000|  0%| F|  |TAMS 0x000000070aa00000, 0x000000070aa00000| Untracked 
|  86|0x000000070ac00000, 0x000000070ac00000, 0x000000070ae00000|  0%| F|  |TAMS 0x000000070ac00000, 0x000000070ac00000| Untracked 
|  87|0x000000070ae00000, 0x000000070b000000, 0x000000070b000000|100%| S|CS|TAMS 0x000000070ae00000, 0x000000070ae00000| Complete 
|  88|0x000000070b000000, 0x000000070b200000, 0x000000070b200000|100%| S|CS|TAMS 0x000000070b000000, 0x000000070b000000| Complete 
|  89|0x000000070b200000, 0x000000070b400000, 0x000000070b400000|100%| S|CS|TAMS 0x000000070b200000, 0x000000070b200000| Complete 
|  90|0x000000070b400000, 0x000000070b400000, 0x000000070b600000|  0%| F|  |TAMS 0x000000070b400000, 0x000000070b400000| Untracked 
|  91|0x000000070b600000, 0x000000070b600000, 0x000000070b800000|  0%| F|  |TAMS 0x000000070b600000, 0x000000070b600000| Untracked 
|  92|0x000000070b800000, 0x000000070b800000, 0x000000070ba00000|  0%| F|  |TAMS 0x000000070b800000, 0x000000070b800000| Untracked 
|  93|0x000000070ba00000, 0x000000070ba00000, 0x000000070bc00000|  0%| F|  |TAMS 0x000000070ba00000, 0x000000070ba00000| Untracked 
|  94|0x000000070bc00000, 0x000000070bc00000, 0x000000070be00000|  0%| F|  |TAMS 0x000000070bc00000, 0x000000070bc00000| Untracked 
|  95|0x000000070be00000, 0x000000070be00000, 0x000000070c000000|  0%| F|  |TAMS 0x000000070be00000, 0x000000070be00000| Untracked 
|  96|0x000000070c000000, 0x000000070c000000, 0x000000070c200000|  0%| F|  |TAMS 0x000000070c000000, 0x000000070c000000| Untracked 
|  97|0x000000070c200000, 0x000000070c200000, 0x000000070c400000|  0%| F|  |TAMS 0x000000070c200000, 0x000000070c200000| Untracked 
|  98|0x000000070c400000, 0x000000070c400000, 0x000000070c600000|  0%| F|  |TAMS 0x000000070c400000, 0x000000070c400000| Untracked 
|  99|0x000000070c600000, 0x000000070c600000, 0x000000070c800000|  0%| F|  |TAMS 0x000000070c600000, 0x000000070c600000| Untracked 
| 100|0x000000070c800000, 0x000000070c800000, 0x000000070ca00000|  0%| F|  |TAMS 0x000000070c800000, 0x000000070c800000| Untracked 
| 101|0x000000070ca00000, 0x000000070ca00000, 0x000000070cc00000|  0%| F|  |TAMS 0x000000070ca00000, 0x000000070ca00000| Untracked 
| 102|0x000000070cc00000, 0x000000070cc00000, 0x000000070ce00000|  0%| F|  |TAMS 0x000000070cc00000, 0x000000070cc00000| Untracked 
| 103|0x000000070ce00000, 0x000000070ce00000, 0x000000070d000000|  0%| F|  |TAMS 0x000000070ce00000, 0x000000070ce00000| Untracked 
| 104|0x000000070d000000, 0x000000070d000000, 0x000000070d200000|  0%| F|  |TAMS 0x000000070d000000, 0x000000070d000000| Untracked 
| 105|0x000000070d200000, 0x000000070d200000, 0x000000070d400000|  0%| F|  |TAMS 0x000000070d200000, 0x000000070d200000| Untracked 
| 106|0x000000070d400000, 0x000000070d400000, 0x000000070d600000|  0%| F|  |TAMS 0x000000070d400000, 0x000000070d400000| Untracked 
| 107|0x000000070d600000, 0x000000070d600000, 0x000000070d800000|  0%| F|  |TAMS 0x000000070d600000, 0x000000070d600000| Untracked 
| 108|0x000000070d800000, 0x000000070d800000, 0x000000070da00000|  0%| F|  |TAMS 0x000000070d800000, 0x000000070d800000| Untracked 
| 109|0x000000070da00000, 0x000000070da00000, 0x000000070dc00000|  0%| F|  |TAMS 0x000000070da00000, 0x000000070da00000| Untracked 
| 110|0x000000070dc00000, 0x000000070dc00000, 0x000000070de00000|  0%| F|  |TAMS 0x000000070dc00000, 0x000000070dc00000| Untracked 
| 111|0x000000070de00000, 0x000000070de00000, 0x000000070e000000|  0%| F|  |TAMS 0x000000070de00000, 0x000000070de00000| Untracked 
| 112|0x000000070e000000, 0x000000070e000000, 0x000000070e200000|  0%| F|  |TAMS 0x000000070e000000, 0x000000070e000000| Untracked 
| 113|0x000000070e200000, 0x000000070e200000, 0x000000070e400000|  0%| F|  |TAMS 0x000000070e200000, 0x000000070e200000| Untracked 
| 114|0x000000070e400000, 0x000000070e400000, 0x000000070e600000|  0%| F|  |TAMS 0x000000070e400000, 0x000000070e400000| Untracked 
| 115|0x000000070e600000, 0x000000070e600000, 0x000000070e800000|  0%| F|  |TAMS 0x000000070e600000, 0x000000070e600000| Untracked 
| 116|0x000000070e800000, 0x000000070e800000, 0x000000070ea00000|  0%| F|  |TAMS 0x000000070e800000, 0x000000070e800000| Untracked 
| 117|0x000000070ea00000, 0x000000070ea00000, 0x000000070ec00000|  0%| F|  |TAMS 0x000000070ea00000, 0x000000070ea00000| Untracked 
| 118|0x000000070ec00000, 0x000000070ec00000, 0x000000070ee00000|  0%| F|  |TAMS 0x000000070ec00000, 0x000000070ec00000| Untracked 
| 119|0x000000070ee00000, 0x000000070ee00000, 0x000000070f000000|  0%| F|  |TAMS 0x000000070ee00000, 0x000000070ee00000| Untracked 
| 120|0x000000070f000000, 0x000000070f000000, 0x000000070f200000|  0%| F|  |TAMS 0x000000070f000000, 0x000000070f000000| Untracked 
| 121|0x000000070f200000, 0x000000070f200000, 0x000000070f400000|  0%| F|  |TAMS 0x000000070f200000, 0x000000070f200000| Untracked 
| 122|0x000000070f400000, 0x000000070f400000, 0x000000070f600000|  0%| F|  |TAMS 0x000000070f400000, 0x000000070f400000| Untracked 
| 123|0x000000070f600000, 0x000000070f600000, 0x000000070f800000|  0%| F|  |TAMS 0x000000070f600000, 0x000000070f600000| Untracked 
| 124|0x000000070f800000, 0x000000070f800000, 0x000000070fa00000|  0%| F|  |TAMS 0x000000070f800000, 0x000000070f800000| Untracked 
| 125|0x000000070fa00000, 0x000000070fa00000, 0x000000070fc00000|  0%| F|  |TAMS 0x000000070fa00000, 0x000000070fa00000| Untracked 
| 126|0x000000070fc00000, 0x000000070fc00000, 0x000000070fe00000|  0%| F|  |TAMS 0x000000070fc00000, 0x000000070fc00000| Untracked 
| 127|0x000000070fe00000, 0x000000070fe00000, 0x0000000710000000|  0%| F|  |TAMS 0x000000070fe00000, 0x000000070fe00000| Untracked 
| 128|0x0000000710000000, 0x0000000710000000, 0x0000000710200000|  0%| F|  |TAMS 0x0000000710000000, 0x0000000710000000| Untracked 
| 129|0x0000000710200000, 0x0000000710200000, 0x0000000710400000|  0%| F|  |TAMS 0x0000000710200000, 0x0000000710200000| Untracked 
| 130|0x0000000710400000, 0x0000000710400000, 0x0000000710600000|  0%| F|  |TAMS 0x0000000710400000, 0x0000000710400000| Untracked 
| 131|0x0000000710600000, 0x0000000710600000, 0x0000000710800000|  0%| F|  |TAMS 0x0000000710600000, 0x0000000710600000| Untracked 
| 132|0x0000000710800000, 0x0000000710800000, 0x0000000710a00000|  0%| F|  |TAMS 0x0000000710800000, 0x0000000710800000| Untracked 
| 133|0x0000000710a00000, 0x0000000710a00000, 0x0000000710c00000|  0%| F|  |TAMS 0x0000000710a00000, 0x0000000710a00000| Untracked 
| 134|0x0000000710c00000, 0x0000000710c00000, 0x0000000710e00000|  0%| F|  |TAMS 0x0000000710c00000, 0x0000000710c00000| Untracked 
| 135|0x0000000710e00000, 0x0000000710e00000, 0x0000000711000000|  0%| F|  |TAMS 0x0000000710e00000, 0x0000000710e00000| Untracked 
| 136|0x0000000711000000, 0x0000000711000000, 0x0000000711200000|  0%| F|  |TAMS 0x0000000711000000, 0x0000000711000000| Untracked 
| 137|0x0000000711200000, 0x0000000711200000, 0x0000000711400000|  0%| F|  |TAMS 0x0000000711200000, 0x0000000711200000| Untracked 
| 138|0x0000000711400000, 0x0000000711400000, 0x0000000711600000|  0%| F|  |TAMS 0x0000000711400000, 0x0000000711400000| Untracked 
| 139|0x0000000711600000, 0x0000000711600000, 0x0000000711800000|  0%| F|  |TAMS 0x0000000711600000, 0x0000000711600000| Untracked 
| 140|0x0000000711800000, 0x0000000711800000, 0x0000000711a00000|  0%| F|  |TAMS 0x0000000711800000, 0x0000000711800000| Untracked 
| 141|0x0000000711a00000, 0x0000000711a00000, 0x0000000711c00000|  0%| F|  |TAMS 0x0000000711a00000, 0x0000000711a00000| Untracked 
| 142|0x0000000711c00000, 0x0000000711c00000, 0x0000000711e00000|  0%| F|  |TAMS 0x0000000711c00000, 0x0000000711c00000| Untracked 
| 143|0x0000000711e00000, 0x0000000711e00000, 0x0000000712000000|  0%| F|  |TAMS 0x0000000711e00000, 0x0000000711e00000| Untracked 
| 144|0x0000000712000000, 0x0000000712000000, 0x0000000712200000|  0%| F|  |TAMS 0x0000000712000000, 0x0000000712000000| Untracked 
| 145|0x0000000712200000, 0x0000000712200000, 0x0000000712400000|  0%| F|  |TAMS 0x0000000712200000, 0x0000000712200000| Untracked 
| 146|0x0000000712400000, 0x0000000712400000, 0x0000000712600000|  0%| F|  |TAMS 0x0000000712400000, 0x0000000712400000| Untracked 
| 147|0x0000000712600000, 0x0000000712600000, 0x0000000712800000|  0%| F|  |TAMS 0x0000000712600000, 0x0000000712600000| Untracked 
| 148|0x0000000712800000, 0x0000000712800000, 0x0000000712a00000|  0%| F|  |TAMS 0x0000000712800000, 0x0000000712800000| Untracked 
| 149|0x0000000712a00000, 0x0000000712a00000, 0x0000000712c00000|  0%| F|  |TAMS 0x0000000712a00000, 0x0000000712a00000| Untracked 
| 150|0x0000000712c00000, 0x0000000712c00000, 0x0000000712e00000|  0%| F|  |TAMS 0x0000000712c00000, 0x0000000712c00000| Untracked 
| 151|0x0000000712e00000, 0x0000000712e00000, 0x0000000713000000|  0%| F|  |TAMS 0x0000000712e00000, 0x0000000712e00000| Untracked 
| 152|0x0000000713000000, 0x0000000713000000, 0x0000000713200000|  0%| F|  |TAMS 0x0000000713000000, 0x0000000713000000| Untracked 
| 153|0x0000000713200000, 0x0000000713200000, 0x0000000713400000|  0%| F|  |TAMS 0x0000000713200000, 0x0000000713200000| Untracked 
| 154|0x0000000713400000, 0x0000000713400000, 0x0000000713600000|  0%| F|  |TAMS 0x0000000713400000, 0x0000000713400000| Untracked 
| 155|0x0000000713600000, 0x0000000713600000, 0x0000000713800000|  0%| F|  |TAMS 0x0000000713600000, 0x0000000713600000| Untracked 
| 156|0x0000000713800000, 0x0000000713800000, 0x0000000713a00000|  0%| F|  |TAMS 0x0000000713800000, 0x0000000713800000| Untracked 
| 157|0x0000000713a00000, 0x0000000713a00000, 0x0000000713c00000|  0%| F|  |TAMS 0x0000000713a00000, 0x0000000713a00000| Untracked 
| 158|0x0000000713c00000, 0x0000000713c00000, 0x0000000713e00000|  0%| F|  |TAMS 0x0000000713c00000, 0x0000000713c00000| Untracked 
| 159|0x0000000713e00000, 0x0000000713e00000, 0x0000000714000000|  0%| F|  |TAMS 0x0000000713e00000, 0x0000000713e00000| Untracked 
| 160|0x0000000714000000, 0x0000000714000000, 0x0000000714200000|  0%| F|  |TAMS 0x0000000714000000, 0x0000000714000000| Untracked 
| 161|0x0000000714200000, 0x0000000714200000, 0x0000000714400000|  0%| F|  |TAMS 0x0000000714200000, 0x0000000714200000| Untracked 
| 162|0x0000000714400000, 0x0000000714400000, 0x0000000714600000|  0%| F|  |TAMS 0x0000000714400000, 0x0000000714400000| Untracked 
| 163|0x0000000714600000, 0x0000000714600000, 0x0000000714800000|  0%| F|  |TAMS 0x0000000714600000, 0x0000000714600000| Untracked 
| 164|0x0000000714800000, 0x0000000714800000, 0x0000000714a00000|  0%| F|  |TAMS 0x0000000714800000, 0x0000000714800000| Untracked 
| 165|0x0000000714a00000, 0x0000000714a00000, 0x0000000714c00000|  0%| F|  |TAMS 0x0000000714a00000, 0x0000000714a00000| Untracked 
| 166|0x0000000714c00000, 0x0000000714c00000, 0x0000000714e00000|  0%| F|  |TAMS 0x0000000714c00000, 0x0000000714c00000| Untracked 
| 167|0x0000000714e00000, 0x0000000714e00000, 0x0000000715000000|  0%| F|  |TAMS 0x0000000714e00000, 0x0000000714e00000| Untracked 
| 168|0x0000000715000000, 0x0000000715000000, 0x0000000715200000|  0%| F|  |TAMS 0x0000000715000000, 0x0000000715000000| Untracked 
| 169|0x0000000715200000, 0x0000000715200000, 0x0000000715400000|  0%| F|  |TAMS 0x0000000715200000, 0x0000000715200000| Untracked 
| 170|0x0000000715400000, 0x0000000715400000, 0x0000000715600000|  0%| F|  |TAMS 0x0000000715400000, 0x0000000715400000| Untracked 
| 171|0x0000000715600000, 0x0000000715600000, 0x0000000715800000|  0%| F|  |TAMS 0x0000000715600000, 0x0000000715600000| Untracked 
| 172|0x0000000715800000, 0x00000007159e9a78, 0x0000000715a00000| 96%| E|  |TAMS 0x0000000715800000, 0x0000000715800000| Complete 
| 173|0x0000000715a00000, 0x0000000715c00000, 0x0000000715c00000|100%| E|CS|TAMS 0x0000000715a00000, 0x0000000715a00000| Complete 
| 174|0x0000000715c00000, 0x0000000715e00000, 0x0000000715e00000|100%| E|CS|TAMS 0x0000000715c00000, 0x0000000715c00000| Complete 
| 175|0x0000000715e00000, 0x0000000716000000, 0x0000000716000000|100%| E|CS|TAMS 0x0000000715e00000, 0x0000000715e00000| Complete 
| 176|0x0000000716000000, 0x0000000716200000, 0x0000000716200000|100%| E|CS|TAMS 0x0000000716000000, 0x0000000716000000| Complete 
| 177|0x0000000716200000, 0x0000000716400000, 0x0000000716400000|100%| E|CS|TAMS 0x0000000716200000, 0x0000000716200000| Complete 
| 178|0x0000000716400000, 0x0000000716600000, 0x0000000716600000|100%| E|CS|TAMS 0x0000000716400000, 0x0000000716400000| Complete 

Card table byte_map: [0x000001a4d8960000,0x000001a4d9160000] _byte_map_base: 0x000001a4d5160000

Marking Bits (Prev, Next): (CMBitMap*) 0x000001a4c3af5b30, (CMBitMap*) 0x000001a4c3af5af0
 Prev Bits: [0x000001a4dd960000, 0x000001a4e1960000)
 Next Bits: [0x000001a4d9960000, 0x000001a4dd960000)

Polling page: 0x000001a4c3040000

Metaspace:

Usage:
  Non-class:     96.30 MB used.
      Class:     15.54 MB used.
       Both:    111.84 MB used.

Virtual space:
  Non-class space:      104.00 MB reserved,      96.62 MB ( 93%) committed,  13 nodes.
      Class space:        1.00 GB reserved,      15.94 MB (  2%) committed,  1 nodes.
             Both:        1.10 GB reserved,     112.56 MB ( 10%) committed. 

Chunk freelists:
   Non-Class:  3.31 MB
       Class:  110.00 KB
        Both:  3.42 MB

MaxMetaspaceSize: unlimited
CompressedClassSpaceSize: 1.00 GB
Initial GC threshold: 21.00 MB
Current GC threshold: 184.38 MB
CDS: off
MetaspaceReclaimPolicy: balanced
 - commit_granule_bytes: 65536.
 - commit_granule_words: 8192.
 - virtual_space_node_default_size: 1048576.
 - enlarge_chunks_in_place: 1.
 - new_chunks_are_fully_committed: 0.
 - uncommit_free_chunks: 1.
 - use_allocation_guard: 0.
 - handle_deallocations: 1.


Internal statistics:

num_allocs_failed_limit: 9.
num_arena_births: 1186.
num_arena_deaths: 60.
num_vsnodes_births: 14.
num_vsnodes_deaths: 0.
num_space_committed: 1801.
num_space_uncommitted: 0.
num_chunks_returned_to_freelist: 94.
num_chunks_taken_from_freelist: 5516.
num_chunk_merges: 40.
num_chunk_splits: 3706.
num_chunks_enlarged: 2579.
num_purges: 4.
num_inconsistent_stats: 0.

CodeHeap 'non-profiled nmethods': size=120000Kb used=8000Kb max_used=8219Kb free=111999Kb
 bounds [0x000001a4d01d0000, 0x000001a4d09e0000, 0x000001a4d7700000]
CodeHeap 'profiled nmethods': size=120000Kb used=29917Kb max_used=31510Kb free=90082Kb
 bounds [0x000001a4c8700000, 0x000001a4ca5d0000, 0x000001a4cfc30000]
CodeHeap 'non-nmethods': size=5760Kb used=2436Kb max_used=2527Kb free=3324Kb
 bounds [0x000001a4cfc30000, 0x000001a4cfeb0000, 0x000001a4d01d0000]
 total_blobs=15566 nmethods=14614 adapters=862
 compilation: enabled
              stopped_count=0, restarted_count=0
 full_count=0

Compilation events (20 events):
Event: 17.152 Thread 0x000001a4e4c99150 17327       2       com.android.tools.r8.graph.O3$$Lambda$1604/0x0000000800d8cc18::a (9 bytes)
Event: 17.152 Thread 0x000001a4e4c99150 nmethod 17327 0x000001a4ca53fd10 code [0x000001a4ca53fea0, 0x000001a4ca53ffb8]
Event: 17.152 Thread 0x000001a4e4c99150 17328       2       com.android.tools.r8.graph.O3::a (2 bytes)
Event: 17.152 Thread 0x000001a4e4c99150 nmethod 17328 0x000001a4ca540090 code [0x000001a4ca540220, 0x000001a4ca540318]
Event: 17.153 Thread 0x000001a4e4c99150 17329       2       com.android.tools.r8.graph.t0::x (11 bytes)
Event: 17.153 Thread 0x000001a4e4c99150 nmethod 17329 0x000001a4ca540390 code [0x000001a4ca540520, 0x000001a4ca540678]
Event: 17.153 Thread 0x000001a4e4c99150 17330       3       com.android.tools.r8.internal.B::putAll (124 bytes)
Event: 17.154 Thread 0x000001a4e4c99150 nmethod 17330 0x000001a4ca540790 code [0x000001a4ca540a20, 0x000001a4ca541ae8]
Event: 17.154 Thread 0x000001a4e4c99150 17332       2       com.android.tools.r8.graph.v4::j (32 bytes)
Event: 17.154 Thread 0x000001a4e4c99150 nmethod 17332 0x000001a4ca541e90 code [0x000001a4ca542040, 0x000001a4ca5422e8]
Event: 17.155 Thread 0x000001a4e4c99150 17334       2       com.android.tools.r8.graph.v4::f (6 bytes)
Event: 17.155 Thread 0x000001a4e4c99150 nmethod 17334 0x000001a4ca542410 code [0x000001a4ca5425a0, 0x000001a4ca5426b8]
Event: 17.155 Thread 0x000001a4e4c99150 17336       2       com.android.tools.r8.dex.H::<init> (19 bytes)
Event: 17.155 Thread 0x000001a4e4c99150 nmethod 17336 0x000001a4ca542790 code [0x000001a4ca542920, 0x000001a4ca542a38]
Event: 17.155 Thread 0x000001a4e4c99150 17337       2       com.android.tools.r8.dex.H::a (41 bytes)
Event: 17.156 Thread 0x000001a4e4c99150 nmethod 17337 0x000001a4ca542b10 code [0x000001a4ca542d20, 0x000001a4ca543038]
Event: 17.156 Thread 0x000001a4e4c99150 17335       2       com.android.tools.r8.graph.v4::g (6 bytes)
Event: 17.156 Thread 0x000001a4e4c99150 nmethod 17335 0x000001a4ca543310 code [0x000001a4ca5434a0, 0x000001a4ca5435b8]
Event: 17.165 Thread 0x000001a4e4c99150 17339       2       org.gradle.api.internal.artifacts.transform.ImmutableTransformationWorkspaceServices::getWorkspaceProvider (5 bytes)
Event: 17.165 Thread 0x000001a4e4c99150 nmethod 17339 0x000001a4ca543690 code [0x000001a4ca543820, 0x000001a4ca543938]

GC Heap History (20 events):
Event: 13.201 GC heap before
{Heap before GC invocations=42 (full 0):
 garbage-first heap   total 167936K, used 132705K [0x0000000700000000, 0x0000000800000000)
  region size 2048K, 23 young (47104K), 3 survivors (6144K)
 Metaspace       used 99604K, committed 100288K, reserved 1138688K
  class space    used 13681K, committed 14016K, reserved 1048576K
}
Event: 13.209 GC heap after
{Heap after GC invocations=43 (full 0):
 garbage-first heap   total 253952K, used 97867K [0x0000000700000000, 0x0000000800000000)
  region size 2048K, 3 young (6144K), 3 survivors (6144K)
 Metaspace       used 99604K, committed 100288K, reserved 1138688K
  class space    used 13681K, committed 14016K, reserved 1048576K
}
Event: 13.613 GC heap before
{Heap before GC invocations=44 (full 0):
 garbage-first heap   total 253952K, used 196171K [0x0000000700000000, 0x0000000800000000)
  region size 2048K, 51 young (104448K), 3 survivors (6144K)
 Metaspace       used 103240K, committed 103872K, reserved 1138688K
  class space    used 14269K, committed 14592K, reserved 1048576K
}
Event: 13.628 GC heap after
{Heap after GC invocations=45 (full 0):
 garbage-first heap   total 253952K, used 109524K [0x0000000700000000, 0x0000000800000000)
  region size 2048K, 7 young (14336K), 7 survivors (14336K)
 Metaspace       used 103240K, committed 103872K, reserved 1138688K
  class space    used 14269K, committed 14592K, reserved 1048576K
}
Event: 13.817 GC heap before
{Heap before GC invocations=45 (full 0):
 garbage-first heap   total 253952K, used 191444K [0x0000000700000000, 0x0000000800000000)
  region size 2048K, 46 young (94208K), 7 survivors (14336K)
 Metaspace       used 105455K, committed 106176K, reserved 1146880K
  class space    used 14693K, committed 15040K, reserved 1048576K
}
Event: 13.830 GC heap after
{Heap after GC invocations=46 (full 0):
 garbage-first heap   total 253952K, used 116901K [0x0000000700000000, 0x0000000800000000)
  region size 2048K, 5 young (10240K), 5 survivors (10240K)
 Metaspace       used 105455K, committed 106176K, reserved 1146880K
  class space    used 14693K, committed 15040K, reserved 1048576K
}
Event: 14.169 GC heap before
{Heap before GC invocations=46 (full 0):
 garbage-first heap   total 253952K, used 194725K [0x0000000700000000, 0x0000000800000000)
  region size 2048K, 43 young (88064K), 5 survivors (10240K)
 Metaspace       used 109461K, committed 110208K, reserved 1146880K
  class space    used 15416K, committed 15744K, reserved 1048576K
}
Event: 14.181 GC heap after
{Heap after GC invocations=47 (full 0):
 garbage-first heap   total 253952K, used 125133K [0x0000000700000000, 0x0000000800000000)
  region size 2048K, 5 young (10240K), 5 survivors (10240K)
 Metaspace       used 109461K, committed 110208K, reserved 1146880K
  class space    used 15416K, committed 15744K, reserved 1048576K
}
Event: 14.620 GC heap before
{Heap before GC invocations=47 (full 0):
 garbage-first heap   total 253952K, used 196813K [0x0000000700000000, 0x0000000800000000)
  region size 2048K, 41 young (83968K), 5 survivors (10240K)
 Metaspace       used 112267K, committed 113024K, reserved 1146880K
  class space    used 15800K, committed 16192K, reserved 1048576K
}
Event: 14.628 GC heap after
{Heap after GC invocations=48 (full 0):
 garbage-first heap   total 253952K, used 126161K [0x0000000700000000, 0x0000000800000000)
  region size 2048K, 1 young (2048K), 1 survivors (2048K)
 Metaspace       used 112267K, committed 113024K, reserved 1146880K
  class space    used 15800K, committed 16192K, reserved 1048576K
}
Event: 15.204 GC heap before
{Heap before GC invocations=49 (full 0):
 garbage-first heap   total 253952K, used 206033K [0x0000000700000000, 0x0000000800000000)
  region size 2048K, 40 young (81920K), 1 survivors (2048K)
 Metaspace       used 112612K, committed 113408K, reserved 1146880K
  class space    used 15806K, committed 16192K, reserved 1048576K
}
Event: 15.209 GC heap after
{Heap after GC invocations=50 (full 0):
 garbage-first heap   total 253952K, used 126991K [0x0000000700000000, 0x0000000800000000)
  region size 2048K, 2 young (4096K), 2 survivors (4096K)
 Metaspace       used 112612K, committed 113408K, reserved 1146880K
  class space    used 15806K, committed 16192K, reserved 1048576K
}
Event: 15.233 GC heap before
{Heap before GC invocations=50 (full 0):
 garbage-first heap   total 253952K, used 133135K [0x0000000700000000, 0x0000000800000000)
  region size 2048K, 6 young (12288K), 2 survivors (4096K)
 Metaspace       used 112627K, committed 113408K, reserved 1146880K
  class space    used 15806K, committed 16192K, reserved 1048576K
}
Event: 15.238 GC heap after
{Heap after GC invocations=51 (full 0):
 garbage-first heap   total 366592K, used 126967K [0x0000000700000000, 0x0000000800000000)
  region size 2048K, 1 young (2048K), 1 survivors (2048K)
 Metaspace       used 112627K, committed 113408K, reserved 1146880K
  class space    used 15806K, committed 16192K, reserved 1048576K
}
Event: 15.721 GC heap before
{Heap before GC invocations=51 (full 0):
 garbage-first heap   total 366592K, used 294903K [0x0000000700000000, 0x0000000800000000)
  region size 2048K, 83 young (169984K), 1 survivors (2048K)
 Metaspace       used 113182K, committed 113984K, reserved 1146880K
  class space    used 15848K, committed 16256K, reserved 1048576K
}
Event: 15.725 GC heap after
{Heap after GC invocations=52 (full 0):
 garbage-first heap   total 366592K, used 128058K [0x0000000700000000, 0x0000000800000000)
  region size 2048K, 2 young (4096K), 2 survivors (4096K)
 Metaspace       used 113182K, committed 113984K, reserved 1146880K
  class space    used 15848K, committed 16256K, reserved 1048576K
}
Event: 16.382 GC heap before
{Heap before GC invocations=52 (full 0):
 garbage-first heap   total 366592K, used 304186K [0x0000000700000000, 0x0000000800000000)
  region size 2048K, 88 young (180224K), 2 survivors (4096K)
 Metaspace       used 113855K, committed 114624K, reserved 1155072K
  class space    used 15867K, committed 16256K, reserved 1048576K
}
Event: 16.387 GC heap after
{Heap after GC invocations=53 (full 0):
 garbage-first heap   total 366592K, used 129054K [0x0000000700000000, 0x0000000800000000)
  region size 2048K, 2 young (4096K), 2 survivors (4096K)
 Metaspace       used 113855K, committed 114624K, reserved 1155072K
  class space    used 15867K, committed 16256K, reserved 1048576K
}
Event: 16.884 GC heap before
{Heap before GC invocations=53 (full 0):
 garbage-first heap   total 366592K, used 309278K [0x0000000700000000, 0x0000000800000000)
  region size 2048K, 90 young (184320K), 2 survivors (4096K)
 Metaspace       used 114181K, committed 114880K, reserved 1155072K
  class space    used 15886K, committed 16256K, reserved 1048576K
}
Event: 16.888 GC heap after
{Heap after GC invocations=54 (full 0):
 garbage-first heap   total 366592K, used 128343K [0x0000000700000000, 0x0000000800000000)
  region size 2048K, 2 young (4096K), 2 survivors (4096K)
 Metaspace       used 114181K, committed 114880K, reserved 1155072K
  class space    used 15886K, committed 16256K, reserved 1048576K
}

Dll operation events (2 events):
Event: 0.011 Loaded shared library C:\Program Files\Android\Android Studio\jbr\bin\java.dll
Event: 0.351 Loaded shared library C:\Program Files\Android\Android Studio\jbr\bin\verify.dll

Deoptimization events (20 events):
Event: 17.104 Thread 0x000001a4ea467420 DEOPT PACKING pc=0x000001a4d088a490 sp=0x000000798f1fa5e0
Event: 17.104 Thread 0x000001a4ea467420 DEOPT UNPACKING pc=0x000001a4cfc8a1a3 sp=0x000000798f1fa578 mode 2
Event: 17.104 Thread 0x000001a4ea467420 Uncommon trap: trap_request=0xffffffc6 fr.pc=0x000001a4d060f320 relative=0x00000000000002e0
Event: 17.104 Thread 0x000001a4ea467420 Uncommon trap: reason=bimorphic_or_optimized_type_check action=maybe_recompile pc=0x000001a4d060f320 method=com.android.tools.r8.utils.structural.b.a(Ljava/util/function/Predicate;Ljava/util/function/Function;Lcom/android/tools/r8/utils/structural/v;Lcom/
Event: 17.104 Thread 0x000001a4ea467420 DEOPT PACKING pc=0x000001a4d060f320 sp=0x000000798f1fa540
Event: 17.104 Thread 0x000001a4ea467420 DEOPT UNPACKING pc=0x000001a4cfc8a1a3 sp=0x000000798f1fa4f8 mode 2
Event: 17.104 Thread 0x000001a4ea467420 Uncommon trap: trap_request=0xffffffde fr.pc=0x000001a4d08d1138 relative=0x0000000000000098
Event: 17.104 Thread 0x000001a4ea467420 Uncommon trap: reason=class_check action=maybe_recompile pc=0x000001a4d08d1138 method=com.android.tools.r8.utils.structural.f.a(Lcom/android/tools/r8/graph/v2;Lcom/android/tools/r8/graph/v2;)I @ 12 c2
Event: 17.104 Thread 0x000001a4ea467420 DEOPT PACKING pc=0x000001a4d08d1138 sp=0x000000798f1fa330
Event: 17.104 Thread 0x000001a4ea467420 DEOPT UNPACKING pc=0x000001a4cfc8a1a3 sp=0x000000798f1fa2c0 mode 2
Event: 17.104 Thread 0x000001a4ea467420 Uncommon trap: trap_request=0xffffffc6 fr.pc=0x000001a4d088a490 relative=0x00000000000001d0
Event: 17.104 Thread 0x000001a4ea467420 Uncommon trap: reason=bimorphic_or_optimized_type_check action=maybe_recompile pc=0x000001a4d088a490 method=com.android.tools.r8.utils.structural.b.b(Ljava/util/function/Predicate;)Lcom/android/tools/r8/utils/structural/z; @ 18 c2
Event: 17.104 Thread 0x000001a4ea467420 DEOPT PACKING pc=0x000001a4d088a490 sp=0x000000798f1fa5e0
Event: 17.104 Thread 0x000001a4ea467420 DEOPT UNPACKING pc=0x000001a4cfc8a1a3 sp=0x000000798f1fa578 mode 2
Event: 17.104 Thread 0x000001a4ea467420 Uncommon trap: trap_request=0xffffffc6 fr.pc=0x000001a4d060f320 relative=0x00000000000002e0
Event: 17.104 Thread 0x000001a4ea467420 Uncommon trap: reason=bimorphic_or_optimized_type_check action=maybe_recompile pc=0x000001a4d060f320 method=com.android.tools.r8.utils.structural.b.a(Ljava/util/function/Predicate;Ljava/util/function/Function;Lcom/android/tools/r8/utils/structural/v;Lcom/
Event: 17.104 Thread 0x000001a4ea467420 DEOPT PACKING pc=0x000001a4d060f320 sp=0x000000798f1fa540
Event: 17.104 Thread 0x000001a4ea467420 DEOPT UNPACKING pc=0x000001a4cfc8a1a3 sp=0x000000798f1fa4f8 mode 2
Event: 17.118 Thread 0x000001a4e60fc220 DEOPT PACKING pc=0x000001a4ca455ce1 sp=0x000000798c8fe2e0
Event: 17.118 Thread 0x000001a4e60fc220 DEOPT UNPACKING pc=0x000001a4cfc8ace3 sp=0x000000798c8fd798 mode 0

Classes unloaded (20 events):
Event: 14.824 Thread 0x000001a4e4195300 Unloading class 0x0000000800e3d000 'java/lang/invoke/LambdaForm$DMH+0x0000000800e3d000'
Event: 14.824 Thread 0x000001a4e4195300 Unloading class 0x0000000800e3cc00 'java/lang/invoke/LambdaForm$DMH+0x0000000800e3cc00'
Event: 14.824 Thread 0x000001a4e4195300 Unloading class 0x0000000800e3c400 'java/lang/invoke/LambdaForm$DMH+0x0000000800e3c400'
Event: 14.824 Thread 0x000001a4e4195300 Unloading class 0x0000000800e3c000 'java/lang/invoke/LambdaForm$DMH+0x0000000800e3c000'
Event: 14.824 Thread 0x000001a4e4195300 Unloading class 0x0000000800dd8000 'java/lang/invoke/LambdaForm$DMH+0x0000000800dd8000'
Event: 14.824 Thread 0x000001a4e4195300 Unloading class 0x0000000800dd5c00 'java/lang/invoke/LambdaForm$DMH+0x0000000800dd5c00'
Event: 14.824 Thread 0x000001a4e4195300 Unloading class 0x0000000800dd5400 'java/lang/invoke/LambdaForm$DMH+0x0000000800dd5400'
Event: 14.824 Thread 0x000001a4e4195300 Unloading class 0x0000000800dd4c00 'java/lang/invoke/LambdaForm$DMH+0x0000000800dd4c00'
Event: 14.824 Thread 0x000001a4e4195300 Unloading class 0x0000000800dd5000 'java/lang/invoke/LambdaForm$DMH+0x0000000800dd5000'
Event: 14.824 Thread 0x000001a4e4195300 Unloading class 0x0000000800dd4400 'java/lang/invoke/LambdaForm$DMH+0x0000000800dd4400'
Event: 14.824 Thread 0x000001a4e4195300 Unloading class 0x0000000800dd4800 'java/lang/invoke/LambdaForm$DMH+0x0000000800dd4800'
Event: 14.824 Thread 0x000001a4e4195300 Unloading class 0x0000000800d91400 'java/lang/invoke/LambdaForm$DMH+0x0000000800d91400'
Event: 14.824 Thread 0x000001a4e4195300 Unloading class 0x0000000800d91000 'java/lang/invoke/LambdaForm$DMH+0x0000000800d91000'
Event: 14.824 Thread 0x000001a4e4195300 Unloading class 0x0000000800d90c00 'java/lang/invoke/LambdaForm$DMH+0x0000000800d90c00'
Event: 14.824 Thread 0x000001a4e4195300 Unloading class 0x0000000800d90400 'java/lang/invoke/LambdaForm$DMH+0x0000000800d90400'
Event: 14.824 Thread 0x000001a4e4195300 Unloading class 0x0000000800d90800 'java/lang/invoke/LambdaForm$DMH+0x0000000800d90800'
Event: 14.824 Thread 0x000001a4e4195300 Unloading class 0x0000000800d7cc00 'java/lang/invoke/LambdaForm$DMH+0x0000000800d7cc00'
Event: 14.824 Thread 0x000001a4e4195300 Unloading class 0x0000000800d7d000 'java/lang/invoke/LambdaForm$DMH+0x0000000800d7d000'
Event: 14.824 Thread 0x000001a4e4195300 Unloading class 0x0000000800d7c800 'java/lang/invoke/LambdaForm$DMH+0x0000000800d7c800'
Event: 14.824 Thread 0x000001a4e4195300 Unloading class 0x0000000800d7c400 'java/lang/invoke/LambdaForm$DMH+0x0000000800d7c400'

Classes redefined (0 events):
No events

Internal exceptions (20 events):
Event: 16.513 Thread 0x000001a4ee9eaae0 Exception <a 'sun/nio/fs/WindowsException'{0x0000000713eb3cd8}> (0x0000000713eb3cd8) 
thrown [s\src\hotspot\share\prims\jni.cpp, line 517]
Event: 16.536 Thread 0x000001a4ee9eaae0 Exception <a 'sun/nio/fs/WindowsException'{0x00000007131b9960}> (0x00000007131b9960) 
thrown [s\src\hotspot\share\prims\jni.cpp, line 517]
Event: 16.599 Thread 0x000001a4ee9eaae0 Exception <a 'sun/nio/fs/WindowsException'{0x0000000711eeb6c0}> (0x0000000711eeb6c0) 
thrown [s\src\hotspot\share\prims\jni.cpp, line 517]
Event: 16.612 Thread 0x000001a4ea462bf0 Exception <a 'sun/nio/fs/WindowsException'{0x0000000711860220}> (0x0000000711860220) 
thrown [s\src\hotspot\share\prims\jni.cpp, line 517]
Event: 16.681 Thread 0x000001a4ee9eaae0 Exception <a 'sun/nio/fs/WindowsException'{0x000000070eebc248}> (0x000000070eebc248) 
thrown [s\src\hotspot\share\prims\jni.cpp, line 517]
Event: 16.761 Thread 0x000001a4ea467420 Exception <a 'sun/nio/fs/WindowsException'{0x000000070d5dcdf0}> (0x000000070d5dcdf0) 
thrown [s\src\hotspot\share\prims\jni.cpp, line 517]
Event: 16.794 Thread 0x000001a4ea462bf0 Exception <a 'sun/nio/fs/WindowsException'{0x000000070c7661d0}> (0x000000070c7661d0) 
thrown [s\src\hotspot\share\prims\jni.cpp, line 517]
Event: 16.821 Thread 0x000001a4ee9eaae0 Exception <a 'sun/nio/fs/WindowsException'{0x000000070c22f3c0}> (0x000000070c22f3c0) 
thrown [s\src\hotspot\share\prims\jni.cpp, line 517]
Event: 16.939 Thread 0x000001a4ea467420 Exception <a 'sun/nio/fs/WindowsException'{0x00000007162f79b8}> (0x00000007162f79b8) 
thrown [s\src\hotspot\share\prims\jni.cpp, line 517]
Event: 16.954 Thread 0x000001a4ec5f2ca0 Exception <a 'sun/nio/fs/WindowsException'{0x000000071563bce0}> (0x000000071563bce0) 
thrown [s\src\hotspot\share\prims\jni.cpp, line 517]
Event: 16.979 Thread 0x000001a4ee9eaae0 Exception <a 'sun/nio/fs/WindowsException'{0x00000007144f34d8}> (0x00000007144f34d8) 
thrown [s\src\hotspot\share\prims\jni.cpp, line 517]
Event: 16.997 Thread 0x000001a4ec5f2ca0 Exception <a 'sun/nio/fs/WindowsException'{0x0000000713b93728}> (0x0000000713b93728) 
thrown [s\src\hotspot\share\prims\jni.cpp, line 517]
Event: 17.010 Thread 0x000001a4ec5ef7b0 Exception <a 'sun/nio/fs/WindowsException'{0x00000007134afeb8}> (0x00000007134afeb8) 
thrown [s\src\hotspot\share\prims\jni.cpp, line 517]
Event: 17.031 Thread 0x000001a4ec5ef7b0 Exception <a 'sun/nio/fs/WindowsException'{0x0000000712d00d88}> (0x0000000712d00d88) 
thrown [s\src\hotspot\share\prims\jni.cpp, line 517]
Event: 17.091 Thread 0x000001a4ea467420 Exception <a 'java/lang/NoSuchMethodError'{0x00000007116c1ac8}: 'java.lang.Object java.lang.invoke.DirectMethodHandle$Holder.newInvokeSpecial(java.lang.Object, int, java.lang.Object, java.lang.Object)'> (0x00000007116c1ac8) 
thrown [s\src\hotspot\share\interpreter\linkResolver.cpp, line 771]
Event: 17.092 Thread 0x000001a4ea467420 Exception <a 'java/lang/NoSuchMethodError'{0x00000007116c6108}: 'java.lang.Object java.lang.invoke.DirectMethodHandle$Holder.invokeSpecial(java.lang.Object, java.lang.Object, int, java.lang.Object, java.lang.Object)'> (0x00000007116c6108) 
thrown [s\src\hotspot\share\interpreter\linkResolver.cpp, line 771]
Event: 17.117 Thread 0x000001a4ea467420 Exception <a 'sun/nio/fs/WindowsException'{0x0000000710a0f570}> (0x0000000710a0f570) 
thrown [s\src\hotspot\share\prims\jni.cpp, line 517]
Event: 17.135 Thread 0x000001a4ea468760 Exception <a 'sun/nio/fs/WindowsException'{0x00000007105c82e0}> (0x00000007105c82e0) 
thrown [s\src\hotspot\share\prims\jni.cpp, line 517]
Event: 17.156 Thread 0x000001a4ea468760 Exception <a 'sun/nio/fs/WindowsException'{0x000000070f4c0208}> (0x000000070f4c0208) 
thrown [s\src\hotspot\share\prims\jni.cpp, line 517]
Event: 17.159 Thread 0x000001a4ec5f2ca0 Exception <a 'java/lang/OutOfMemoryError'{0x000000070f2261f8}> (0x000000070f2261f8) 
thrown [s\src\hotspot\share\prims\jni.cpp, line 536]

VM Operations (20 events):
Event: 15.583 Executing VM operation: ICBufferFull
Event: 15.583 Executing VM operation: ICBufferFull done
Event: 15.720 Executing VM operation: G1CollectForAllocation
Event: 15.728 Executing VM operation: G1CollectForAllocation done
Event: 15.896 Executing VM operation: ICBufferFull
Event: 15.905 Executing VM operation: ICBufferFull done
Event: 15.905 Executing VM operation: ICBufferFull
Event: 15.906 Executing VM operation: ICBufferFull done
Event: 16.038 Executing VM operation: ICBufferFull
Event: 16.039 Executing VM operation: ICBufferFull done
Event: 16.198 Executing VM operation: ICBufferFull
Event: 16.198 Executing VM operation: ICBufferFull done
Event: 16.382 Executing VM operation: G1CollectForAllocation
Event: 16.394 Executing VM operation: G1CollectForAllocation done
Event: 16.609 Executing VM operation: ICBufferFull
Event: 16.618 Executing VM operation: ICBufferFull done
Event: 16.884 Executing VM operation: G1CollectForAllocation
Event: 16.888 Executing VM operation: G1CollectForAllocation done
Event: 17.164 Executing VM operation: ICBufferFull
Event: 17.164 Executing VM operation: ICBufferFull done

Events (20 events):
Event: 14.063 Thread 0x000001a4e4c9ba60 flushing nmethod 0x000001a4c9b2ef90
Event: 14.063 Thread 0x000001a4e4c9ba60 flushing nmethod 0x000001a4c9b3e510
Event: 14.239 loading class java/util/stream/SortedOps$SizedRefSortingSink
Event: 14.239 loading class java/util/stream/SortedOps$SizedRefSortingSink done
Event: 14.295 loading class java/util/IdentityHashMap$EntrySet
Event: 14.306 loading class java/util/IdentityHashMap$EntrySet done
Event: 14.389 loading class java/nio/ShortBuffer
Event: 14.390 loading class java/nio/ShortBuffer done
Event: 14.429 loading class java/nio/ByteBufferAsShortBufferL
Event: 14.429 loading class java/nio/ByteBufferAsShortBufferL done
Event: 14.472 loading class java/util/zip/Adler32
Event: 14.472 loading class java/util/zip/Adler32 done
Event: 15.531 Thread 0x000001a4e4c9ba60 flushing nmethod 0x000001a4c8d86610
Event: 15.538 Thread 0x000001a4e4c9ba60 flushing nmethod 0x000001a4c9166a10
Event: 15.545 Thread 0x000001a4e4c9ba60 flushing nmethod 0x000001a4c967cc10
Event: 15.551 Thread 0x000001a4e4c9ba60 flushing nmethod 0x000001a4c9b0fb90
Event: 15.551 Thread 0x000001a4e4c9ba60 flushing nmethod 0x000001a4c9b44490
Event: 15.552 Thread 0x000001a4e4c9ba60 flushing nmethod 0x000001a4c9b5b590
Event: 17.159 loading class java/util/zip/DataFormatException
Event: 17.159 loading class java/util/zip/DataFormatException done


Dynamic libraries:
0x00007ff7898c0000 - 0x00007ff7898ca000 	C:\Program Files\Android\Android Studio\jbr\bin\java.exe
0x00007ffbbb4f0000 - 0x00007ffbbb6e7000 	C:\Windows\SYSTEM32\ntdll.dll
0x00007ffbb98d0000 - 0x00007ffbb998d000 	C:\Windows\System32\KERNEL32.DLL
0x00007ffbb8e70000 - 0x00007ffbb9166000 	C:\Windows\System32\KERNELBASE.dll
0x00007ffb62250000 - 0x00007ffb6231f000 	C:\Program Files\Bitdefender\Endpoint Security\bdhkm\dlls_266284632867764060\bdhkm64.dll
0x00007ffb620f0000 - 0x00007ffb62249000 	C:\Program Files\Bitdefender\Endpoint Security\atcuf\dlls_266780727744443306\atcuf64.dll
0x00007ffbb9200000 - 0x00007ffbb9300000 	C:\Windows\System32\ucrtbase.dll
0x00007ffb99e70000 - 0x00007ffb99e87000 	C:\Program Files\Android\Android Studio\jbr\bin\jli.dll
0x00007ffbba610000 - 0x00007ffbba7ae000 	C:\Windows\System32\USER32.dll
0x00007ffbb9350000 - 0x00007ffbb9372000 	C:\Windows\System32\win32u.dll
0x00007ffbb97f0000 - 0x00007ffbb981c000 	C:\Windows\System32\GDI32.dll
0x00007ffbb8d50000 - 0x00007ffbb8e6a000 	C:\Windows\System32\gdi32full.dll
0x00007ffbb8c80000 - 0x00007ffbb8d1d000 	C:\Windows\System32\msvcp_win.dll
0x00007ffbae130000 - 0x00007ffbae14b000 	C:\Program Files\Android\Android Studio\jbr\bin\VCRUNTIME140.dll
0x00007ffbabb70000 - 0x00007ffbabe0a000 	C:\Windows\WinSxS\amd64_microsoft.windows.common-controls_6595b64144ccf1df_6.0.19041.3570_none_60bb2a3971f3e41a\COMCTL32.dll
0x00007ffbb9550000 - 0x00007ffbb95ee000 	C:\Windows\System32\msvcrt.dll
0x00007ffbb9c60000 - 0x00007ffbb9c90000 	C:\Windows\System32\IMM32.DLL
0x00007ffbb3cd0000 - 0x00007ffbb3cdc000 	C:\Program Files\Android\Android Studio\jbr\bin\vcruntime140_1.dll
0x00007ffb84d90000 - 0x00007ffb84e1d000 	C:\Program Files\Android\Android Studio\jbr\bin\msvcp140.dll
0x00007ffb70900000 - 0x00007ffb7156e000 	C:\Program Files\Android\Android Studio\jbr\bin\server\jvm.dll
0x00007ffbbaf00000 - 0x00007ffbbafae000 	C:\Windows\System32\ADVAPI32.dll
0x00007ffbb96a0000 - 0x00007ffbb973c000 	C:\Windows\System32\sechost.dll
0x00007ffbb9ad0000 - 0x00007ffbb9bf6000 	C:\Windows\System32\RPCRT4.dll
0x00007ffbadfd0000 - 0x00007ffbadfd9000 	C:\Windows\SYSTEM32\WSOCK32.dll
0x00007ffbb9a60000 - 0x00007ffbb9acb000 	C:\Windows\System32\WS2_32.dll
0x00007ffbaceb0000 - 0x00007ffbaced7000 	C:\Windows\SYSTEM32\WINMM.dll
0x00007ffbb21b0000 - 0x00007ffbb21ba000 	C:\Windows\SYSTEM32\VERSION.dll
0x00007ffbb73c0000 - 0x00007ffbb73d2000 	C:\Windows\SYSTEM32\kernel.appcore.dll
0x00007ffbb3540000 - 0x00007ffbb354a000 	C:\Program Files\Android\Android Studio\jbr\bin\jimage.dll
0x00007ffbb6710000 - 0x00007ffbb68f4000 	C:\Windows\SYSTEM32\DBGHELP.DLL
0x00007ffbb1070000 - 0x00007ffbb10a4000 	C:\Windows\SYSTEM32\dbgcore.DLL
0x00007ffbb9170000 - 0x00007ffbb91f2000 	C:\Windows\System32\bcryptPrimitives.dll
0x00007ffb99ea0000 - 0x00007ffb99ec5000 	C:\Program Files\Android\Android Studio\jbr\bin\java.dll
0x00007ffb9dac0000 - 0x00007ffb9dad8000 	C:\Program Files\Android\Android Studio\jbr\bin\zip.dll
0x00007ffbba7b0000 - 0x00007ffbbaef4000 	C:\Windows\System32\SHELL32.dll
0x00007ffbb6c10000 - 0x00007ffbb73ab000 	C:\Windows\SYSTEM32\windows.storage.dll
0x00007ffbbb150000 - 0x00007ffbbb4a4000 	C:\Windows\System32\combase.dll
0x00007ffbb8530000 - 0x00007ffbb855d000 	C:\Windows\SYSTEM32\Wldp.dll
0x00007ffbb9820000 - 0x00007ffbb98cd000 	C:\Windows\System32\SHCORE.dll
0x00007ffbb9c90000 - 0x00007ffbb9ce5000 	C:\Windows\System32\shlwapi.dll
0x00007ffbb8b00000 - 0x00007ffbb8b25000 	C:\Windows\SYSTEM32\profapi.dll
0x00007ffb9d930000 - 0x00007ffb9d949000 	C:\Program Files\Android\Android Studio\jbr\bin\net.dll
0x00007ffbb3fb0000 - 0x00007ffbb40ba000 	C:\Windows\SYSTEM32\WINHTTP.dll
0x00007ffbb8310000 - 0x00007ffbb837a000 	C:\Windows\system32\mswsock.dll
0x00007ffb9cb80000 - 0x00007ffb9cb96000 	C:\Program Files\Android\Android Studio\jbr\bin\nio.dll
0x00007ffbafec0000 - 0x00007ffbafed0000 	C:\Program Files\Android\Android Studio\jbr\bin\verify.dll
0x00007ffb9ce90000 - 0x00007ffb9ceb7000 	C:\Users\aluno\.gradle\native\68d5fa5c4cc2d200863cafc0d521ce42e7d3e7ee720ec0a83991735586a16f82\windows-amd64\native-platform.dll
0x00007ffb67220000 - 0x00007ffb67364000 	C:\Users\aluno\.gradle\native\e376f236ea51e6404a007f0833ffe2c6e607c4080706a723a18a27aeea778392\windows-amd64\native-platform-file-events.dll
0x00007ffba0140000 - 0x00007ffba0149000 	C:\Program Files\Android\Android Studio\jbr\bin\management.dll
0x00007ffb9fc30000 - 0x00007ffb9fc3b000 	C:\Program Files\Android\Android Studio\jbr\bin\management_ext.dll
0x00007ffbba600000 - 0x00007ffbba608000 	C:\Windows\System32\PSAPI.DLL
0x00007ffbb8570000 - 0x00007ffbb8588000 	C:\Windows\SYSTEM32\CRYPTSP.dll
0x00007ffbb7bd0000 - 0x00007ffbb7c04000 	C:\Windows\system32\rsaenh.dll
0x00007ffbb8d20000 - 0x00007ffbb8d47000 	C:\Windows\System32\bcrypt.dll
0x00007ffbb8a80000 - 0x00007ffbb8aae000 	C:\Windows\SYSTEM32\USERENV.dll
0x00007ffbb84a0000 - 0x00007ffbb84ac000 	C:\Windows\SYSTEM32\CRYPTBASE.dll
0x00007ffbb7fb0000 - 0x00007ffbb7feb000 	C:\Windows\SYSTEM32\IPHLPAPI.DLL
0x00007ffbbb140000 - 0x00007ffbbb148000 	C:\Windows\System32\NSI.dll
0x00007ffbb2ea0000 - 0x00007ffbb2eb7000 	C:\Windows\SYSTEM32\dhcpcsvc6.DLL
0x00007ffbb2e70000 - 0x00007ffbb2e8d000 	C:\Windows\SYSTEM32\dhcpcsvc.DLL
0x00007ffbb7ff0000 - 0x00007ffbb80ba000 	C:\Windows\SYSTEM32\DNSAPI.dll
0x00007ffb81480000 - 0x00007ffb81487000 	C:\Windows\system32\wshunix.dll

dbghelp: loaded successfully - version: 4.0.5 - missing functions: none
symbol engine: initialized successfully - sym options: 0x614 - pdb path: .;C:\Program Files\Android\Android Studio\jbr\bin;C:\Windows\SYSTEM32;C:\Program Files\Bitdefender\Endpoint Security\bdhkm\dlls_266284632867764060;C:\Program Files\Bitdefender\Endpoint Security\atcuf\dlls_266780727744443306;C:\Windows\WinSxS\amd64_microsoft.windows.common-controls_6595b64144ccf1df_6.0.19041.3570_none_60bb2a3971f3e41a;C:\Program Files\Android\Android Studio\jbr\bin\server;C:\Users\aluno\.gradle\native\68d5fa5c4cc2d200863cafc0d521ce42e7d3e7ee720ec0a83991735586a16f82\windows-amd64;C:\Users\aluno\.gradle\native\e376f236ea51e6404a007f0833ffe2c6e607c4080706a723a18a27aeea778392\windows-amd64

VM Arguments:
jvm_args: --add-opens=java.base/java.util=ALL-UNNAMED --add-opens=java.base/java.lang=ALL-UNNAMED --add-opens=java.base/java.lang.invoke=ALL-UNNAMED --add-opens=java.prefs/java.util.prefs=ALL-UNNAMED --add-opens=java.base/java.nio.charset=ALL-UNNAMED --add-opens=java.base/java.net=ALL-UNNAMED --add-opens=java.base/java.util.concurrent.atomic=ALL-UNNAMED -Xmx4096m -Dfile.encoding=UTF-8 -Duser.country=BR -Duser.language=pt -Duser.variant 
java_command: org.gradle.launcher.daemon.bootstrap.GradleDaemon 8.0
java_class_path (initial): C:\Users\aluno\.gradle\wrapper\dists\gradle-8.0-bin\ca5e32bp14vu59qr306oxotwh\gradle-8.0\lib\gradle-launcher-8.0.jar
Launcher Type: SUN_STANDARD

[Global flags]
     intx CICompilerCount                          = 4                                         {product} {ergonomic}
     uint ConcGCThreads                            = 2                                         {product} {ergonomic}
     uint G1ConcRefinementThreads                  = 8                                         {product} {ergonomic}
   size_t G1HeapRegionSize                         = 2097152                                   {product} {ergonomic}
    uintx GCDrainStackTargetSize                   = 64                                        {product} {ergonomic}
   size_t InitialHeapSize                          = 132120576                                 {product} {ergonomic}
   size_t MarkStackSize                            = 4194304                                   {product} {ergonomic}
   size_t MaxHeapSize                              = 4294967296                                {product} {command line}
   size_t MaxNewSize                               = 2575302656                                {product} {ergonomic}
   size_t MinHeapDeltaBytes                        = 2097152                                   {product} {ergonomic}
   size_t MinHeapSize                              = 8388608                                   {product} {ergonomic}
    uintx NonNMethodCodeHeapSize                   = 5839372                                {pd product} {ergonomic}
    uintx NonProfiledCodeHeapSize                  = 122909434                              {pd product} {ergonomic}
    uintx ProfiledCodeHeapSize                     = 122909434                              {pd product} {ergonomic}
    uintx ReservedCodeCacheSize                    = 251658240                              {pd product} {ergonomic}
     bool SegmentedCodeCache                       = true                                      {product} {ergonomic}
   size_t SoftMaxHeapSize                          = 4294967296                             {manageable} {ergonomic}
     bool UseCompressedClassPointers               = true                           {product lp64_product} {ergonomic}
     bool UseCompressedOops                        = true                           {product lp64_product} {ergonomic}
     bool UseG1GC                                  = true                                      {product} {ergonomic}
     bool UseLargePagesIndividualAllocation        = false                                  {pd product} {ergonomic}

Logging:
Log output configuration:
 #0: stdout all=warning uptime,level,tags
 #1: stderr all=off uptime,level,tags

Environment Variables:
JAVA_HOME=C:\Program Files\Java\jdk-17.0.2
PATH=C:\Program Files (x86)\VMware\VMware Player\bin\;C:\Program Files\Microsoft MPI\Bin\;C:\Python310\Scripts\;C:\Python310\;C:\Program Files\Common Files\Oracle\Java\javapath;C:\Program Files (x86)\Common Files\Oracle\Java\javapath;C:\Windows\system32;C:\Windows;C:\Windows\System32\Wbem;C:\Windows\System32\WindowsPowerShell\v1.0\;C:\Windows\System32\OpenSSH\;C:\Program Files\MATLAB\R2016b\bin;C:\Program Files\Microsoft VS Code\bin;C:\Program Files\nodejs\;C:\ProgramData\chocolatey\bin;C:\ProgramData\UNIVALI\Portugol Studio;C:\Program Files (x86)\Microsoft SQL Server\150\DTS\Binn\;C:\Program Files\Azure Data Studio\bin;C:\Program Files\Microsoft SQL Server\120\Tools\Binn\;C:\Program Files (x86)\Windows Kits\8.1\Windows Performance Toolkit\;C:\Program Files (x86)\Common Files\EpsonRC\exe;C:\Program Files\Common Files\Autodesk Shared\;C:\Program Files (x86)\Microsoft SQL Server\160\Tools\Binn\;C:\Program Files\Microsoft SQL Server\160\Tools\Binn\;C:\Program Files\Microsoft SQL Server\Client SDK\ODBC\170\Tools\Binn\;C:\Program Files\Microsoft SQL Server\160\DTS\Binn\;C:\Program Files (x86)\dotnet\;C:\Program Files (x86)\CODESYS\APInstaller\;C:\Program Files\dotnet\;C:\Program Files\Git\cmd;C:\Program Files\Docker\Docker\resources\bin;C:\Users\aluno\AppData\Local\Microsoft\WindowsApps;C:\Users\aluno\AppData\Local\GitHubDesktop\bin
USERNAME=aluno
OS=Windows_NT
PROCESSOR_IDENTIFIER=Intel64 Family 6 Model 140 Stepping 1, GenuineIntel
TMP=C:\Users\aluno\AppData\Local\Temp
TEMP=C:\Users\aluno\AppData\Local\Temp


JNI global refs:
JNI global refs: 28, weak refs: 96

JNI global refs memory usage: 843, weak refs: 1473


---------------  S Y S T E M  ---------------

OS:
 Windows 10 , 64 bit Build 19041 (10.0.19041.3570)
OS uptime: 0 days 1:48 hours
Hyper-V role detected

CPU: total 8 (initial active 8) (4 cores per cpu, 2 threads per core) family 6 model 140 stepping 1 microcode 0x8a, cx8, cmov, fxsr, ht, mmx, 3dnowpref, sse, sse2, sse3, ssse3, sse4.1, sse4.2, popcnt, lzcnt, tsc, tscinvbit, avx, avx2, aes, erms, clmul, bmi1, bmi2, adx, avx512f, avx512dq, avx512cd, avx512bw, avx512vl, sha, fma, vzeroupper, avx512_vpopcntdq, avx512_vpclmulqdq, avx512_vaes, avx512_vnni, clflush, clflushopt, clwb, avx512_vbmi2, avx512_vbmi, hv

Memory: 4k page, system-wide physical 7991M (480M free)
TotalPageFile size 11991M (AvailPageFile size 49M)
current process WorkingSet (physical memory assigned to process): 672M, peak: 703M
current process commit charge ("private bytes"): 732M, peak: 776M

vm_info: OpenJDK 64-Bit Server VM (17.0.6+0-b2043.56-10027231) for windows-amd64 JRE (17.0.6+0-b2043.56-10027231), built on Apr 28 2023 00:43:19 by "androidbuild" with MS VC++ 16.10 / 16.11 (VS2019)

END.
